============================= test session starts ==============================
platform linux -- Python 3.9.5, pytest-6.2.5, py-1.11.0, pluggy-1.0.0
rootdir: /dc-app-performance-toolkit/app
plugins: apiritif-1.1.2, xdist-2.5.0, forked-1.4.0
collected 20 items

selenium_ui/jsm_ui_agents.py first driver inits
1654165465336,1054,selenium_agent_login:open_login_page,Success,True
node_id:i-01ec0953c89605d85
1654165466792,1455,selenium_agent_login:login_and_view_dashboard,Success,True
1654165466792,2509,selenium_agent_login,Success,True
.test_0_selenium_agent_a_login,Total:1 Passed:1 Failed:0
1654165467229,398,selenium_agent_browse_projects,Success,True
.test_1_selenium_agent_browse_projects,Total:2 Passed:2 Failed:0
1654165468541,1278,selenium_agent_view_customers,Success,True
.test_1_selenium_agent_view_customers,Total:3 Passed:3 Failed:0
1654165470178,1571,selenium_agent_view_request,Success,True
.test_1_selenium_agent_view_request,Total:4 Passed:4 Failed:0
1654165472668,2447,selenium_agent_view_report_workload_medium,Success,True
.test_1_selenium_agent_view_report_workload_medium,Total:5 Passed:5 Failed:0
1654165473480,782,selenium_agent_view_report_created_vs_resolved_medium,Success,True
.test_1_selenium_agent_view_report_created_vs_resolved_medium,Total:6 Passed:6 Failed:0
1654165475266,1762,selenium_agent_view_report_workload_small,Success,True
.test_1_selenium_agent_view_report_workload_small,Total:7 Passed:7 Failed:0
1654165476047,757,selenium_agent_view_report_created_vs_resolved_small,Success,True
.test_1_selenium_agent_view_report_created_vs_resolved_small,Total:8 Passed:8 Failed:0
1654165477462,626,selenium_agent_add_comment:add comment,Success,True
1654165477462,1391,selenium_agent_add_comment,Success,True
.test_1_selenium_agent_add_comment,Total:9 Passed:9 Failed:0
1654165480033,2544,selenium_agent_view_queues_large_project_:all_open_queue,Success,True
1654165480386,352,selenium_agent_view_queues_large_project:random_choice_queue,Success,True
1654165480386,2897,selenium_agent_view_queues_large_project,Success,True
.test_1_selenium_agent_view_queues_medium,Total:10 Passed:10 Failed:0
1654165482381,1970,selenium_agent_view_queues_small_project_:all_open_queue,Success,True
1654165482650,268,selenium_agent_view_queues_small_project:random_choice_queue,Success,True
1654165482650,2238,selenium_agent_view_queues_small_project,Success,True
.test_1_selenium_agent_view_queues_small,Total:11 Passed:11 Failed:0
1654165483933,849,load_aws_project,Success,True
1654165484716,133,select_aws_opsitem_issue_type,Success,True
1654165484785,68,set_aws_opsitem_summary,Success,True
1654165484916,130,set_aws_opsitem_description,Success,True
1654165485504,587,submit_aws_opsitem,Success,True
1654165485504,1570,load_aws_create_issue_modal,Success,True
1654165485505,2436,selenium_aws_opsitem,Success,True
.test_1_selenium_aws_opsitems,Total:12 Passed:12 Failed:0
get driver from global
clear browser cookies
stest_1_selenium_agent_insight_main_page,Total:13 Passed:12 Failed:0
stest_1_selenium_agent_insight_create_new_schema,Total:14 Passed:12 Failed:0
stest_1_selenium_agent_insight_create_new_object,Total:15 Passed:12 Failed:0
stest_1_selenium_agent_insight_delete_new_schema,Total:16 Passed:12 Failed:0
stest_1_selenium_agent_insight_view_queue_with_insight_column,Total:17 Passed:12 Failed:0
stest_1_selenium_agent_insight_search_object_by_iql,Total:18 Passed:12 Failed:0
stest_1_selenium_agent_insight_view_issue_with_objects,Total:19 Passed:12 Failed:0
1654165486106,536,selenium_agent_logout,Success,True
.test_2_selenium_agent_z_logout,Total:20 Passed:13 Failed:0


=============================== warnings summary ===============================
../../root/.bzt/python-packages/3.9.5/_pytest/config/__init__.py:1114
  /root/.bzt/python-packages/3.9.5/_pytest/config/__init__.py:1114: PytestAssertRewriteWarning: Module already imported so cannot be rewritten: apiritif
    self._mark_plugins_for_rewrite(hook)

-- Docs: https://docs.pytest.org/en/stable/warnings.html
================== 13 passed, 7 skipped, 1 warning in 22.62s ===================
============================= test session starts ==============================
platform linux -- Python 3.9.5, pytest-6.2.5, py-1.11.0, pluggy-1.0.0
rootdir: /dc-app-performance-toolkit/app
plugins: apiritif-1.1.2, xdist-2.5.0, forked-1.4.0
collected 20 items

selenium_ui/jsm_ui_agents.py get driver from global
clear browser cookies
1654165486370,190,selenium_agent_login:open_login_page,Success,True
node_id:i-01ec0953c89605d85
1654165487369,999,selenium_agent_login:login_and_view_dashboard,Success,True
1654165487369,1189,selenium_agent_login,Success,True
.test_0_selenium_agent_a_login,Total:21 Passed:14 Failed:0
1654165487715,321,selenium_agent_browse_projects,Success,True
.test_1_selenium_agent_browse_projects,Total:22 Passed:15 Failed:0
1654165488537,796,selenium_agent_view_customers,Success,True
.test_1_selenium_agent_view_customers,Total:23 Passed:16 Failed:0
1654165489285,676,selenium_agent_view_request,Success,True
.test_1_selenium_agent_view_request,Total:24 Passed:17 Failed:0
1654165491761,2449,selenium_agent_view_report_workload_medium,Success,True
.test_1_selenium_agent_view_report_workload_medium,Total:25 Passed:18 Failed:0
1654165492592,804,selenium_agent_view_report_created_vs_resolved_medium,Success,True
.test_1_selenium_agent_view_report_created_vs_resolved_medium,Total:26 Passed:19 Failed:0
1654165494911,2293,selenium_agent_view_report_workload_small,Success,True
.test_1_selenium_agent_view_report_workload_small,Total:27 Passed:20 Failed:0
1654165495706,770,selenium_agent_view_report_created_vs_resolved_small,Success,True
.test_1_selenium_agent_view_report_created_vs_resolved_small,Total:28 Passed:21 Failed:0
1654165497054,608,selenium_agent_add_comment:add comment,Success,True
1654165497054,1324,selenium_agent_add_comment,Success,True
.test_1_selenium_agent_add_comment,Total:29 Passed:22 Failed:0
1654165499065,1986,selenium_agent_view_queues_large_project_:all_open_queue,Success,True
1654165499362,296,selenium_agent_view_queues_large_project:random_choice_queue,Success,True
1654165499363,2283,selenium_agent_view_queues_large_project,Success,True
.test_1_selenium_agent_view_queues_medium,Total:30 Passed:23 Failed:0
1654165501313,1897,selenium_agent_view_queues_small_project_:all_open_queue,Success,True
1654165501698,384,selenium_agent_view_queues_small_project:random_choice_queue,Success,True
1654165501698,2283,selenium_agent_view_queues_small_project,Success,True
.test_1_selenium_agent_view_queues_small,Total:31 Passed:24 Failed:0
1654165503259,856,load_aws_project,Success,True
1654165505136,1195,select_aws_opsitem_issue_type,Success,True
1654165505198,62,set_aws_opsitem_summary,Success,True
1654165505318,119,set_aws_opsitem_description,Success,True
1654165505908,590,submit_aws_opsitem,Success,True
1654165505908,2648,load_aws_create_issue_modal,Success,True
1654165505908,3544,selenium_aws_opsitem,Success,True
.test_1_selenium_aws_opsitems,Total:32 Passed:25 Failed:0
get driver from global
clear browser cookies
stest_1_selenium_agent_insight_main_page,Total:33 Passed:25 Failed:0
stest_1_selenium_agent_insight_create_new_schema,Total:34 Passed:25 Failed:0
stest_1_selenium_agent_insight_create_new_object,Total:35 Passed:25 Failed:0
stest_1_selenium_agent_insight_delete_new_schema,Total:36 Passed:25 Failed:0
stest_1_selenium_agent_insight_view_queue_with_insight_column,Total:37 Passed:25 Failed:0
stest_1_selenium_agent_insight_search_object_by_iql,Total:38 Passed:25 Failed:0
stest_1_selenium_agent_insight_view_issue_with_objects,Total:39 Passed:25 Failed:0
1654165506494,532,selenium_agent_logout,Success,True
.test_2_selenium_agent_z_logout,Total:40 Passed:26 Failed:0


=============================== warnings summary ===============================
../../root/.bzt/python-packages/3.9.5/_pytest/config/__init__.py:1114
  /root/.bzt/python-packages/3.9.5/_pytest/config/__init__.py:1114: PytestAssertRewriteWarning: Module already imported so cannot be rewritten: apiritif
    self._mark_plugins_for_rewrite(hook)

-- Docs: https://docs.pytest.org/en/stable/warnings.html
================== 13 passed, 7 skipped, 1 warning in 20.33s ===================
============================= test session starts ==============================
platform linux -- Python 3.9.5, pytest-6.2.5, py-1.11.0, pluggy-1.0.0
rootdir: /dc-app-performance-toolkit/app
plugins: apiritif-1.1.2, xdist-2.5.0, forked-1.4.0
collected 20 items

selenium_ui/jsm_ui_agents.py get driver from global
clear browser cookies
1654165506753,177,selenium_agent_login:open_login_page,Success,True
node_id:i-01ec0953c89605d85
1654165507478,725,selenium_agent_login:login_and_view_dashboard,Success,True
1654165507478,902,selenium_agent_login,Success,True
.test_0_selenium_agent_a_login,Total:41 Passed:27 Failed:0
1654165507810,305,selenium_agent_browse_projects,Success,True
.test_1_selenium_agent_browse_projects,Total:42 Passed:28 Failed:0
1654165508625,788,selenium_agent_view_customers,Success,True
.test_1_selenium_agent_view_customers,Total:43 Passed:29 Failed:0
1654165509312,658,selenium_agent_view_request,Success,True
.test_1_selenium_agent_view_request,Total:44 Passed:30 Failed:0
1654165510650,1307,selenium_agent_view_report_workload_medium,Success,True
.test_1_selenium_agent_view_report_workload_medium,Total:45 Passed:31 Failed:0
1654165511580,903,selenium_agent_view_report_created_vs_resolved_medium,Success,True
.test_1_selenium_agent_view_report_created_vs_resolved_medium,Total:46 Passed:32 Failed:0
1654165513957,2352,selenium_agent_view_report_workload_small,Success,True
.test_1_selenium_agent_view_report_workload_small,Total:47 Passed:33 Failed:0
1654165514764,779,selenium_agent_view_report_created_vs_resolved_small,Success,True
.test_1_selenium_agent_view_report_created_vs_resolved_small,Total:48 Passed:34 Failed:0
1654165516124,617,selenium_agent_add_comment:add comment,Success,True
1654165516124,1334,selenium_agent_add_comment,Success,True
.test_1_selenium_agent_add_comment,Total:49 Passed:35 Failed:0
1654165517826,1674,selenium_agent_view_queues_large_project_:all_open_queue,Success,True
1654165518183,357,selenium_agent_view_queues_large_project:random_choice_queue,Success,True
1654165518183,2032,selenium_agent_view_queues_large_project,Success,True
.test_1_selenium_agent_view_queues_medium,Total:50 Passed:36 Failed:0
1654165520104,1885,selenium_agent_view_queues_small_project_:all_open_queue,Success,True
1654165520403,298,selenium_agent_view_queues_small_project:random_choice_queue,Success,True
1654165520404,2184,selenium_agent_view_queues_small_project,Success,True
.test_1_selenium_agent_view_queues_small,Total:51 Passed:37 Failed:0
1654165521660,1174,load_aws_project,Success,True
1654165523569,1229,select_aws_opsitem_issue_type,Success,True
1654165523643,73,set_aws_opsitem_summary,Success,True
1654165523764,121,set_aws_opsitem_description,Success,True
1654165524373,608,submit_aws_opsitem,Success,True
1654165524373,2713,load_aws_create_issue_modal,Success,True
1654165524373,3929,selenium_aws_opsitem,Success,True
.test_1_selenium_aws_opsitems,Total:52 Passed:38 Failed:0
get driver from global
clear browser cookies
stest_1_selenium_agent_insight_main_page,Total:53 Passed:38 Failed:0
stest_1_selenium_agent_insight_create_new_schema,Total:54 Passed:38 Failed:0
stest_1_selenium_agent_insight_create_new_object,Total:55 Passed:38 Failed:0
stest_1_selenium_agent_insight_delete_new_schema,Total:56 Passed:38 Failed:0
stest_1_selenium_agent_insight_view_queue_with_insight_column,Total:57 Passed:38 Failed:0
stest_1_selenium_agent_insight_search_object_by_iql,Total:58 Passed:38 Failed:0
stest_1_selenium_agent_insight_view_issue_with_objects,Total:59 Passed:38 Failed:0
1654165524992,558,selenium_agent_logout,Success,True
.test_2_selenium_agent_z_logout,Total:60 Passed:39 Failed:0


=============================== warnings summary ===============================
../../root/.bzt/python-packages/3.9.5/_pytest/config/__init__.py:1114
  /root/.bzt/python-packages/3.9.5/_pytest/config/__init__.py:1114: PytestAssertRewriteWarning: Module already imported so cannot be rewritten: apiritif
    self._mark_plugins_for_rewrite(hook)

-- Docs: https://docs.pytest.org/en/stable/warnings.html
================== 13 passed, 7 skipped, 1 warning in 18.43s ===================
============================= test session starts ==============================
platform linux -- Python 3.9.5, pytest-6.2.5, py-1.11.0, pluggy-1.0.0
rootdir: /dc-app-performance-toolkit/app
plugins: apiritif-1.1.2, xdist-2.5.0, forked-1.4.0
collected 20 items

selenium_ui/jsm_ui_agents.py get driver from global
clear browser cookies
1654165525259,186,selenium_agent_login:open_login_page,Success,True
node_id:i-01ec0953c89605d85
1654165526057,798,selenium_agent_login:login_and_view_dashboard,Success,True
1654165526057,985,selenium_agent_login,Success,True
.test_0_selenium_agent_a_login,Total:61 Passed:40 Failed:0
1654165526389,306,selenium_agent_browse_projects,Success,True
.test_1_selenium_agent_browse_projects,Total:62 Passed:41 Failed:0
1654165527250,836,selenium_agent_view_customers,Success,True
.test_1_selenium_agent_view_customers,Total:63 Passed:42 Failed:0
1654165527891,592,selenium_agent_view_request,Success,True
.test_1_selenium_agent_view_request,Total:64 Passed:43 Failed:0
1654165529205,1285,selenium_agent_view_report_workload_medium,Success,True
.test_1_selenium_agent_view_report_workload_medium,Total:65 Passed:44 Failed:0
1654165530070,789,selenium_agent_view_report_created_vs_resolved_medium,Success,True
.test_1_selenium_agent_view_report_created_vs_resolved_medium,Total:66 Passed:45 Failed:0
1654165532548,2451,selenium_agent_view_report_workload_small,Success,True
.test_1_selenium_agent_view_report_workload_small,Total:67 Passed:46 Failed:0
1654165533383,806,selenium_agent_view_report_created_vs_resolved_small,Success,True
.test_1_selenium_agent_view_report_created_vs_resolved_small,Total:68 Passed:47 Failed:0
1654165534850,729,selenium_agent_add_comment:add comment,Success,True
1654165534850,1441,selenium_agent_add_comment,Success,True
.test_1_selenium_agent_add_comment,Total:69 Passed:48 Failed:0
1654165536599,1713,selenium_agent_view_queues_large_project_:all_open_queue,Success,True
1654165536953,353,selenium_agent_view_queues_large_project:random_choice_queue,Success,True
1654165536953,2067,selenium_agent_view_queues_large_project,Success,True
.test_1_selenium_agent_view_queues_medium,Total:70 Passed:49 Failed:0
1654165538910,1894,selenium_agent_view_queues_small_project_:all_open_queue,Success,True
1654165539251,341,selenium_agent_view_queues_small_project:random_choice_queue,Success,True
1654165539251,2236,selenium_agent_view_queues_small_project,Success,True
.test_1_selenium_agent_view_queues_small,Total:71 Passed:50 Failed:0
1654165540547,1226,load_aws_project,Success,True
1654165542465,1214,select_aws_opsitem_issue_type,Success,True
1654165542527,61,set_aws_opsitem_summary,Success,True
1654165542647,119,set_aws_opsitem_description,Success,True
1654165543273,625,submit_aws_opsitem,Success,True
1654165543273,2726,load_aws_create_issue_modal,Success,True
1654165543273,3967,selenium_aws_opsitem,Success,True
.test_1_selenium_aws_opsitems,Total:72 Passed:51 Failed:0
get driver from global
clear browser cookies
stest_1_selenium_agent_insight_main_page,Total:73 Passed:51 Failed:0
stest_1_selenium_agent_insight_create_new_schema,Total:74 Passed:51 Failed:0
stest_1_selenium_agent_insight_create_new_object,Total:75 Passed:51 Failed:0
stest_1_selenium_agent_insight_delete_new_schema,Total:76 Passed:51 Failed:0
stest_1_selenium_agent_insight_view_queue_with_insight_column,Total:77 Passed:51 Failed:0
stest_1_selenium_agent_insight_search_object_by_iql,Total:78 Passed:51 Failed:0
stest_1_selenium_agent_insight_view_issue_with_objects,Total:79 Passed:51 Failed:0
1654165543891,551,selenium_agent_logout,Success,True
.test_2_selenium_agent_z_logout,Total:80 Passed:52 Failed:0


=============================== warnings summary ===============================
../../root/.bzt/python-packages/3.9.5/_pytest/config/__init__.py:1114
  /root/.bzt/python-packages/3.9.5/_pytest/config/__init__.py:1114: PytestAssertRewriteWarning: Module already imported so cannot be rewritten: apiritif
    self._mark_plugins_for_rewrite(hook)

-- Docs: https://docs.pytest.org/en/stable/warnings.html
================== 13 passed, 7 skipped, 1 warning in 18.84s ===================
============================= test session starts ==============================
platform linux -- Python 3.9.5, pytest-6.2.5, py-1.11.0, pluggy-1.0.0
rootdir: /dc-app-performance-toolkit/app
plugins: apiritif-1.1.2, xdist-2.5.0, forked-1.4.0
collected 20 items

selenium_ui/jsm_ui_agents.py get driver from global
clear browser cookies
1654165544174,187,selenium_agent_login:open_login_page,Success,True
node_id:i-01ec0953c89605d85
1654165544941,767,selenium_agent_login:login_and_view_dashboard,Success,True
1654165544942,955,selenium_agent_login,Success,True
.test_0_selenium_agent_a_login,Total:81 Passed:53 Failed:0
1654165545314,344,selenium_agent_browse_projects,Success,True
.test_1_selenium_agent_browse_projects,Total:82 Passed:54 Failed:0
1654165546174,829,selenium_agent_view_customers,Success,True
.test_1_selenium_agent_view_customers,Total:83 Passed:55 Failed:0
1654165546959,728,selenium_agent_view_request,Success,True
.test_1_selenium_agent_view_request,Total:84 Passed:56 Failed:0
1654165548294,1309,selenium_agent_view_report_workload_medium,Success,True
.test_1_selenium_agent_view_report_workload_medium,Total:85 Passed:57 Failed:0
1654165549223,903,selenium_agent_view_report_created_vs_resolved_medium,Success,True
.test_1_selenium_agent_view_report_created_vs_resolved_medium,Total:86 Passed:58 Failed:0
1654165551055,1804,selenium_agent_view_report_workload_small,Success,True
.test_1_selenium_agent_view_report_workload_small,Total:87 Passed:59 Failed:0
1654165551894,812,selenium_agent_view_report_created_vs_resolved_small,Success,True
.test_1_selenium_agent_view_report_created_vs_resolved_small,Total:88 Passed:60 Failed:0
1654165553172,655,selenium_agent_add_comment:add comment,Success,True
1654165553172,1249,selenium_agent_add_comment,Success,True
.test_1_selenium_agent_add_comment,Total:89 Passed:61 Failed:0
1654165554914,1713,selenium_agent_view_queues_large_project_:all_open_queue,Success,True
1654165555345,430,selenium_agent_view_queues_large_project:random_choice_queue,Success,True
1654165555345,2143,selenium_agent_view_queues_large_project,Success,True
.test_1_selenium_agent_view_queues_medium,Total:90 Passed:62 Failed:0
1654165556975,1596,selenium_agent_view_queues_small_project_:all_open_queue,Success,True
1654165557295,319,selenium_agent_view_queues_small_project:random_choice_queue,Success,True
1654165557295,1916,selenium_agent_view_queues_small_project,Success,True
.test_1_selenium_agent_view_queues_small,Total:91 Passed:63 Failed:0
1654165558777,895,load_aws_project,Success,True
1654165560647,1192,select_aws_opsitem_issue_type,Success,True
1654165560708,61,set_aws_opsitem_summary,Success,True
1654165560832,123,set_aws_opsitem_description,Success,True
1654165561425,592,submit_aws_opsitem,Success,True
1654165561425,2647,load_aws_create_issue_modal,Success,True
1654165561425,3580,selenium_aws_opsitem,Success,True
.test_1_selenium_aws_opsitems,Total:92 Passed:64 Failed:0
get driver from global
clear browser cookies
stest_1_selenium_agent_insight_main_page,Total:93 Passed:64 Failed:0
stest_1_selenium_agent_insight_create_new_schema,Total:94 Passed:64 Failed:0
stest_1_selenium_agent_insight_create_new_object,Total:95 Passed:64 Failed:0
stest_1_selenium_agent_insight_delete_new_schema,Total:96 Passed:64 Failed:0
stest_1_selenium_agent_insight_view_queue_with_insight_column,Total:97 Passed:64 Failed:0
stest_1_selenium_agent_insight_search_object_by_iql,Total:98 Passed:64 Failed:0
stest_1_selenium_agent_insight_view_issue_with_objects,Total:99 Passed:64 Failed:0
1654165562042,537,selenium_agent_logout,Success,True
.test_2_selenium_agent_z_logout,Total:100 Passed:65 Failed:0


=============================== warnings summary ===============================
../../root/.bzt/python-packages/3.9.5/_pytest/config/__init__.py:1114
  /root/.bzt/python-packages/3.9.5/_pytest/config/__init__.py:1114: PytestAssertRewriteWarning: Module already imported so cannot be rewritten: apiritif
    self._mark_plugins_for_rewrite(hook)

-- Docs: https://docs.pytest.org/en/stable/warnings.html
================== 13 passed, 7 skipped, 1 warning in 18.07s ===================
============================= test session starts ==============================
platform linux -- Python 3.9.5, pytest-6.2.5, py-1.11.0, pluggy-1.0.0
rootdir: /dc-app-performance-toolkit/app
plugins: apiritif-1.1.2, xdist-2.5.0, forked-1.4.0
collected 20 items

selenium_ui/jsm_ui_agents.py get driver from global
clear browser cookies
1654165562296,179,selenium_agent_login:open_login_page,Success,True
node_id:i-01ec0953c89605d85
1654165563045,748,selenium_agent_login:login_and_view_dashboard,Success,True
1654165563045,928,selenium_agent_login,Success,True
.test_0_selenium_agent_a_login,Total:101 Passed:66 Failed:0
1654165563395,321,selenium_agent_browse_projects,Success,True
.test_1_selenium_agent_browse_projects,Total:102 Passed:67 Failed:0
1654165564235,814,selenium_agent_view_customers,Success,True
.test_1_selenium_agent_view_customers,Total:103 Passed:68 Failed:0
1654165564926,663,selenium_agent_view_request,Success,True
.test_1_selenium_agent_view_request,Total:104 Passed:69 Failed:0
1654165567531,2580,selenium_agent_view_report_workload_medium,Success,True
.test_1_selenium_agent_view_report_workload_medium,Total:105 Passed:70 Failed:0
1654165568358,774,selenium_agent_view_report_created_vs_resolved_medium,Success,True
.test_1_selenium_agent_view_report_created_vs_resolved_medium,Total:106 Passed:71 Failed:0
1654165570700,2315,selenium_agent_view_report_workload_small,Success,True
.test_1_selenium_agent_view_report_workload_small,Total:107 Passed:72 Failed:0
1654165571484,757,selenium_agent_view_report_created_vs_resolved_small,Success,True
.test_1_selenium_agent_view_report_created_vs_resolved_small,Total:108 Passed:73 Failed:0
1654165572735,547,selenium_agent_add_comment:add comment,Success,True
1654165572735,1226,selenium_agent_add_comment,Success,True
.test_1_selenium_agent_add_comment,Total:109 Passed:74 Failed:0
1654165574752,1989,selenium_agent_view_queues_large_project_:all_open_queue,Success,True
1654165575063,310,selenium_agent_view_queues_large_project:random_choice_queue,Success,True
1654165575063,2300,selenium_agent_view_queues_large_project,Success,True
.test_1_selenium_agent_view_queues_medium,Total:110 Passed:75 Failed:0
1654165577011,1899,selenium_agent_view_queues_small_project_:all_open_queue,Success,True
1654165577392,380,selenium_agent_view_queues_small_project:random_choice_queue,Success,True
1654165577392,2281,selenium_agent_view_queues_small_project,Success,True
.test_1_selenium_agent_view_queues_small,Total:111 Passed:76 Failed:0
1654165578694,1244,load_aws_project,Success,True
1654165579520,125,select_aws_opsitem_issue_type,Success,True
1654165579584,64,set_aws_opsitem_summary,Success,True
1654165579718,133,set_aws_opsitem_description,Success,True
1654165580353,634,submit_aws_opsitem,Success,True
1654165580353,1659,load_aws_create_issue_modal,Success,True
1654165580353,2917,selenium_aws_opsitem,Success,True
.test_1_selenium_aws_opsitems,Total:112 Passed:77 Failed:0
get driver from global
clear browser cookies
stest_1_selenium_agent_insight_main_page,Total:113 Passed:77 Failed:0
stest_1_selenium_agent_insight_create_new_schema,Total:114 Passed:77 Failed:0
stest_1_selenium_agent_insight_create_new_object,Total:115 Passed:77 Failed:0
stest_1_selenium_agent_insight_delete_new_schema,Total:116 Passed:77 Failed:0
stest_1_selenium_agent_insight_view_queue_with_insight_column,Total:117 Passed:77 Failed:0
stest_1_selenium_agent_insight_search_object_by_iql,Total:118 Passed:77 Failed:0
stest_1_selenium_agent_insight_view_issue_with_objects,Total:119 Passed:77 Failed:0
1654165580903,502,selenium_agent_logout,Success,True
.test_2_selenium_agent_z_logout,Total:120 Passed:78 Failed:0


=============================== warnings summary ===============================
../../root/.bzt/python-packages/3.9.5/_pytest/config/__init__.py:1114
  /root/.bzt/python-packages/3.9.5/_pytest/config/__init__.py:1114: PytestAssertRewriteWarning: Module already imported so cannot be rewritten: apiritif
    self._mark_plugins_for_rewrite(hook)

-- Docs: https://docs.pytest.org/en/stable/warnings.html
================== 13 passed, 7 skipped, 1 warning in 18.80s ===================
============================= test session starts ==============================
platform linux -- Python 3.9.5, pytest-6.2.5, py-1.11.0, pluggy-1.0.0
rootdir: /dc-app-performance-toolkit/app
plugins: apiritif-1.1.2, xdist-2.5.0, forked-1.4.0
collected 20 items

selenium_ui/jsm_ui_agents.py get driver from global
clear browser cookies
1654165581174,198,selenium_agent_login:open_login_page,Success,True
node_id:i-01ec0953c89605d85
1654165581894,719,selenium_agent_login:login_and_view_dashboard,Success,True
1654165581894,919,selenium_agent_login,Success,True
.test_0_selenium_agent_a_login,Total:121 Passed:79 Failed:0
1654165582238,315,selenium_agent_browse_projects,Success,True
.test_1_selenium_agent_browse_projects,Total:122 Passed:80 Failed:0
1654165583082,818,selenium_agent_view_customers,Success,True
.test_1_selenium_agent_view_customers,Total:123 Passed:81 Failed:0
1654165583963,854,selenium_agent_view_request,Success,True
.test_1_selenium_agent_view_request,Total:124 Passed:82 Failed:0
1654165585340,1349,selenium_agent_view_report_workload_medium,Success,True
.test_1_selenium_agent_view_report_workload_medium,Total:125 Passed:83 Failed:0
1654165586138,772,selenium_agent_view_report_created_vs_resolved_medium,Success,True
.test_1_selenium_agent_view_report_created_vs_resolved_medium,Total:126 Passed:84 Failed:0
1654165587964,1800,selenium_agent_view_report_workload_small,Success,True
.test_1_selenium_agent_view_report_workload_small,Total:127 Passed:85 Failed:0
1654165588765,774,selenium_agent_view_report_created_vs_resolved_small,Success,True
.test_1_selenium_agent_view_report_created_vs_resolved_small,Total:128 Passed:86 Failed:0
1654165590127,663,selenium_agent_add_comment:add comment,Success,True
1654165590128,1335,selenium_agent_add_comment,Success,True
.test_1_selenium_agent_add_comment,Total:129 Passed:87 Failed:0
1654165592147,1994,selenium_agent_view_queues_large_project_:all_open_queue,Success,True
1654165592463,315,selenium_agent_view_queues_large_project:random_choice_queue,Success,True
1654165592463,2310,selenium_agent_view_queues_large_project,Success,True
.test_1_selenium_agent_view_queues_medium,Total:130 Passed:88 Failed:0
1654165594092,1585,selenium_agent_view_queues_small_project_:all_open_queue,Success,True
1654165594428,335,selenium_agent_view_queues_small_project:random_choice_queue,Success,True
1654165594428,1921,selenium_agent_view_queues_small_project,Success,True
.test_1_selenium_agent_view_queues_small,Total:131 Passed:89 Failed:0
1654165595749,1220,load_aws_project,Success,True
1654165597650,1203,select_aws_opsitem_issue_type,Success,True
1654165597715,64,set_aws_opsitem_summary,Success,True
1654165597844,128,set_aws_opsitem_description,Success,True
1654165598474,630,submit_aws_opsitem,Success,True
1654165598474,2724,load_aws_create_issue_modal,Success,True
1654165598474,4020,selenium_aws_opsitem,Success,True
.test_1_selenium_aws_opsitems,Total:132 Passed:90 Failed:0
get driver from global
clear browser cookies
stest_1_selenium_agent_insight_main_page,Total:133 Passed:90 Failed:0
stest_1_selenium_agent_insight_create_new_schema,Total:134 Passed:90 Failed:0
stest_1_selenium_agent_insight_create_new_object,Total:135 Passed:90 Failed:0
stest_1_selenium_agent_insight_delete_new_schema,Total:136 Passed:90 Failed:0
stest_1_selenium_agent_insight_view_queue_with_insight_column,Total:137 Passed:90 Failed:0
stest_1_selenium_agent_insight_search_object_by_iql,Total:138 Passed:90 Failed:0
stest_1_selenium_agent_insight_view_issue_with_objects,Total:139 Passed:90 Failed:0
1654165599113,561,selenium_agent_logout,Success,True
.test_2_selenium_agent_z_logout,Total:140 Passed:91 Failed:0


=============================== warnings summary ===============================
../../root/.bzt/python-packages/3.9.5/_pytest/config/__init__.py:1114
  /root/.bzt/python-packages/3.9.5/_pytest/config/__init__.py:1114: PytestAssertRewriteWarning: Module already imported so cannot be rewritten: apiritif
    self._mark_plugins_for_rewrite(hook)

-- Docs: https://docs.pytest.org/en/stable/warnings.html
================== 13 passed, 7 skipped, 1 warning in 18.15s ===================
============================= test session starts ==============================
platform linux -- Python 3.9.5, pytest-6.2.5, py-1.11.0, pluggy-1.0.0
rootdir: /dc-app-performance-toolkit/app
plugins: apiritif-1.1.2, xdist-2.5.0, forked-1.4.0
collected 20 items

selenium_ui/jsm_ui_agents.py get driver from global
clear browser cookies
1654165599371,183,selenium_agent_login:open_login_page,Success,True
node_id:i-01ec0953c89605d85
1654165600163,790,selenium_agent_login:login_and_view_dashboard,Success,True
1654165600163,974,selenium_agent_login,Success,True
.test_0_selenium_agent_a_login,Total:141 Passed:92 Failed:0
1654165600524,330,selenium_agent_browse_projects,Success,True
.test_1_selenium_agent_browse_projects,Total:142 Passed:93 Failed:0
1654165601439,887,selenium_agent_view_customers,Success,True
.test_1_selenium_agent_view_customers,Total:143 Passed:94 Failed:0
1654165602339,818,selenium_agent_view_request,Success,True
.test_1_selenium_agent_view_request,Total:144 Passed:95 Failed:0
1654165603751,1332,selenium_agent_view_report_workload_medium,Success,True
.test_1_selenium_agent_view_report_workload_medium,Total:145 Passed:96 Failed:0
1654165604559,781,selenium_agent_view_report_created_vs_resolved_medium,Success,True
.test_1_selenium_agent_view_report_created_vs_resolved_medium,Total:146 Passed:97 Failed:0
1654165607397,2809,selenium_agent_view_report_workload_small,Success,True
.test_1_selenium_agent_view_report_workload_small,Total:147 Passed:98 Failed:0
1654165608331,905,selenium_agent_view_report_created_vs_resolved_small,Success,True
.test_1_selenium_agent_view_report_created_vs_resolved_small,Total:148 Passed:99 Failed:0
1654165609679,679,selenium_agent_add_comment:add comment,Success,True
1654165609679,1319,selenium_agent_add_comment,Success,True
.test_1_selenium_agent_add_comment,Total:149 Passed:100 Failed:0
1654165611340,1632,selenium_agent_view_queues_large_project_:all_open_queue,Success,True
1654165611716,375,selenium_agent_view_queues_large_project:random_choice_queue,Success,True
1654165611716,2008,selenium_agent_view_queues_large_project,Success,True
.test_1_selenium_agent_view_queues_medium,Total:150 Passed:101 Failed:0
1654165614077,1929,selenium_agent_view_queues_small_project_:all_open_queue,Success,True
1654165614370,293,selenium_agent_view_queues_small_project:random_choice_queue,Success,True
1654165614371,2223,selenium_agent_view_queues_small_project,Success,True
.test_1_selenium_agent_view_queues_small,Total:151 Passed:102 Failed:0
1654165615767,1289,load_aws_project,Success,True
1654165617713,1217,select_aws_opsitem_issue_type,Success,True
1654165617777,63,set_aws_opsitem_summary,Success,True
1654165617898,120,set_aws_opsitem_description,Success,True
1654165618491,592,submit_aws_opsitem,Success,True
1654165618491,2723,load_aws_create_issue_modal,Success,True
1654165618491,4054,selenium_aws_opsitem,Success,True
.test_1_selenium_aws_opsitems,Total:152 Passed:103 Failed:0
get driver from global
clear browser cookies
stest_1_selenium_agent_insight_main_page,Total:153 Passed:103 Failed:0
stest_1_selenium_agent_insight_create_new_schema,Total:154 Passed:103 Failed:0
stest_1_selenium_agent_insight_create_new_object,Total:155 Passed:103 Failed:0
stest_1_selenium_agent_insight_delete_new_schema,Total:156 Passed:103 Failed:0
stest_1_selenium_agent_insight_view_queue_with_insight_column,Total:157 Passed:103 Failed:0
stest_1_selenium_agent_insight_search_object_by_iql,Total:158 Passed:103 Failed:0
stest_1_selenium_agent_insight_view_issue_with_objects,Total:159 Passed:103 Failed:0
1654165619081,533,selenium_agent_logout,Success,True
.test_2_selenium_agent_z_logout,Total:160 Passed:104 Failed:0


=============================== warnings summary ===============================
../../root/.bzt/python-packages/3.9.5/_pytest/config/__init__.py:1114
  /root/.bzt/python-packages/3.9.5/_pytest/config/__init__.py:1114: PytestAssertRewriteWarning: Module already imported so cannot be rewritten: apiritif
    self._mark_plugins_for_rewrite(hook)

-- Docs: https://docs.pytest.org/en/stable/warnings.html
================== 13 passed, 7 skipped, 1 warning in 19.91s ===================
============================= test session starts ==============================
platform linux -- Python 3.9.5, pytest-6.2.5, py-1.11.0, pluggy-1.0.0
rootdir: /dc-app-performance-toolkit/app
plugins: apiritif-1.1.2, xdist-2.5.0, forked-1.4.0
collected 20 items

selenium_ui/jsm_ui_agents.py get driver from global
clear browser cookies
1654165619361,207,selenium_agent_login:open_login_page,Success,True
node_id:i-01ec0953c89605d85
1654165620079,717,selenium_agent_login:login_and_view_dashboard,Success,True
1654165620079,925,selenium_agent_login,Success,True
.test_0_selenium_agent_a_login,Total:161 Passed:105 Failed:0
1654165620436,326,selenium_agent_browse_projects,Success,True
.test_1_selenium_agent_browse_projects,Total:162 Passed:106 Failed:0
1654165621265,803,selenium_agent_view_customers,Success,True
.test_1_selenium_agent_view_customers,Total:163 Passed:107 Failed:0
1654165622004,710,selenium_agent_view_request,Success,True
.test_1_selenium_agent_view_request,Total:164 Passed:108 Failed:0
1654165624040,2001,selenium_agent_view_report_workload_medium,Success,True
.test_1_selenium_agent_view_report_workload_medium,Total:165 Passed:109 Failed:0
1654165624847,779,selenium_agent_view_report_created_vs_resolved_medium,Success,True
.test_1_selenium_agent_view_report_created_vs_resolved_medium,Total:166 Passed:110 Failed:0
1654165629760,4885,selenium_agent_view_report_workload_small,Success,True
.test_1_selenium_agent_view_report_workload_small,Total:167 Passed:111 Failed:0
1654165630566,778,selenium_agent_view_report_created_vs_resolved_small,Success,True
.test_1_selenium_agent_view_report_created_vs_resolved_small,Total:168 Passed:112 Failed:0
1654165631834,572,selenium_agent_add_comment:add comment,Success,True
1654165631834,1241,selenium_agent_add_comment,Success,True
.test_1_selenium_agent_add_comment,Total:169 Passed:113 Failed:0
1654165633888,2026,selenium_agent_view_queues_large_project_:all_open_queue,Success,True
1654165634151,262,selenium_agent_view_queues_large_project:random_choice_queue,Success,True
1654165634151,2289,selenium_agent_view_queues_large_project,Success,True
.test_1_selenium_agent_view_queues_medium,Total:170 Passed:114 Failed:0
1654165636594,1989,selenium_agent_view_queues_small_project_:all_open_queue,Success,True
1654165636856,261,selenium_agent_view_queues_small_project:random_choice_queue,Success,True
1654165636856,2250,selenium_agent_view_queues_small_project,Success,True
.test_1_selenium_agent_view_queues_small,Total:171 Passed:115 Failed:0
1654165638114,1172,load_aws_project,Success,True
1654165638925,132,select_aws_opsitem_issue_type,Success,True
1654165638996,70,set_aws_opsitem_summary,Success,True
1654165639129,132,set_aws_opsitem_description,Success,True
1654165639727,598,submit_aws_opsitem,Success,True
1654165639727,1613,load_aws_create_issue_modal,Success,True
1654165639727,2801,selenium_aws_opsitem,Success,True
.test_1_selenium_aws_opsitems,Total:172 Passed:116 Failed:0
get driver from global
clear browser cookies
stest_1_selenium_agent_insight_main_page,Total:173 Passed:116 Failed:0
stest_1_selenium_agent_insight_create_new_schema,Total:174 Passed:116 Failed:0
stest_1_selenium_agent_insight_create_new_object,Total:175 Passed:116 Failed:0
stest_1_selenium_agent_insight_delete_new_schema,Total:176 Passed:116 Failed:0
stest_1_selenium_agent_insight_view_queue_with_insight_column,Total:177 Passed:116 Failed:0
stest_1_selenium_agent_insight_search_object_by_iql,Total:178 Passed:116 Failed:0
stest_1_selenium_agent_insight_view_issue_with_objects,Total:179 Passed:116 Failed:0
1654165640312,520,selenium_agent_logout,Success,True
.test_2_selenium_agent_z_logout,Total:180 Passed:117 Failed:0


=============================== warnings summary ===============================
../../root/.bzt/python-packages/3.9.5/_pytest/config/__init__.py:1114
  /root/.bzt/python-packages/3.9.5/_pytest/config/__init__.py:1114: PytestAssertRewriteWarning: Module already imported so cannot be rewritten: apiritif
    self._mark_plugins_for_rewrite(hook)

-- Docs: https://docs.pytest.org/en/stable/warnings.html
================== 13 passed, 7 skipped, 1 warning in 21.17s ===================
============================= test session starts ==============================
platform linux -- Python 3.9.5, pytest-6.2.5, py-1.11.0, pluggy-1.0.0
rootdir: /dc-app-performance-toolkit/app
plugins: apiritif-1.1.2, xdist-2.5.0, forked-1.4.0
collected 20 items

selenium_ui/jsm_ui_agents.py get driver from global
clear browser cookies
1654165640565,176,selenium_agent_login:open_login_page,Success,True
node_id:i-01ec0953c89605d85
1654165641289,723,selenium_agent_login:login_and_view_dashboard,Success,True
1654165641289,900,selenium_agent_login,Success,True
.test_0_selenium_agent_a_login,Total:181 Passed:118 Failed:0
1654165641643,320,selenium_agent_browse_projects,Success,True
.test_1_selenium_agent_browse_projects,Total:182 Passed:119 Failed:0
1654165642530,859,selenium_agent_view_customers,Success,True
.test_1_selenium_agent_view_customers,Total:183 Passed:120 Failed:0
1654165643387,828,selenium_agent_view_request,Success,True
.test_1_selenium_agent_view_request,Total:184 Passed:121 Failed:0
1654165644778,1338,selenium_agent_view_report_workload_medium,Success,True
.test_1_selenium_agent_view_report_workload_medium,Total:185 Passed:122 Failed:0
1654165645616,800,selenium_agent_view_report_created_vs_resolved_medium,Success,True
.test_1_selenium_agent_view_report_created_vs_resolved_medium,Total:186 Passed:123 Failed:0
1654165647977,2327,selenium_agent_view_report_workload_small,Success,True
.test_1_selenium_agent_view_report_workload_small,Total:187 Passed:124 Failed:0
1654165648859,854,selenium_agent_view_report_created_vs_resolved_small,Success,True
.test_1_selenium_agent_view_report_created_vs_resolved_small,Total:188 Passed:125 Failed:0
1654165650182,601,selenium_agent_add_comment:add comment,Success,True
1654165650182,1296,selenium_agent_add_comment,Success,True
.test_1_selenium_agent_add_comment,Total:189 Passed:126 Failed:0
1654165651812,1602,selenium_agent_view_queues_large_project_:all_open_queue,Success,True
1654165652111,298,selenium_agent_view_queues_large_project:random_choice_queue,Success,True
1654165652111,1901,selenium_agent_view_queues_large_project,Success,True
.test_1_selenium_agent_view_queues_medium,Total:190 Passed:127 Failed:0
1654165654049,1898,selenium_agent_view_queues_small_project_:all_open_queue,Success,True
1654165654471,422,selenium_agent_view_queues_small_project:random_choice_queue,Success,True
1654165654471,2321,selenium_agent_view_queues_small_project,Success,True
.test_1_selenium_agent_view_queues_small,Total:191 Passed:128 Failed:0
1654165655833,1281,load_aws_project,Success,True
1654165656658,142,select_aws_opsitem_issue_type,Success,True
1654165656725,66,set_aws_opsitem_summary,Success,True
1654165656862,136,set_aws_opsitem_description,Success,True
1654165657461,598,submit_aws_opsitem,Success,True
1654165657462,1628,load_aws_create_issue_modal,Success,True
1654165657462,2953,selenium_aws_opsitem,Success,True
.test_1_selenium_aws_opsitems,Total:192 Passed:129 Failed:0
get driver from global
clear browser cookies
stest_1_selenium_agent_insight_main_page,Total:193 Passed:129 Failed:0
stest_1_selenium_agent_insight_create_new_schema,Total:194 Passed:129 Failed:0
stest_1_selenium_agent_insight_create_new_object,Total:195 Passed:129 Failed:0
stest_1_selenium_agent_insight_delete_new_schema,Total:196 Passed:129 Failed:0
stest_1_selenium_agent_insight_view_queue_with_insight_column,Total:197 Passed:129 Failed:0
stest_1_selenium_agent_insight_search_object_by_iql,Total:198 Passed:129 Failed:0
stest_1_selenium_agent_insight_view_issue_with_objects,Total:199 Passed:129 Failed:0
1654165658012,477,selenium_agent_logout,Success,True
.test_2_selenium_agent_z_logout,Total:200 Passed:130 Failed:0


=============================== warnings summary ===============================
../../root/.bzt/python-packages/3.9.5/_pytest/config/__init__.py:1114
  /root/.bzt/python-packages/3.9.5/_pytest/config/__init__.py:1114: PytestAssertRewriteWarning: Module already imported so cannot be rewritten: apiritif
    self._mark_plugins_for_rewrite(hook)

-- Docs: https://docs.pytest.org/en/stable/warnings.html
================== 13 passed, 7 skipped, 1 warning in 17.64s ===================
============================= test session starts ==============================
platform linux -- Python 3.9.5, pytest-6.2.5, py-1.11.0, pluggy-1.0.0
rootdir: /dc-app-performance-toolkit/app
plugins: apiritif-1.1.2, xdist-2.5.0, forked-1.4.0
collected 20 items

selenium_ui/jsm_ui_agents.py get driver from global
clear browser cookies
1654165658272,182,selenium_agent_login:open_login_page,Success,True
node_id:i-01ec0953c89605d85
1654165659122,849,selenium_agent_login:login_and_view_dashboard,Success,True
1654165659122,1032,selenium_agent_login,Success,True
.test_0_selenium_agent_a_login,Total:201 Passed:131 Failed:0
1654165659486,333,selenium_agent_browse_projects,Success,True
.test_1_selenium_agent_browse_projects,Total:202 Passed:132 Failed:0
1654165660416,902,selenium_agent_view_customers,Success,True
.test_1_selenium_agent_view_customers,Total:203 Passed:133 Failed:0
1654165661250,772,selenium_agent_view_request,Success,True
.test_1_selenium_agent_view_request,Total:204 Passed:134 Failed:0
1654165662667,1372,selenium_agent_view_report_workload_medium,Success,True
.test_1_selenium_agent_view_report_workload_medium,Total:205 Passed:135 Failed:0
1654165663471,777,selenium_agent_view_report_created_vs_resolved_medium,Success,True
.test_1_selenium_agent_view_report_created_vs_resolved_medium,Total:206 Passed:136 Failed:0
1654165665789,2285,selenium_agent_view_report_workload_small,Success,True
.test_1_selenium_agent_view_report_workload_small,Total:207 Passed:137 Failed:0
1654165666715,899,selenium_agent_view_report_created_vs_resolved_small,Success,True
.test_1_selenium_agent_view_report_created_vs_resolved_small,Total:208 Passed:138 Failed:0
1654165667980,608,selenium_agent_add_comment:add comment,Success,True
1654165667980,1238,selenium_agent_add_comment,Success,True
.test_1_selenium_agent_add_comment,Total:209 Passed:139 Failed:0
1654165670050,2041,selenium_agent_view_queues_large_project_:all_open_queue,Success,True
1654165670393,342,selenium_agent_view_queues_large_project:random_choice_queue,Success,True
1654165670393,2384,selenium_agent_view_queues_large_project,Success,True
.test_1_selenium_agent_view_queues_medium,Total:210 Passed:140 Failed:0
1654165672318,1896,selenium_agent_view_queues_small_project_:all_open_queue,Success,True
1654165672619,301,selenium_agent_view_queues_small_project:random_choice_queue,Success,True
1654165672620,2197,selenium_agent_view_queues_small_project,Success,True
.test_1_selenium_agent_view_queues_small,Total:211 Passed:141 Failed:0
1654165673992,1271,load_aws_project,Success,True
1654165675896,1207,select_aws_opsitem_issue_type,Success,True
1654165675960,64,set_aws_opsitem_summary,Success,True
1654165676096,135,set_aws_opsitem_description,Success,True
1654165676692,596,submit_aws_opsitem,Success,True
1654165676692,2700,load_aws_create_issue_modal,Success,True
1654165676693,4015,selenium_aws_opsitem,Success,True
.test_1_selenium_aws_opsitems,Total:212 Passed:142 Failed:0
get driver from global
clear browser cookies
stest_1_selenium_agent_insight_main_page,Total:213 Passed:142 Failed:0
stest_1_selenium_agent_insight_create_new_schema,Total:214 Passed:142 Failed:0
stest_1_selenium_agent_insight_create_new_object,Total:215 Passed:142 Failed:0
stest_1_selenium_agent_insight_delete_new_schema,Total:216 Passed:142 Failed:0
stest_1_selenium_agent_insight_view_queue_with_insight_column,Total:217 Passed:142 Failed:0
stest_1_selenium_agent_insight_search_object_by_iql,Total:218 Passed:142 Failed:0
stest_1_selenium_agent_insight_view_issue_with_objects,Total:219 Passed:142 Failed:0
1654165677361,603,selenium_agent_logout,Success,True
.test_2_selenium_agent_z_logout,Total:220 Passed:143 Failed:0


=============================== warnings summary ===============================
../../root/.bzt/python-packages/3.9.5/_pytest/config/__init__.py:1114
  /root/.bzt/python-packages/3.9.5/_pytest/config/__init__.py:1114: PytestAssertRewriteWarning: Module already imported so cannot be rewritten: apiritif
    self._mark_plugins_for_rewrite(hook)

-- Docs: https://docs.pytest.org/en/stable/warnings.html
================== 13 passed, 7 skipped, 1 warning in 19.29s ===================
============================= test session starts ==============================
platform linux -- Python 3.9.5, pytest-6.2.5, py-1.11.0, pluggy-1.0.0
rootdir: /dc-app-performance-toolkit/app
plugins: apiritif-1.1.2, xdist-2.5.0, forked-1.4.0
collected 20 items

selenium_ui/jsm_ui_agents.py get driver from global
clear browser cookies
1654165677641,187,selenium_agent_login:open_login_page,Success,True
node_id:i-01ec0953c89605d85
1654165678428,786,selenium_agent_login:login_and_view_dashboard,Success,True
1654165678428,974,selenium_agent_login,Success,True
.test_0_selenium_agent_a_login,Total:221 Passed:144 Failed:0
1654165678763,307,selenium_agent_browse_projects,Success,True
.test_1_selenium_agent_browse_projects,Total:222 Passed:145 Failed:0
1654165679584,794,selenium_agent_view_customers,Success,True
.test_1_selenium_agent_view_customers,Total:223 Passed:146 Failed:0
1654165680415,794,selenium_agent_view_request,Success,True
.test_1_selenium_agent_view_request,Total:224 Passed:147 Failed:0
1654165681751,1302,selenium_agent_view_report_workload_medium,Success,True
.test_1_selenium_agent_view_report_workload_medium,Total:225 Passed:148 Failed:0
1654165682742,958,selenium_agent_view_report_created_vs_resolved_medium,Success,True
.test_1_selenium_agent_view_report_created_vs_resolved_medium,Total:226 Passed:149 Failed:0
1654165684569,1800,selenium_agent_view_report_workload_small,Success,True
.test_1_selenium_agent_view_report_workload_small,Total:227 Passed:150 Failed:0
1654165685407,808,selenium_agent_view_report_created_vs_resolved_small,Success,True
.test_1_selenium_agent_view_report_created_vs_resolved_small,Total:228 Passed:151 Failed:0
1654165686699,651,selenium_agent_add_comment:add comment,Success,True
1654165686699,1265,selenium_agent_add_comment,Success,True
.test_1_selenium_agent_add_comment,Total:229 Passed:152 Failed:0
1654165688776,2046,selenium_agent_view_queues_large_project_:all_open_queue,Success,True
1654165689075,299,selenium_agent_view_queues_large_project:random_choice_queue,Success,True
1654165689076,2346,selenium_agent_view_queues_large_project,Success,True
.test_1_selenium_agent_view_queues_medium,Total:230 Passed:153 Failed:0
1654165691064,1933,selenium_agent_view_queues_small_project_:all_open_queue,Success,True
1654165691359,294,selenium_agent_view_queues_small_project:random_choice_queue,Success,True
1654165691359,2228,selenium_agent_view_queues_small_project,Success,True
.test_1_selenium_agent_view_queues_small,Total:231 Passed:154 Failed:0
1654165692570,1164,load_aws_project,Success,True
1654165694476,1219,select_aws_opsitem_issue_type,Success,True
1654165694538,61,set_aws_opsitem_summary,Success,True
1654165694656,117,set_aws_opsitem_description,Success,True
1654165695250,593,submit_aws_opsitem,Success,True
1654165695250,2679,load_aws_create_issue_modal,Success,True
1654165695250,3860,selenium_aws_opsitem,Success,True
.test_1_selenium_aws_opsitems,Total:232 Passed:155 Failed:0
get driver from global
clear browser cookies
stest_1_selenium_agent_insight_main_page,Total:233 Passed:155 Failed:0
stest_1_selenium_agent_insight_create_new_schema,Total:234 Passed:155 Failed:0
stest_1_selenium_agent_insight_create_new_object,Total:235 Passed:155 Failed:0
stest_1_selenium_agent_insight_delete_new_schema,Total:236 Passed:155 Failed:0
stest_1_selenium_agent_insight_view_queue_with_insight_column,Total:237 Passed:155 Failed:0
stest_1_selenium_agent_insight_search_object_by_iql,Total:238 Passed:155 Failed:0
stest_1_selenium_agent_insight_view_issue_with_objects,Total:239 Passed:155 Failed:0
1654165695837,531,selenium_agent_logout,Success,True
.test_2_selenium_agent_z_logout,Total:240 Passed:156 Failed:0


=============================== warnings summary ===============================
../../root/.bzt/python-packages/3.9.5/_pytest/config/__init__.py:1114
  /root/.bzt/python-packages/3.9.5/_pytest/config/__init__.py:1114: PytestAssertRewriteWarning: Module already imported so cannot be rewritten: apiritif
    self._mark_plugins_for_rewrite(hook)

-- Docs: https://docs.pytest.org/en/stable/warnings.html
================== 13 passed, 7 skipped, 1 warning in 18.40s ===================
============================= test session starts ==============================
platform linux -- Python 3.9.5, pytest-6.2.5, py-1.11.0, pluggy-1.0.0
rootdir: /dc-app-performance-toolkit/app
plugins: apiritif-1.1.2, xdist-2.5.0, forked-1.4.0
collected 20 items

selenium_ui/jsm_ui_agents.py get driver from global
clear browser cookies
1654165696103,179,selenium_agent_login:open_login_page,Success,True
node_id:i-01ec0953c89605d85
1654165696817,714,selenium_agent_login:login_and_view_dashboard,Success,True
1654165696818,894,selenium_agent_login,Success,True
.test_0_selenium_agent_a_login,Total:241 Passed:157 Failed:0
1654165697146,301,selenium_agent_browse_projects,Success,True
.test_1_selenium_agent_browse_projects,Total:242 Passed:158 Failed:0
1654165697969,795,selenium_agent_view_customers,Success,True
.test_1_selenium_agent_view_customers,Total:243 Passed:159 Failed:0
1654165698894,886,selenium_agent_view_request,Success,True
.test_1_selenium_agent_view_request,Total:244 Passed:160 Failed:0
1654165700332,1358,selenium_agent_view_report_workload_medium,Success,True
.test_1_selenium_agent_view_report_workload_medium,Total:245 Passed:161 Failed:0
1654165701161,801,selenium_agent_view_report_created_vs_resolved_medium,Success,True
.test_1_selenium_agent_view_report_created_vs_resolved_medium,Total:246 Passed:162 Failed:0
1654165703530,2342,selenium_agent_view_report_workload_small,Success,True
.test_1_selenium_agent_view_report_workload_small,Total:247 Passed:163 Failed:0
1654165704452,892,selenium_agent_view_report_created_vs_resolved_small,Success,True
.test_1_selenium_agent_view_report_created_vs_resolved_small,Total:248 Passed:164 Failed:0
1654165705748,628,selenium_agent_add_comment:add comment,Success,True
1654165705748,1266,selenium_agent_add_comment,Success,True
.test_1_selenium_agent_add_comment,Total:249 Passed:165 Failed:0
1654165707785,2006,selenium_agent_view_queues_large_project_:all_open_queue,Success,True
1654165708054,268,selenium_agent_view_queues_large_project:random_choice_queue,Success,True
1654165708054,2275,selenium_agent_view_queues_large_project,Success,True
.test_1_selenium_agent_view_queues_medium,Total:250 Passed:166 Failed:0
1654165710324,2210,selenium_agent_view_queues_small_project_:all_open_queue,Success,True
1654165710652,328,selenium_agent_view_queues_small_project:random_choice_queue,Success,True
1654165710653,2539,selenium_agent_view_queues_small_project,Success,True
.test_1_selenium_agent_view_queues_small,Total:251 Passed:167 Failed:0
1654165712007,906,load_aws_project,Success,True
1654165712842,129,select_aws_opsitem_issue_type,Success,True
1654165712907,65,set_aws_opsitem_summary,Success,True
1654165713036,128,set_aws_opsitem_description,Success,True
1654165713640,603,submit_aws_opsitem,Success,True
1654165713640,1632,load_aws_create_issue_modal,Success,True
1654165713640,2583,selenium_aws_opsitem,Success,True
.test_1_selenium_aws_opsitems,Total:252 Passed:168 Failed:0
get driver from global
clear browser cookies
stest_1_selenium_agent_insight_main_page,Total:253 Passed:168 Failed:0
stest_1_selenium_agent_insight_create_new_schema,Total:254 Passed:168 Failed:0
stest_1_selenium_agent_insight_create_new_object,Total:255 Passed:168 Failed:0
stest_1_selenium_agent_insight_delete_new_schema,Total:256 Passed:168 Failed:0
stest_1_selenium_agent_insight_view_queue_with_insight_column,Total:257 Passed:168 Failed:0
stest_1_selenium_agent_insight_search_object_by_iql,Total:258 Passed:168 Failed:0
stest_1_selenium_agent_insight_view_issue_with_objects,Total:259 Passed:168 Failed:0
1654165714266,555,selenium_agent_logout,Success,True
.test_2_selenium_agent_z_logout,Total:260 Passed:169 Failed:0


=============================== warnings summary ===============================
../../root/.bzt/python-packages/3.9.5/_pytest/config/__init__.py:1114
  /root/.bzt/python-packages/3.9.5/_pytest/config/__init__.py:1114: PytestAssertRewriteWarning: Module already imported so cannot be rewritten: apiritif
    self._mark_plugins_for_rewrite(hook)

-- Docs: https://docs.pytest.org/en/stable/warnings.html
================== 13 passed, 7 skipped, 1 warning in 18.37s ===================
============================= test session starts ==============================
platform linux -- Python 3.9.5, pytest-6.2.5, py-1.11.0, pluggy-1.0.0
rootdir: /dc-app-performance-toolkit/app
plugins: apiritif-1.1.2, xdist-2.5.0, forked-1.4.0
collected 20 items

selenium_ui/jsm_ui_agents.py get driver from global
clear browser cookies
1654165714553,208,selenium_agent_login:open_login_page,Success,True
node_id:i-01ec0953c89605d85
1654165715292,738,selenium_agent_login:login_and_view_dashboard,Success,True
1654165715292,947,selenium_agent_login,Success,True
.test_0_selenium_agent_a_login,Total:261 Passed:170 Failed:0
1654165715632,312,selenium_agent_browse_projects,Success,True
.test_1_selenium_agent_browse_projects,Total:262 Passed:171 Failed:0
1654165716492,823,selenium_agent_view_customers,Success,True
.test_1_selenium_agent_view_customers,Total:263 Passed:172 Failed:0
1654165717359,807,selenium_agent_view_request,Success,True
.test_1_selenium_agent_view_request,Total:264 Passed:173 Failed:0
1654165718724,1326,selenium_agent_view_report_workload_medium,Success,True
.test_1_selenium_agent_view_report_workload_medium,Total:265 Passed:174 Failed:0
1654165719529,777,selenium_agent_view_report_created_vs_resolved_medium,Success,True
.test_1_selenium_agent_view_report_created_vs_resolved_medium,Total:266 Passed:175 Failed:0
1654165721866,2309,selenium_agent_view_report_workload_small,Success,True
.test_1_selenium_agent_view_report_workload_small,Total:267 Passed:176 Failed:0
1654165722757,859,selenium_agent_view_report_created_vs_resolved_small,Success,True
.test_1_selenium_agent_view_report_created_vs_resolved_small,Total:268 Passed:177 Failed:0
1654165724079,659,selenium_agent_add_comment:add comment,Success,True
1654165724079,1292,selenium_agent_add_comment,Success,True
.test_1_selenium_agent_add_comment,Total:269 Passed:178 Failed:0
1654165726170,2057,selenium_agent_view_queues_large_project_:all_open_queue,Success,True
1654165726478,307,selenium_agent_view_queues_large_project:random_choice_queue,Success,True
1654165726478,2366,selenium_agent_view_queues_large_project,Success,True
.test_1_selenium_agent_view_queues_medium,Total:270 Passed:179 Failed:0
1654165728885,2324,selenium_agent_view_queues_small_project_:all_open_queue,Success,True
1654165729192,306,selenium_agent_view_queues_small_project:random_choice_queue,Success,True
1654165729192,2631,selenium_agent_view_queues_small_project,Success,True
.test_1_selenium_agent_view_queues_small,Total:271 Passed:180 Failed:0
1654165730452,1172,load_aws_project,Success,True
1654165731269,134,select_aws_opsitem_issue_type,Success,True
1654165731334,64,set_aws_opsitem_summary,Success,True
1654165731461,126,set_aws_opsitem_description,Success,True
1654165732060,598,submit_aws_opsitem,Success,True
1654165732060,1607,load_aws_create_issue_modal,Success,True
1654165732060,2818,selenium_aws_opsitem,Success,True
.test_1_selenium_aws_opsitems,Total:272 Passed:181 Failed:0
get driver from global
clear browser cookies
stest_1_selenium_agent_insight_main_page,Total:273 Passed:181 Failed:0
stest_1_selenium_agent_insight_create_new_schema,Total:274 Passed:181 Failed:0
stest_1_selenium_agent_insight_create_new_object,Total:275 Passed:181 Failed:0
stest_1_selenium_agent_insight_delete_new_schema,Total:276 Passed:181 Failed:0
stest_1_selenium_agent_insight_view_queue_with_insight_column,Total:277 Passed:181 Failed:0
stest_1_selenium_agent_insight_search_object_by_iql,Total:278 Passed:181 Failed:0
stest_1_selenium_agent_insight_view_issue_with_objects,Total:279 Passed:181 Failed:0
1654165732651,533,selenium_agent_logout,Success,True
.test_2_selenium_agent_z_logout,Total:280 Passed:182 Failed:0


=============================== warnings summary ===============================
../../root/.bzt/python-packages/3.9.5/_pytest/config/__init__.py:1114
  /root/.bzt/python-packages/3.9.5/_pytest/config/__init__.py:1114: PytestAssertRewriteWarning: Module already imported so cannot be rewritten: apiritif
    self._mark_plugins_for_rewrite(hook)

-- Docs: https://docs.pytest.org/en/stable/warnings.html
================== 13 passed, 7 skipped, 1 warning in 18.32s ===================
============================= test session starts ==============================
platform linux -- Python 3.9.5, pytest-6.2.5, py-1.11.0, pluggy-1.0.0
rootdir: /dc-app-performance-toolkit/app
plugins: apiritif-1.1.2, xdist-2.5.0, forked-1.4.0
collected 20 items

selenium_ui/jsm_ui_agents.py get driver from global
clear browser cookies
1654165732907,179,selenium_agent_login:open_login_page,Success,True
node_id:i-01ec0953c89605d85
1654165733695,787,selenium_agent_login:login_and_view_dashboard,Success,True
1654165733695,967,selenium_agent_login,Success,True
.test_0_selenium_agent_a_login,Total:281 Passed:183 Failed:0
1654165734073,349,selenium_agent_browse_projects,Success,True
.test_1_selenium_agent_browse_projects,Total:282 Passed:184 Failed:0
1654165734937,827,selenium_agent_view_customers,Success,True
.test_1_selenium_agent_view_customers,Total:283 Passed:185 Failed:0
1654165735883,910,selenium_agent_view_request,Success,True
.test_1_selenium_agent_view_request,Total:284 Passed:186 Failed:0
1654165737259,1344,selenium_agent_view_report_workload_medium,Success,True
.test_1_selenium_agent_view_report_workload_medium,Total:285 Passed:187 Failed:0
1654165738107,818,selenium_agent_view_report_created_vs_resolved_medium,Success,True
.test_1_selenium_agent_view_report_created_vs_resolved_medium,Total:286 Passed:188 Failed:0
1654165740461,2326,selenium_agent_view_report_workload_small,Success,True
.test_1_selenium_agent_view_report_workload_small,Total:287 Passed:189 Failed:0
1654165741340,851,selenium_agent_view_report_created_vs_resolved_small,Success,True
.test_1_selenium_agent_view_report_created_vs_resolved_small,Total:288 Passed:190 Failed:0
1654165742577,586,selenium_agent_add_comment:add comment,Success,True
1654165742577,1209,selenium_agent_add_comment,Success,True
.test_1_selenium_agent_add_comment,Total:289 Passed:191 Failed:0
1654165744200,1594,selenium_agent_view_queues_large_project_:all_open_queue,Success,True
1654165744537,335,selenium_agent_view_queues_large_project:random_choice_queue,Success,True
1654165744537,1930,selenium_agent_view_queues_large_project,Success,True
.test_1_selenium_agent_view_queues_medium,Total:290 Passed:192 Failed:0
1654165746927,1975,selenium_agent_view_queues_small_project_:all_open_queue,Success,True
1654165747320,393,selenium_agent_view_queues_small_project:random_choice_queue,Success,True
1654165747320,2369,selenium_agent_view_queues_small_project,Success,True
.test_1_selenium_agent_view_queues_small,Total:291 Passed:193 Failed:0
1654165748752,932,load_aws_project,Success,True
1654165749597,133,select_aws_opsitem_issue_type,Success,True
1654165749663,65,set_aws_opsitem_summary,Success,True
1654165749789,126,set_aws_opsitem_description,Success,True
1654165750399,609,submit_aws_opsitem,Success,True
1654165750399,1646,load_aws_create_issue_modal,Success,True
1654165750400,2596,selenium_aws_opsitem,Success,True
.test_1_selenium_aws_opsitems,Total:292 Passed:194 Failed:0
get driver from global
clear browser cookies
stest_1_selenium_agent_insight_main_page,Total:293 Passed:194 Failed:0
stest_1_selenium_agent_insight_create_new_schema,Total:294 Passed:194 Failed:0
stest_1_selenium_agent_insight_create_new_object,Total:295 Passed:194 Failed:0
stest_1_selenium_agent_insight_delete_new_schema,Total:296 Passed:194 Failed:0
stest_1_selenium_agent_insight_view_queue_with_insight_column,Total:297 Passed:194 Failed:0
stest_1_selenium_agent_insight_search_object_by_iql,Total:298 Passed:194 Failed:0
stest_1_selenium_agent_insight_view_issue_with_objects,Total:299 Passed:194 Failed:0
1654165751017,561,selenium_agent_logout,Success,True
.test_2_selenium_agent_z_logout,Total:300 Passed:195 Failed:0


=============================== warnings summary ===============================
../../root/.bzt/python-packages/3.9.5/_pytest/config/__init__.py:1114
  /root/.bzt/python-packages/3.9.5/_pytest/config/__init__.py:1114: PytestAssertRewriteWarning: Module already imported so cannot be rewritten: apiritif
    self._mark_plugins_for_rewrite(hook)

-- Docs: https://docs.pytest.org/en/stable/warnings.html
================== 13 passed, 7 skipped, 1 warning in 18.31s ===================
============================= test session starts ==============================
platform linux -- Python 3.9.5, pytest-6.2.5, py-1.11.0, pluggy-1.0.0
rootdir: /dc-app-performance-toolkit/app
plugins: apiritif-1.1.2, xdist-2.5.0, forked-1.4.0
collected 20 items

selenium_ui/jsm_ui_agents.py get driver from global
clear browser cookies
1654165751274,183,selenium_agent_login:open_login_page,Success,True
node_id:i-01ec0953c89605d85
1654165751968,693,selenium_agent_login:login_and_view_dashboard,Success,True
1654165751968,877,selenium_agent_login,Success,True
.test_0_selenium_agent_a_login,Total:301 Passed:196 Failed:0
1654165752317,320,selenium_agent_browse_projects,Success,True
.test_1_selenium_agent_browse_projects,Total:302 Passed:197 Failed:0
1654165753164,818,selenium_agent_view_customers,Success,True
.test_1_selenium_agent_view_customers,Total:303 Passed:198 Failed:0
1654165753990,795,selenium_agent_view_request,Success,True
.test_1_selenium_agent_view_request,Total:304 Passed:199 Failed:0
1654165755366,1333,selenium_agent_view_report_workload_medium,Success,True
.test_1_selenium_agent_view_report_workload_medium,Total:305 Passed:200 Failed:0
1654165756183,787,selenium_agent_view_report_created_vs_resolved_medium,Success,True
.test_1_selenium_agent_view_report_created_vs_resolved_medium,Total:306 Passed:201 Failed:0
1654165758545,2331,selenium_agent_view_report_workload_small,Success,True
.test_1_selenium_agent_view_report_workload_small,Total:307 Passed:202 Failed:0
1654165759492,915,selenium_agent_view_report_created_vs_resolved_small,Success,True
.test_1_selenium_agent_view_report_created_vs_resolved_small,Total:308 Passed:203 Failed:0
1654165760819,639,selenium_agent_add_comment:add comment,Success,True
1654165760819,1298,selenium_agent_add_comment,Success,True
.test_1_selenium_agent_add_comment,Total:309 Passed:204 Failed:0
1654165762894,2038,selenium_agent_view_queues_large_project_:all_open_queue,Success,True
1654165763257,362,selenium_agent_view_queues_large_project:random_choice_queue,Success,True
1654165763257,2401,selenium_agent_view_queues_large_project,Success,True
.test_1_selenium_agent_view_queues_medium,Total:310 Passed:205 Failed:0
1654165765575,2264,selenium_agent_view_queues_small_project_:all_open_queue,Success,True
1654165765880,304,selenium_agent_view_queues_small_project:random_choice_queue,Success,True
1654165765880,2569,selenium_agent_view_queues_small_project,Success,True
.test_1_selenium_agent_view_queues_small,Total:311 Passed:206 Failed:0
1654165767334,976,load_aws_project,Success,True
1654165768174,133,select_aws_opsitem_issue_type,Success,True
1654165768239,64,set_aws_opsitem_summary,Success,True
1654165768362,123,set_aws_opsitem_description,Success,True
1654165768995,632,submit_aws_opsitem,Success,True
1654165768995,1660,load_aws_create_issue_modal,Success,True
1654165768995,2675,selenium_aws_opsitem,Success,True
.test_1_selenium_aws_opsitems,Total:312 Passed:207 Failed:0
get driver from global
clear browser cookies
stest_1_selenium_agent_insight_main_page,Total:313 Passed:207 Failed:0
stest_1_selenium_agent_insight_create_new_schema,Total:314 Passed:207 Failed:0
stest_1_selenium_agent_insight_create_new_object,Total:315 Passed:207 Failed:0
stest_1_selenium_agent_insight_delete_new_schema,Total:316 Passed:207 Failed:0
stest_1_selenium_agent_insight_view_queue_with_insight_column,Total:317 Passed:207 Failed:0
stest_1_selenium_agent_insight_search_object_by_iql,Total:318 Passed:207 Failed:0
stest_1_selenium_agent_insight_view_issue_with_objects,Total:319 Passed:207 Failed:0
1654165769594,529,selenium_agent_logout,Success,True
.test_2_selenium_agent_z_logout,Total:320 Passed:208 Failed:0


=============================== warnings summary ===============================
../../root/.bzt/python-packages/3.9.5/_pytest/config/__init__.py:1114
  /root/.bzt/python-packages/3.9.5/_pytest/config/__init__.py:1114: PytestAssertRewriteWarning: Module already imported so cannot be rewritten: apiritif
    self._mark_plugins_for_rewrite(hook)

-- Docs: https://docs.pytest.org/en/stable/warnings.html
================== 13 passed, 7 skipped, 1 warning in 18.52s ===================
============================= test session starts ==============================
platform linux -- Python 3.9.5, pytest-6.2.5, py-1.11.0, pluggy-1.0.0
rootdir: /dc-app-performance-toolkit/app
plugins: apiritif-1.1.2, xdist-2.5.0, forked-1.4.0
collected 20 items

selenium_ui/jsm_ui_agents.py get driver from global
clear browser cookies
1654165769859,192,selenium_agent_login:open_login_page,Success,True
node_id:i-01ec0953c89605d85
1654165770594,734,selenium_agent_login:login_and_view_dashboard,Success,True
1654165770594,927,selenium_agent_login,Success,True
.test_0_selenium_agent_a_login,Total:321 Passed:209 Failed:0
1654165770957,333,selenium_agent_browse_projects,Success,True
.test_1_selenium_agent_browse_projects,Total:322 Passed:210 Failed:0
1654165771877,885,selenium_agent_view_customers,Success,True
.test_1_selenium_agent_view_customers,Total:323 Passed:211 Failed:0
1654165772742,807,selenium_agent_view_request,Success,True
.test_1_selenium_agent_view_request,Total:324 Passed:212 Failed:0
1654165774161,1339,selenium_agent_view_report_workload_medium,Success,True
.test_1_selenium_agent_view_report_workload_medium,Total:325 Passed:213 Failed:0
1654165775023,829,selenium_agent_view_report_created_vs_resolved_medium,Success,True
.test_1_selenium_agent_view_report_created_vs_resolved_medium,Total:326 Passed:214 Failed:0
1654165776388,1335,selenium_agent_view_report_workload_small,Success,True
.test_1_selenium_agent_view_report_workload_small,Total:327 Passed:215 Failed:0
1654165777286,864,selenium_agent_view_report_created_vs_resolved_small,Success,True
.test_1_selenium_agent_view_report_created_vs_resolved_small,Total:328 Passed:216 Failed:0
1654165778573,596,selenium_agent_add_comment:add comment,Success,True
1654165778573,1257,selenium_agent_add_comment,Success,True
.test_1_selenium_agent_add_comment,Total:329 Passed:217 Failed:0
1654165780148,1544,selenium_agent_view_queues_large_project_:all_open_queue,Success,True
1654165780436,287,selenium_agent_view_queues_large_project:random_choice_queue,Success,True
1654165780436,1831,selenium_agent_view_queues_large_project,Success,True
.test_1_selenium_agent_view_queues_medium,Total:330 Passed:218 Failed:0
1654165782972,1932,selenium_agent_view_queues_small_project_:all_open_queue,Success,True
1654165783326,353,selenium_agent_view_queues_small_project:random_choice_queue,Success,True
1654165783326,2287,selenium_agent_view_queues_small_project,Success,True
.test_1_selenium_agent_view_queues_small,Total:331 Passed:219 Failed:0
1654165784263,876,load_aws_project,Success,True
1654165785089,141,select_aws_opsitem_issue_type,Success,True
1654165785155,66,set_aws_opsitem_summary,Success,True
1654165785294,138,set_aws_opsitem_description,Success,True
1654165786403,1109,submit_aws_opsitem,Success,True
1654165786403,2140,load_aws_create_issue_modal,Success,True
1654165786404,3030,selenium_aws_opsitem,Success,True
.test_1_selenium_aws_opsitems,Total:332 Passed:220 Failed:0
get driver from global
clear browser cookies
stest_1_selenium_agent_insight_main_page,Total:333 Passed:220 Failed:0
stest_1_selenium_agent_insight_create_new_schema,Total:334 Passed:220 Failed:0
stest_1_selenium_agent_insight_create_new_object,Total:335 Passed:220 Failed:0
stest_1_selenium_agent_insight_delete_new_schema,Total:336 Passed:220 Failed:0
stest_1_selenium_agent_insight_view_queue_with_insight_column,Total:337 Passed:220 Failed:0
stest_1_selenium_agent_insight_search_object_by_iql,Total:338 Passed:220 Failed:0
stest_1_selenium_agent_insight_view_issue_with_objects,Total:339 Passed:220 Failed:0
1654165787001,539,selenium_agent_logout,Success,True
.test_2_selenium_agent_z_logout,Total:340 Passed:221 Failed:0


=============================== warnings summary ===============================
../../root/.bzt/python-packages/3.9.5/_pytest/config/__init__.py:1114
  /root/.bzt/python-packages/3.9.5/_pytest/config/__init__.py:1114: PytestAssertRewriteWarning: Module already imported so cannot be rewritten: apiritif
    self._mark_plugins_for_rewrite(hook)

-- Docs: https://docs.pytest.org/en/stable/warnings.html
================== 13 passed, 7 skipped, 1 warning in 17.35s ===================
============================= test session starts ==============================
platform linux -- Python 3.9.5, pytest-6.2.5, py-1.11.0, pluggy-1.0.0
rootdir: /dc-app-performance-toolkit/app
plugins: apiritif-1.1.2, xdist-2.5.0, forked-1.4.0
collected 20 items

selenium_ui/jsm_ui_agents.py get driver from global
clear browser cookies
1654165787253,181,selenium_agent_login:open_login_page,Success,True
node_id:i-01ec0953c89605d85
1654165787995,741,selenium_agent_login:login_and_view_dashboard,Success,True
1654165787995,923,selenium_agent_login,Success,True
.test_0_selenium_agent_a_login,Total:341 Passed:222 Failed:0
1654165788379,355,selenium_agent_browse_projects,Success,True
.test_1_selenium_agent_browse_projects,Total:342 Passed:223 Failed:0
1654165789226,817,selenium_agent_view_customers,Success,True
.test_1_selenium_agent_view_customers,Total:343 Passed:224 Failed:0
1654165789900,644,selenium_agent_view_request,Success,True
.test_1_selenium_agent_view_request,Total:344 Passed:225 Failed:0
1654165791253,1319,selenium_agent_view_report_workload_medium,Success,True
.test_1_selenium_agent_view_report_workload_medium,Total:345 Passed:226 Failed:0
1654165792093,810,selenium_agent_view_report_created_vs_resolved_medium,Success,True
.test_1_selenium_agent_view_report_created_vs_resolved_medium,Total:346 Passed:227 Failed:0
1654165793927,1804,selenium_agent_view_report_workload_small,Success,True
.test_1_selenium_agent_view_report_workload_small,Total:347 Passed:228 Failed:0
1654165794736,774,selenium_agent_view_report_created_vs_resolved_small,Success,True
.test_1_selenium_agent_view_report_created_vs_resolved_small,Total:348 Passed:229 Failed:0
1654165796173,591,selenium_agent_add_comment:add comment,Success,True
1654165796173,1404,selenium_agent_add_comment,Success,True
.test_1_selenium_agent_add_comment,Total:349 Passed:230 Failed:0
1654165797828,1620,selenium_agent_view_queues_large_project_:all_open_queue,Success,True
1654165798106,277,selenium_agent_view_queues_large_project:random_choice_queue,Success,True
1654165798106,1898,selenium_agent_view_queues_large_project,Success,True
.test_1_selenium_agent_view_queues_medium,Total:350 Passed:231 Failed:0
1654165800047,1529,selenium_agent_view_queues_small_project_:all_open_queue,Success,True
1654165800344,296,selenium_agent_view_queues_small_project:random_choice_queue,Success,True
1654165800344,1826,selenium_agent_view_queues_small_project,Success,True
.test_1_selenium_agent_view_queues_small,Total:351 Passed:232 Failed:0
1654165801655,1221,load_aws_project,Success,True
1654165802503,146,select_aws_opsitem_issue_type,Success,True
1654165802576,72,set_aws_opsitem_summary,Success,True
1654165802715,139,set_aws_opsitem_description,Success,True
1654165803395,680,submit_aws_opsitem,Success,True
1654165803396,1740,load_aws_create_issue_modal,Success,True
1654165803396,3005,selenium_aws_opsitem,Success,True
.test_1_selenium_aws_opsitems,Total:352 Passed:233 Failed:0
get driver from global
clear browser cookies
stest_1_selenium_agent_insight_main_page,Total:353 Passed:233 Failed:0
stest_1_selenium_agent_insight_create_new_schema,Total:354 Passed:233 Failed:0
stest_1_selenium_agent_insight_create_new_object,Total:355 Passed:233 Failed:0
stest_1_selenium_agent_insight_delete_new_schema,Total:356 Passed:233 Failed:0
stest_1_selenium_agent_insight_view_queue_with_insight_column,Total:357 Passed:233 Failed:0
stest_1_selenium_agent_insight_search_object_by_iql,Total:358 Passed:233 Failed:0
stest_1_selenium_agent_insight_view_issue_with_objects,Total:359 Passed:233 Failed:0
1654165804014,532,selenium_agent_logout,Success,True
.test_2_selenium_agent_z_logout,Total:360 Passed:234 Failed:0


=============================== warnings summary ===============================
../../root/.bzt/python-packages/3.9.5/_pytest/config/__init__.py:1114
  /root/.bzt/python-packages/3.9.5/_pytest/config/__init__.py:1114: PytestAssertRewriteWarning: Module already imported so cannot be rewritten: apiritif
    self._mark_plugins_for_rewrite(hook)

-- Docs: https://docs.pytest.org/en/stable/warnings.html
================== 13 passed, 7 skipped, 1 warning in 16.96s ===================
============================= test session starts ==============================
platform linux -- Python 3.9.5, pytest-6.2.5, py-1.11.0, pluggy-1.0.0
rootdir: /dc-app-performance-toolkit/app
plugins: apiritif-1.1.2, xdist-2.5.0, forked-1.4.0
collected 20 items

selenium_ui/jsm_ui_agents.py get driver from global
clear browser cookies
1654165804340,216,selenium_agent_login:open_login_page,Success,True
node_id:i-01ec0953c89605d85
1654165805114,773,selenium_agent_login:login_and_view_dashboard,Success,True
1654165805114,990,selenium_agent_login,Success,True
.test_0_selenium_agent_a_login,Total:361 Passed:235 Failed:0
1654165805485,342,selenium_agent_browse_projects,Success,True
.test_1_selenium_agent_browse_projects,Total:362 Passed:236 Failed:0
1654165806388,871,selenium_agent_view_customers,Success,True
.test_1_selenium_agent_view_customers,Total:363 Passed:237 Failed:0
1654165807205,763,selenium_agent_view_request,Success,True
.test_1_selenium_agent_view_request,Total:364 Passed:238 Failed:0
1654165808596,1342,selenium_agent_view_report_workload_medium,Success,True
.test_1_selenium_agent_view_report_workload_medium,Total:365 Passed:239 Failed:0
1654165809402,777,selenium_agent_view_report_created_vs_resolved_medium,Success,True
.test_1_selenium_agent_view_report_created_vs_resolved_medium,Total:366 Passed:240 Failed:0
1654165811734,2303,selenium_agent_view_report_workload_small,Success,True
.test_1_selenium_agent_view_report_workload_small,Total:367 Passed:241 Failed:0
1654165812604,840,selenium_agent_view_report_created_vs_resolved_small,Success,True
.test_1_selenium_agent_view_report_created_vs_resolved_small,Total:368 Passed:242 Failed:0
1654165813891,585,selenium_agent_add_comment:add comment,Success,True
1654165813891,1258,selenium_agent_add_comment,Success,True
.test_1_selenium_agent_add_comment,Total:369 Passed:243 Failed:0
1654165815925,2004,selenium_agent_view_queues_large_project_:all_open_queue,Success,True
1654165816222,296,selenium_agent_view_queues_large_project:random_choice_queue,Success,True
1654165816222,2301,selenium_agent_view_queues_large_project,Success,True
.test_1_selenium_agent_view_queues_medium,Total:370 Passed:244 Failed:0
1654165818564,2287,selenium_agent_view_queues_small_project_:all_open_queue,Success,True
1654165819067,502,selenium_agent_view_queues_small_project:random_choice_queue,Success,True
1654165819067,2791,selenium_agent_view_queues_small_project,Success,True
.test_1_selenium_agent_view_queues_small,Total:371 Passed:245 Failed:0
1654165820433,1258,load_aws_project,Success,True
1654165822389,1216,select_aws_opsitem_issue_type,Success,True
1654165822452,63,set_aws_opsitem_summary,Success,True
1654165822574,121,set_aws_opsitem_description,Success,True
1654165823165,590,submit_aws_opsitem,Success,True
1654165823165,2732,load_aws_create_issue_modal,Success,True
1654165823165,4064,selenium_aws_opsitem,Success,True
.test_1_selenium_aws_opsitems,Total:372 Passed:246 Failed:0
get driver from global
clear browser cookies
stest_1_selenium_agent_insight_main_page,Total:373 Passed:246 Failed:0
stest_1_selenium_agent_insight_create_new_schema,Total:374 Passed:246 Failed:0
stest_1_selenium_agent_insight_create_new_object,Total:375 Passed:246 Failed:0
stest_1_selenium_agent_insight_delete_new_schema,Total:376 Passed:246 Failed:0
stest_1_selenium_agent_insight_view_queue_with_insight_column,Total:377 Passed:246 Failed:0
stest_1_selenium_agent_insight_search_object_by_iql,Total:378 Passed:246 Failed:0
stest_1_selenium_agent_insight_view_issue_with_objects,Total:379 Passed:246 Failed:0
1654165823749,522,selenium_agent_logout,Success,True
.test_2_selenium_agent_z_logout,Total:380 Passed:247 Failed:0


=============================== warnings summary ===============================
../../root/.bzt/python-packages/3.9.5/_pytest/config/__init__.py:1114
  /root/.bzt/python-packages/3.9.5/_pytest/config/__init__.py:1114: PytestAssertRewriteWarning: Module already imported so cannot be rewritten: apiritif
    self._mark_plugins_for_rewrite(hook)

-- Docs: https://docs.pytest.org/en/stable/warnings.html
================== 13 passed, 7 skipped, 1 warning in 19.65s ===================
============================= test session starts ==============================
platform linux -- Python 3.9.5, pytest-6.2.5, py-1.11.0, pluggy-1.0.0
rootdir: /dc-app-performance-toolkit/app
plugins: apiritif-1.1.2, xdist-2.5.0, forked-1.4.0
collected 20 items

selenium_ui/jsm_ui_agents.py get driver from global
clear browser cookies
1654165824004,176,selenium_agent_login:open_login_page,Success,True
node_id:i-01ec0953c89605d85
1654165824728,723,selenium_agent_login:login_and_view_dashboard,Success,True
1654165824728,900,selenium_agent_login,Success,True
.test_0_selenium_agent_a_login,Total:381 Passed:248 Failed:0
1654165825101,342,selenium_agent_browse_projects,Success,True
.test_1_selenium_agent_browse_projects,Total:382 Passed:249 Failed:0
1654165825967,828,selenium_agent_view_customers,Success,True
.test_1_selenium_agent_view_customers,Total:383 Passed:250 Failed:0
1654165826693,696,selenium_agent_view_request,Success,True
[...]
.test_1_selenium_agent_view_report_workload_medium,Total:2745 Passed:1786 Failed:0
1654168070225,947,selenium_agent_view_report_created_vs_resolved_medium,Success,True
.test_1_selenium_agent_view_report_created_vs_resolved_medium,Total:2746 Passed:1787 Failed:0
1654168073132,2848,selenium_agent_view_report_workload_small,Success,True
.test_1_selenium_agent_view_report_workload_small,Total:2747 Passed:1788 Failed:0
1654168073979,787,selenium_agent_view_report_created_vs_resolved_small,Success,True
.test_1_selenium_agent_view_report_created_vs_resolved_small,Total:2748 Passed:1789 Failed:0
1654168075391,627,selenium_agent_add_comment:add comment,Success,True
1654168075391,1352,selenium_agent_add_comment,Success,True
.test_1_selenium_agent_add_comment,Total:2749 Passed:1790 Failed:0
1654168077136,1685,selenium_agent_view_queues_large_project_:all_open_queue,Success,True
1654168077426,288,selenium_agent_view_queues_large_project:random_choice_queue,Success,True
1654168077426,1975,selenium_agent_view_queues_large_project,Success,True
.test_1_selenium_agent_view_queues_medium,Total:2750 Passed:1791 Failed:0
1654168080175,2138,selenium_agent_view_queues_small_project_:all_open_queue,Success,True
1654168080563,387,selenium_agent_view_queues_small_project:random_choice_queue,Success,True
1654168080563,2526,selenium_agent_view_queues_small_project,Success,True
.test_1_selenium_agent_view_queues_small,Total:2751 Passed:1792 Failed:0
1654168082442,1409,load_aws_project,Success,True
1654168083287,134,select_aws_opsitem_issue_type,Success,True
1654168083353,66,set_aws_opsitem_summary,Success,True
1654168083481,126,set_aws_opsitem_description,Success,True
1654168084122,641,submit_aws_opsitem,Success,True
1654168084123,1680,load_aws_create_issue_modal,Success,True
1654168084123,3131,selenium_aws_opsitem,Success,True
.test_1_selenium_aws_opsitems,Total:2752 Passed:1793 Failed:0
get driver from global
clear browser cookies
stest_1_selenium_agent_insight_main_page,Total:2753 Passed:1793 Failed:0
stest_1_selenium_agent_insight_create_new_schema,Total:2754 Passed:1793 Failed:0
stest_1_selenium_agent_insight_create_new_object,Total:2755 Passed:1793 Failed:0
stest_1_selenium_agent_insight_delete_new_schema,Total:2756 Passed:1793 Failed:0
stest_1_selenium_agent_insight_view_queue_with_insight_column,Total:2757 Passed:1793 Failed:0
stest_1_selenium_agent_insight_search_object_by_iql,Total:2758 Passed:1793 Failed:0
stest_1_selenium_agent_insight_view_issue_with_objects,Total:2759 Passed:1793 Failed:0
1654168084789,582,selenium_agent_logout,Success,True
.test_2_selenium_agent_z_logout,Total:2760 Passed:1794 Failed:0


=============================== warnings summary ===============================
../../root/.bzt/python-packages/3.9.5/_pytest/config/__init__.py:1114
  /root/.bzt/python-packages/3.9.5/_pytest/config/__init__.py:1114: PytestAssertRewriteWarning: Module already imported so cannot be rewritten: apiritif
    self._mark_plugins_for_rewrite(hook)

-- Docs: https://docs.pytest.org/en/stable/warnings.html
================== 13 passed, 7 skipped, 1 warning in 20.06s ===================
============================= test session starts ==============================
platform linux -- Python 3.9.5, pytest-6.2.5, py-1.11.0, pluggy-1.0.0
rootdir: /dc-app-performance-toolkit/app
plugins: apiritif-1.1.2, xdist-2.5.0, forked-1.4.0
collected 20 items

selenium_ui/jsm_ui_agents.py get driver from global
clear browser cookies
1654168085111,185,selenium_agent_login:open_login_page,Success,True
node_id:i-01ec0953c89605d85
1654168085891,779,selenium_agent_login:login_and_view_dashboard,Success,True
1654168085891,965,selenium_agent_login,Success,True
.test_0_selenium_agent_a_login,Total:2761 Passed:1795 Failed:0
1654168086285,336,selenium_agent_browse_projects,Success,True
.test_1_selenium_agent_browse_projects,Total:2762 Passed:1796 Failed:0
1654168087173,824,selenium_agent_view_customers,Success,True
.test_1_selenium_agent_view_customers,Total:2763 Passed:1797 Failed:0
1654168088113,814,selenium_agent_view_request,Success,True
.test_1_selenium_agent_view_request,Total:2764 Passed:1798 Failed:0
1654168089547,1364,selenium_agent_view_report_workload_medium,Success,True
.test_1_selenium_agent_view_report_workload_medium,Total:2765 Passed:1799 Failed:0
1654168090414,795,selenium_agent_view_report_created_vs_resolved_medium,Success,True
.test_1_selenium_agent_view_report_created_vs_resolved_medium,Total:2766 Passed:1800 Failed:0
1654168092796,2322,selenium_agent_view_report_workload_small,Success,True
.test_1_selenium_agent_view_report_workload_small,Total:2767 Passed:1801 Failed:0
1654168093765,901,selenium_agent_view_report_created_vs_resolved_small,Success,True
.test_1_selenium_agent_view_report_created_vs_resolved_small,Total:2768 Passed:1802 Failed:0
1654168095057,613,selenium_agent_add_comment:add comment,Success,True
1654168095057,1232,selenium_agent_add_comment,Success,True
.test_1_selenium_agent_add_comment,Total:2769 Passed:1803 Failed:0
1654168096969,1853,selenium_agent_view_queues_large_project_:all_open_queue,Success,True
1654168097271,300,selenium_agent_view_queues_large_project:random_choice_queue,Success,True
1654168097271,2154,selenium_agent_view_queues_large_project,Success,True
.test_1_selenium_agent_view_queues_medium,Total:2770 Passed:1804 Failed:0
1654168099766,1997,selenium_agent_view_queues_small_project_:all_open_queue,Success,True
1654168100135,368,selenium_agent_view_queues_small_project:random_choice_queue,Success,True
1654168100135,2366,selenium_agent_view_queues_small_project,Success,True
.test_1_selenium_agent_view_queues_small,Total:2771 Passed:1805 Failed:0
1654168102109,1444,load_aws_project,Success,True
1654168104068,1209,select_aws_opsitem_issue_type,Success,True
1654168104142,73,set_aws_opsitem_summary,Success,True
1654168104272,129,set_aws_opsitem_description,Success,True
1654168104946,674,submit_aws_opsitem,Success,True
1654168104947,2837,load_aws_create_issue_modal,Success,True
1654168104947,4323,selenium_aws_opsitem,Success,True
.test_1_selenium_aws_opsitems,Total:2772 Passed:1806 Failed:0
get driver from global
clear browser cookies
stest_1_selenium_agent_insight_main_page,Total:2773 Passed:1806 Failed:0
stest_1_selenium_agent_insight_create_new_schema,Total:2774 Passed:1806 Failed:0
stest_1_selenium_agent_insight_create_new_object,Total:2775 Passed:1806 Failed:0
stest_1_selenium_agent_insight_delete_new_schema,Total:2776 Passed:1806 Failed:0
stest_1_selenium_agent_insight_view_queue_with_insight_column,Total:2777 Passed:1806 Failed:0
stest_1_selenium_agent_insight_search_object_by_iql,Total:2778 Passed:1806 Failed:0
stest_1_selenium_agent_insight_view_issue_with_objects,Total:2779 Passed:1806 Failed:0
1654168105533,501,selenium_agent_logout,Success,True
.test_2_selenium_agent_z_logout,Total:2780 Passed:1807 Failed:0


=============================== warnings summary ===============================
../../root/.bzt/python-packages/3.9.5/_pytest/config/__init__.py:1114
  /root/.bzt/python-packages/3.9.5/_pytest/config/__init__.py:1114: PytestAssertRewriteWarning: Module already imported so cannot be rewritten: apiritif
    self._mark_plugins_for_rewrite(hook)

-- Docs: https://docs.pytest.org/en/stable/warnings.html
================== 13 passed, 7 skipped, 1 warning in 20.62s ===================
============================= test session starts ==============================
platform linux -- Python 3.9.5, pytest-6.2.5, py-1.11.0, pluggy-1.0.0
rootdir: /dc-app-performance-toolkit/app
plugins: apiritif-1.1.2, xdist-2.5.0, forked-1.4.0
collected 20 items

selenium_ui/jsm_ui_agents.py get driver from global
clear browser cookies
1654168105801,189,selenium_agent_login:open_login_page,Success,True
node_id:i-01ec0953c89605d85
1654168106574,772,selenium_agent_login:login_and_view_dashboard,Success,True
1654168106574,962,selenium_agent_login,Success,True
.test_0_selenium_agent_a_login,Total:2781 Passed:1808 Failed:0
1654168106991,346,selenium_agent_browse_projects,Success,True
.test_1_selenium_agent_browse_projects,Total:2782 Passed:1809 Failed:0
1654168107877,819,selenium_agent_view_customers,Success,True
.test_1_selenium_agent_view_customers,Total:2783 Passed:1810 Failed:0
1654168108604,666,selenium_agent_view_request,Success,True
.test_1_selenium_agent_view_request,Total:2784 Passed:1811 Failed:0
1654168111019,2352,selenium_agent_view_report_workload_medium,Success,True
.test_1_selenium_agent_view_report_workload_medium,Total:2785 Passed:1812 Failed:0
1654168111918,835,selenium_agent_view_report_created_vs_resolved_medium,Success,True
.test_1_selenium_agent_view_report_created_vs_resolved_medium,Total:2786 Passed:1813 Failed:0
1654168114329,2352,selenium_agent_view_report_workload_small,Success,True
.test_1_selenium_agent_view_report_workload_small,Total:2787 Passed:1814 Failed:0
1654168115185,796,selenium_agent_view_report_created_vs_resolved_small,Success,True
.test_1_selenium_agent_view_report_created_vs_resolved_small,Total:2788 Passed:1815 Failed:0
1654168116464,578,selenium_agent_add_comment:add comment,Success,True
1654168116464,1216,selenium_agent_add_comment,Success,True
.test_1_selenium_agent_add_comment,Total:2789 Passed:1816 Failed:0
1654168118590,2066,selenium_agent_view_queues_large_project_:all_open_queue,Success,True
1654168118873,282,selenium_agent_view_queues_large_project:random_choice_queue,Success,True
1654168118873,2349,selenium_agent_view_queues_large_project,Success,True
.test_1_selenium_agent_view_queues_medium,Total:2790 Passed:1817 Failed:0
1654168121482,1972,selenium_agent_view_queues_small_project_:all_open_queue,Success,True
1654168121811,329,selenium_agent_view_queues_small_project:random_choice_queue,Success,True
1654168121811,2301,selenium_agent_view_queues_small_project,Success,True
.test_1_selenium_agent_view_queues_small,Total:2791 Passed:1818 Failed:0
1654168123780,1475,load_aws_project,Success,True
1654168124676,142,select_aws_opsitem_issue_type,Success,True
1654168124747,71,set_aws_opsitem_summary,Success,True
1654168124883,135,set_aws_opsitem_description,Success,True
1654168125993,1109,submit_aws_opsitem,Success,True
1654168125993,2212,load_aws_create_issue_modal,Success,True
1654168125994,3705,selenium_aws_opsitem,Success,True
.test_1_selenium_aws_opsitems,Total:2792 Passed:1819 Failed:0
get driver from global
clear browser cookies
stest_1_selenium_agent_insight_main_page,Total:2793 Passed:1819 Failed:0
stest_1_selenium_agent_insight_create_new_schema,Total:2794 Passed:1819 Failed:0
stest_1_selenium_agent_insight_create_new_object,Total:2795 Passed:1819 Failed:0
stest_1_selenium_agent_insight_delete_new_schema,Total:2796 Passed:1819 Failed:0
stest_1_selenium_agent_insight_view_queue_with_insight_column,Total:2797 Passed:1819 Failed:0
stest_1_selenium_agent_insight_search_object_by_iql,Total:2798 Passed:1819 Failed:0
stest_1_selenium_agent_insight_view_issue_with_objects,Total:2799 Passed:1819 Failed:0
1654168126660,585,selenium_agent_logout,Success,True
.test_2_selenium_agent_z_logout,Total:2800 Passed:1820 Failed:0


=============================== warnings summary ===============================
../../root/.bzt/python-packages/3.9.5/_pytest/config/__init__.py:1114
  /root/.bzt/python-packages/3.9.5/_pytest/config/__init__.py:1114: PytestAssertRewriteWarning: Module already imported so cannot be rewritten: apiritif
    self._mark_plugins_for_rewrite(hook)

-- Docs: https://docs.pytest.org/en/stable/warnings.html
================== 13 passed, 7 skipped, 1 warning in 21.07s ===================
============================= test session starts ==============================
platform linux -- Python 3.9.5, pytest-6.2.5, py-1.11.0, pluggy-1.0.0
rootdir: /dc-app-performance-toolkit/app
plugins: apiritif-1.1.2, xdist-2.5.0, forked-1.4.0
collected 20 items

selenium_ui/jsm_ui_agents.py get driver from global
clear browser cookies
1654168126923,180,selenium_agent_login:open_login_page,Success,True
node_id:i-01ec0953c89605d85
1654168127634,710,selenium_agent_login:login_and_view_dashboard,Success,True
1654168127634,891,selenium_agent_login,Success,True
.test_0_selenium_agent_a_login,Total:2801 Passed:1821 Failed:0
1654168128056,322,selenium_agent_browse_projects,Success,True
.test_1_selenium_agent_browse_projects,Total:2802 Passed:1822 Failed:0
1654168128969,851,selenium_agent_view_customers,Success,True
.test_1_selenium_agent_view_customers,Total:2803 Passed:1823 Failed:0
1654168129744,701,selenium_agent_view_request,Success,True
.test_1_selenium_agent_view_request,Total:2804 Passed:1824 Failed:0
1654168131135,1324,selenium_agent_view_report_workload_medium,Success,True
.test_1_selenium_agent_view_report_workload_medium,Total:2805 Passed:1825 Failed:0
1654168131994,798,selenium_agent_view_report_created_vs_resolved_medium,Success,True
.test_1_selenium_agent_view_report_created_vs_resolved_medium,Total:2806 Passed:1826 Failed:0
1654168134611,2546,selenium_agent_view_report_workload_small,Success,True
.test_1_selenium_agent_view_report_workload_small,Total:2807 Passed:1827 Failed:0
1654168135499,818,selenium_agent_view_report_created_vs_resolved_small,Success,True
.test_1_selenium_agent_view_report_created_vs_resolved_small,Total:2808 Passed:1828 Failed:0
1654168136839,647,selenium_agent_add_comment:add comment,Success,True
1654168136839,1271,selenium_agent_add_comment,Success,True
.test_1_selenium_agent_add_comment,Total:2809 Passed:1829 Failed:0
1654168138476,1575,selenium_agent_view_queues_large_project_:all_open_queue,Success,True
1654168138791,315,selenium_agent_view_queues_large_project:random_choice_queue,Success,True
1654168138791,1891,selenium_agent_view_queues_large_project,Success,True
.test_1_selenium_agent_view_queues_medium,Total:2810 Passed:1830 Failed:0
1654168141388,2197,selenium_agent_view_queues_small_project_:all_open_queue,Success,True
1654168141823,435,selenium_agent_view_queues_small_project:random_choice_queue,Success,True
1654168141823,2633,selenium_agent_view_queues_small_project,Success,True
.test_1_selenium_agent_view_queues_small,Total:2811 Passed:1831 Failed:0
1654168143769,1418,load_aws_project,Success,True
1654168144656,143,select_aws_opsitem_issue_type,Success,True
1654168144723,67,set_aws_opsitem_summary,Success,True
1654168144868,143,set_aws_opsitem_description,Success,True
1654168145563,694,submit_aws_opsitem,Success,True
1654168145563,1793,load_aws_create_issue_modal,Success,True
1654168145563,3252,selenium_aws_opsitem,Success,True
.test_1_selenium_aws_opsitems,Total:2812 Passed:1832 Failed:0
get driver from global
clear browser cookies
stest_1_selenium_agent_insight_main_page,Total:2813 Passed:1832 Failed:0
stest_1_selenium_agent_insight_create_new_schema,Total:2814 Passed:1832 Failed:0
stest_1_selenium_agent_insight_create_new_object,Total:2815 Passed:1832 Failed:0
stest_1_selenium_agent_insight_delete_new_schema,Total:2816 Passed:1832 Failed:0
stest_1_selenium_agent_insight_view_queue_with_insight_column,Total:2817 Passed:1832 Failed:0
stest_1_selenium_agent_insight_search_object_by_iql,Total:2818 Passed:1832 Failed:0
stest_1_selenium_agent_insight_view_issue_with_objects,Total:2819 Passed:1832 Failed:0
1654168146195,541,selenium_agent_logout,Success,True
.test_2_selenium_agent_z_logout,Total:2820 Passed:1833 Failed:0


=============================== warnings summary ===============================
../../root/.bzt/python-packages/3.9.5/_pytest/config/__init__.py:1114
  /root/.bzt/python-packages/3.9.5/_pytest/config/__init__.py:1114: PytestAssertRewriteWarning: Module already imported so cannot be rewritten: apiritif
    self._mark_plugins_for_rewrite(hook)

-- Docs: https://docs.pytest.org/en/stable/warnings.html
================== 13 passed, 7 skipped, 1 warning in 19.47s ===================
============================= test session starts ==============================
platform linux -- Python 3.9.5, pytest-6.2.5, py-1.11.0, pluggy-1.0.0
rootdir: /dc-app-performance-toolkit/app
plugins: apiritif-1.1.2, xdist-2.5.0, forked-1.4.0
collected 20 items

selenium_ui/jsm_ui_agents.py get driver from global
clear browser cookies
1654168146464,179,selenium_agent_login:open_login_page,Success,True
node_id:i-01ec0953c89605d85
1654168147167,702,selenium_agent_login:login_and_view_dashboard,Success,True
1654168147167,882,selenium_agent_login,Success,True
.test_0_selenium_agent_a_login,Total:2821 Passed:1834 Failed:0
1654168147561,334,selenium_agent_browse_projects,Success,True
.test_1_selenium_agent_browse_projects,Total:2822 Passed:1835 Failed:0
1654168148437,811,selenium_agent_view_customers,Success,True
.test_1_selenium_agent_view_customers,Total:2823 Passed:1836 Failed:0
1654168149221,720,selenium_agent_view_request,Success,True
.test_1_selenium_agent_view_request,Total:2824 Passed:1837 Failed:0
1654168150747,1464,selenium_agent_view_report_workload_medium,Success,True
.test_1_selenium_agent_view_report_workload_medium,Total:2825 Passed:1838 Failed:0
1654168151606,794,selenium_agent_view_report_created_vs_resolved_medium,Success,True
.test_1_selenium_agent_view_report_created_vs_resolved_medium,Total:2826 Passed:1839 Failed:0
1654168154508,2835,selenium_agent_view_report_workload_small,Success,True
.test_1_selenium_agent_view_report_workload_small,Total:2827 Passed:1840 Failed:0
1654168155415,845,selenium_agent_view_report_created_vs_resolved_small,Success,True
.test_1_selenium_agent_view_report_created_vs_resolved_small,Total:2828 Passed:1841 Failed:0
1654168156833,544,selenium_agent_add_comment:add comment,Success,True
1654168156833,1358,selenium_agent_add_comment,Success,True
.test_1_selenium_agent_add_comment,Total:2829 Passed:1842 Failed:0
1654168158528,1634,selenium_agent_view_queues_large_project_:all_open_queue,Success,True
1654168158826,298,selenium_agent_view_queues_large_project:random_choice_queue,Success,True
1654168158826,1932,selenium_agent_view_queues_large_project,Success,True
.test_1_selenium_agent_view_queues_medium,Total:2830 Passed:1843 Failed:0
1654168161380,1978,selenium_agent_view_queues_small_project_:all_open_queue,Success,True
1654168161763,382,selenium_agent_view_queues_small_project:random_choice_queue,Success,True
1654168161763,2360,selenium_agent_view_queues_small_project,Success,True
.test_1_selenium_agent_view_queues_small,Total:2831 Passed:1844 Failed:0
1654168163692,1440,load_aws_project,Success,True
1654168164654,164,select_aws_opsitem_issue_type,Success,True
1654168164734,80,set_aws_opsitem_summary,Success,True
1654168164889,154,set_aws_opsitem_description,Success,True
1654168166008,1118,submit_aws_opsitem,Success,True
1654168166008,2315,load_aws_create_issue_modal,Success,True
1654168166008,3797,selenium_aws_opsitem,Success,True
.test_1_selenium_aws_opsitems,Total:2832 Passed:1845 Failed:0
get driver from global
clear browser cookies
stest_1_selenium_agent_insight_main_page,Total:2833 Passed:1845 Failed:0
stest_1_selenium_agent_insight_create_new_schema,Total:2834 Passed:1845 Failed:0
stest_1_selenium_agent_insight_create_new_object,Total:2835 Passed:1845 Failed:0
stest_1_selenium_agent_insight_delete_new_schema,Total:2836 Passed:1845 Failed:0
stest_1_selenium_agent_insight_view_queue_with_insight_column,Total:2837 Passed:1845 Failed:0
stest_1_selenium_agent_insight_search_object_by_iql,Total:2838 Passed:1845 Failed:0
stest_1_selenium_agent_insight_view_issue_with_objects,Total:2839 Passed:1845 Failed:0
1654168166745,653,selenium_agent_logout,Success,True
.test_2_selenium_agent_z_logout,Total:2840 Passed:1846 Failed:0


=============================== warnings summary ===============================
../../root/.bzt/python-packages/3.9.5/_pytest/config/__init__.py:1114
  /root/.bzt/python-packages/3.9.5/_pytest/config/__init__.py:1114: PytestAssertRewriteWarning: Module already imported so cannot be rewritten: apiritif
    self._mark_plugins_for_rewrite(hook)

-- Docs: https://docs.pytest.org/en/stable/warnings.html
================== 13 passed, 7 skipped, 1 warning in 20.49s ===================
