============================= test session starts ==============================
platform linux -- Python 3.9.5, pytest-6.2.5, py-1.11.0, pluggy-1.0.0
rootdir: /dc-app-performance-toolkit/app
plugins: apiritif-1.1.2, xdist-2.5.0, forked-1.4.0
collected 9 items

selenium_ui/jsm_ui_customers.py first driver inits
1653571463023,2141,selenium_customer_login:open_login_page,Success,True
1653571464027,1004,selenium_customer_login:login_and_view_portal,Success,True
1653571464027,3145,selenium_customer_login,Success,True
.test_0_selenium_customer_a_login,Total:1 Passed:1 Failed:0
1653571465306,1277,selenium_customer_create_request:browse_all_portals,Success,True
1653571466362,1055,selenium_customer_create_request:view_portal,Success,True
1653571467446,1083,selenium_customer_create_request:choose_request_type,Success,True
1653571471016,3569,selenium_customer_create_request:create_and_submit_request,Success,True
1653571471016,6987,selenium_customer_create_request,Success,True
.test_1_selenium_customer_create_request,Total:2 Passed:2 Failed:0
1653571472148,1130,selenium_customer_view_request,Success,True
.test_1_selenium_customer_view_request,Total:3 Passed:3 Failed:0
1653571473015,865,selenium_customer_view_requests,Success,True
.test_1_selenium_customer_view_requests,Total:4 Passed:4 Failed:0
1653571473344,327,selenium_customer_view_all_requests,Success,True
.test_1_selenium_customer_view_all_requests,Total:5 Passed:5 Failed:0
1653571476131,2625,selenium_customer_share_request_with_customer:search_for_customer_to_share_with,Success,True
1653571477724,1592,selenium_customer_share_request:share_request_with_customer,Success,True
1653571477724,4218,selenium_customer_share_request_with_customer,Success,True
.test_1_selenium_customer_share_request_with_customer,Total:6 Passed:6 Failed:0
1653571481932,4207,selenium_customer_add_comment,Success,True
.test_1_selenium_customer_add_comment,Total:7 Passed:7 Failed:0
stest_0_selenium_customer_insight_view_request,Total:8 Passed:7 Failed:0
1653571482541,605,selenium_customer_log_out,Success,True
.test_2_selenium_customer_z_log_out,Total:9 Passed:8 Failed:0


=============================== warnings summary ===============================
../../root/.bzt/python-packages/3.9.5/_pytest/config/__init__.py:1114
  /root/.bzt/python-packages/3.9.5/_pytest/config/__init__.py:1114: PytestAssertRewriteWarning: Module already imported so cannot be rewritten: apiritif
    self._mark_plugins_for_rewrite(hook)

-- Docs: https://docs.pytest.org/en/stable/warnings.html
=================== 8 passed, 1 skipped, 1 warning in 22.39s ===================
============================= test session starts ==============================
platform linux -- Python 3.9.5, pytest-6.2.5, py-1.11.0, pluggy-1.0.0
rootdir: /dc-app-performance-toolkit/app
plugins: apiritif-1.1.2, xdist-2.5.0, forked-1.4.0
collected 9 items

selenium_ui/jsm_ui_customers.py get driver from global
clear browser cookies
1653571482752,119,selenium_customer_login:open_login_page,Success,True
1653571483445,692,selenium_customer_login:login_and_view_portal,Success,True
1653571483445,812,selenium_customer_login,Success,True
.test_0_selenium_customer_a_login,Total:10 Passed:9 Failed:0
1653571484128,681,selenium_customer_create_request:browse_all_portals,Success,True
1653571484298,169,selenium_customer_create_request:view_portal,Success,True
1653571485152,854,selenium_customer_create_request:choose_request_type,Success,True
1653571485480,328,selenium_customer_create_request:create_and_submit_request,Success,True
1653571485480,2033,selenium_customer_create_request,Success,True
.test_1_selenium_customer_create_request,Total:11 Passed:10 Failed:0
1653571485706,223,selenium_customer_view_request,Success,True
.test_1_selenium_customer_view_request,Total:12 Passed:11 Failed:0
1653571486137,430,selenium_customer_view_requests,Success,True
.test_1_selenium_customer_view_requests,Total:13 Passed:12 Failed:0
1653571486477,337,selenium_customer_view_all_requests,Success,True
.test_1_selenium_customer_view_all_requests,Total:14 Passed:13 Failed:0
1653571489295,2638,selenium_customer_share_request_with_customer:search_for_customer_to_share_with,Success,True
1653571490885,1589,selenium_customer_share_request:share_request_with_customer,Success,True
1653571490885,4228,selenium_customer_share_request_with_customer,Success,True
.test_1_selenium_customer_share_request_with_customer,Total:15 Passed:14 Failed:0
1653571492429,1542,selenium_customer_add_comment,Success,True
.test_1_selenium_customer_add_comment,Total:16 Passed:15 Failed:0
stest_0_selenium_customer_insight_view_request,Total:17 Passed:15 Failed:0
1653571492669,238,selenium_customer_log_out,Success,True
.test_2_selenium_customer_z_log_out,Total:18 Passed:16 Failed:0


=============================== warnings summary ===============================
../../root/.bzt/python-packages/3.9.5/_pytest/config/__init__.py:1114
  /root/.bzt/python-packages/3.9.5/_pytest/config/__init__.py:1114: PytestAssertRewriteWarning: Module already imported so cannot be rewritten: apiritif
    self._mark_plugins_for_rewrite(hook)

-- Docs: https://docs.pytest.org/en/stable/warnings.html
=================== 8 passed, 1 skipped, 1 warning in 10.07s ===================
============================= test session starts ==============================
platform linux -- Python 3.9.5, pytest-6.2.5, py-1.11.0, pluggy-1.0.0
rootdir: /dc-app-performance-toolkit/app
plugins: apiritif-1.1.2, xdist-2.5.0, forked-1.4.0
collected 9 items

selenium_ui/jsm_ui_customers.py get driver from global
clear browser cookies
1653571492883,113,selenium_customer_login:open_login_page,Success,True
1653571493380,496,selenium_customer_login:login_and_view_portal,Success,True
1653571493380,609,selenium_customer_login,Success,True
.test_0_selenium_customer_a_login,Total:19 Passed:17 Failed:0
1653571494065,683,selenium_customer_create_request:browse_all_portals,Success,True
1653571494260,194,selenium_customer_create_request:view_portal,Success,True
1653571494914,653,selenium_customer_create_request:choose_request_type,Success,True
1653571495175,261,selenium_customer_create_request:create_and_submit_request,Success,True
1653571495175,1793,selenium_customer_create_request,Success,True
.test_1_selenium_customer_create_request,Total:20 Passed:18 Failed:0
1653571495345,167,selenium_customer_view_request,Success,True
.test_1_selenium_customer_view_request,Total:21 Passed:19 Failed:0
1653571495688,341,selenium_customer_view_requests,Success,True
.test_1_selenium_customer_view_requests,Total:22 Passed:20 Failed:0
1653571496036,346,selenium_customer_view_all_requests,Success,True
.test_1_selenium_customer_view_all_requests,Total:23 Passed:21 Failed:0
1653571498840,2652,selenium_customer_share_request_with_customer:search_for_customer_to_share_with,Success,True
1653571500443,1602,selenium_customer_share_request:share_request_with_customer,Success,True
1653571500443,4255,selenium_customer_share_request_with_customer,Success,True
.test_1_selenium_customer_share_request_with_customer,Total:24 Passed:22 Failed:0
1653571501905,1461,selenium_customer_add_comment,Success,True
.test_1_selenium_customer_add_comment,Total:25 Passed:23 Failed:0
stest_0_selenium_customer_insight_view_request,Total:26 Passed:23 Failed:0
1653571502118,210,selenium_customer_log_out,Success,True
.test_2_selenium_customer_z_log_out,Total:27 Passed:24 Failed:0


=============================== warnings summary ===============================
../../root/.bzt/python-packages/3.9.5/_pytest/config/__init__.py:1114
  /root/.bzt/python-packages/3.9.5/_pytest/config/__init__.py:1114: PytestAssertRewriteWarning: Module already imported so cannot be rewritten: apiritif
    self._mark_plugins_for_rewrite(hook)

-- Docs: https://docs.pytest.org/en/stable/warnings.html
=================== 8 passed, 1 skipped, 1 warning in 9.38s ====================
============================= test session starts ==============================
platform linux -- Python 3.9.5, pytest-6.2.5, py-1.11.0, pluggy-1.0.0
rootdir: /dc-app-performance-toolkit/app
plugins: apiritif-1.1.2, xdist-2.5.0, forked-1.4.0
collected 9 items

selenium_ui/jsm_ui_customers.py get driver from global
clear browser cookies
1653571502317,114,selenium_customer_login:open_login_page,Success,True
1653571502646,328,selenium_customer_login:login_and_view_portal,Success,True
1653571502646,443,selenium_customer_login,Success,True
.test_0_selenium_customer_a_login,Total:28 Passed:25 Failed:0
1653571503339,690,selenium_customer_create_request:browse_all_portals,Success,True
1653571503501,162,selenium_customer_create_request:view_portal,Success,True
1653571504139,637,selenium_customer_create_request:choose_request_type,Success,True
1653571504415,275,selenium_customer_create_request:create_and_submit_request,Success,True
1653571504415,1767,selenium_customer_create_request,Success,True
.test_1_selenium_customer_create_request,Total:29 Passed:26 Failed:0
1653571504643,227,selenium_customer_view_request,Success,True
.test_1_selenium_customer_view_request,Total:30 Passed:27 Failed:0
1653571504974,329,selenium_customer_view_requests,Success,True
.test_1_selenium_customer_view_requests,Total:31 Passed:28 Failed:0
1653571505304,328,selenium_customer_view_all_requests,Success,True
.test_1_selenium_customer_view_all_requests,Total:32 Passed:29 Failed:0
1653571508088,2634,selenium_customer_share_request_with_customer:search_for_customer_to_share_with,Success,True
1653571509690,1601,selenium_customer_share_request:share_request_with_customer,Success,True
1653571509690,4236,selenium_customer_share_request_with_customer,Success,True
.test_1_selenium_customer_share_request_with_customer,Total:33 Passed:30 Failed:0
1653571511192,1500,selenium_customer_add_comment,Success,True
.test_1_selenium_customer_add_comment,Total:34 Passed:31 Failed:0
stest_0_selenium_customer_insight_view_request,Total:35 Passed:31 Failed:0
1653571511410,215,selenium_customer_log_out,Success,True
.test_2_selenium_customer_z_log_out,Total:36 Passed:32 Failed:0


=============================== warnings summary ===============================
../../root/.bzt/python-packages/3.9.5/_pytest/config/__init__.py:1114
  /root/.bzt/python-packages/3.9.5/_pytest/config/__init__.py:1114: PytestAssertRewriteWarning: Module already imported so cannot be rewritten: apiritif
    self._mark_plugins_for_rewrite(hook)

-- Docs: https://docs.pytest.org/en/stable/warnings.html
=================== 8 passed, 1 skipped, 1 warning in 9.23s ====================
============================= test session starts ==============================
platform linux -- Python 3.9.5, pytest-6.2.5, py-1.11.0, pluggy-1.0.0
rootdir: /dc-app-performance-toolkit/app
plugins: apiritif-1.1.2, xdist-2.5.0, forked-1.4.0
collected 9 items

selenium_ui/jsm_ui_customers.py get driver from global
clear browser cookies
1653571511625,128,selenium_customer_login:open_login_page,Success,True
1653571512309,683,selenium_customer_login:login_and_view_portal,Success,True
1653571512309,812,selenium_customer_login,Success,True
.test_0_selenium_customer_a_login,Total:37 Passed:33 Failed:0
1653571512491,181,selenium_customer_create_request:browse_all_portals,Success,True
1653571512667,176,selenium_customer_create_request:view_portal,Success,True
1653571513305,637,selenium_customer_create_request:choose_request_type,Success,True
1653571513542,236,selenium_customer_create_request:create_and_submit_request,Success,True
1653571513542,1232,selenium_customer_create_request,Success,True
.test_1_selenium_customer_create_request,Total:38 Passed:34 Failed:0
1653571513783,239,selenium_customer_view_request,Success,True
.test_1_selenium_customer_view_request,Total:39 Passed:35 Failed:0
1653571514079,294,selenium_customer_view_requests,Success,True
.test_1_selenium_customer_view_requests,Total:40 Passed:36 Failed:0
1653571514830,749,selenium_customer_view_all_requests,Success,True
.test_1_selenium_customer_view_all_requests,Total:41 Passed:37 Failed:0
1653571517627,2657,selenium_customer_share_request_with_customer:search_for_customer_to_share_with,Success,True
1653571519222,1595,selenium_customer_share_request:share_request_with_customer,Success,True
1653571519222,4253,selenium_customer_share_request_with_customer,Success,True
.test_1_selenium_customer_share_request_with_customer,Total:42 Passed:38 Failed:0
1653571520760,1536,selenium_customer_add_comment,Success,True
.test_1_selenium_customer_add_comment,Total:43 Passed:39 Failed:0
stest_0_selenium_customer_insight_view_request,Total:44 Passed:39 Failed:0
1653571520982,218,selenium_customer_log_out,Success,True
.test_2_selenium_customer_z_log_out,Total:45 Passed:40 Failed:0


=============================== warnings summary ===============================
../../root/.bzt/python-packages/3.9.5/_pytest/config/__init__.py:1114
  /root/.bzt/python-packages/3.9.5/_pytest/config/__init__.py:1114: PytestAssertRewriteWarning: Module already imported so cannot be rewritten: apiritif
    self._mark_plugins_for_rewrite(hook)

-- Docs: https://docs.pytest.org/en/stable/warnings.html
=================== 8 passed, 1 skipped, 1 warning in 9.51s ====================
============================= test session starts ==============================
platform linux -- Python 3.9.5, pytest-6.2.5, py-1.11.0, pluggy-1.0.0
rootdir: /dc-app-performance-toolkit/app
plugins: apiritif-1.1.2, xdist-2.5.0, forked-1.4.0
collected 9 items

selenium_ui/jsm_ui_customers.py get driver from global
clear browser cookies
1653571521210,119,selenium_customer_login:open_login_page,Success,True
1653571521615,405,selenium_customer_login:login_and_view_portal,Success,True
1653571521615,525,selenium_customer_login,Success,True
.test_0_selenium_customer_a_login,Total:46 Passed:41 Failed:0
1653571522281,663,selenium_customer_create_request:browse_all_portals,Success,True
1653571522467,186,selenium_customer_create_request:view_portal,Success,True
1653571523155,687,selenium_customer_create_request:choose_request_type,Success,True
1653571523387,230,selenium_customer_create_request:create_and_submit_request,Success,True
1653571523387,1770,selenium_customer_create_request,Success,True
.test_1_selenium_customer_create_request,Total:47 Passed:42 Failed:0
1653571523612,224,selenium_customer_view_request,Success,True
.test_1_selenium_customer_view_request,Total:48 Passed:43 Failed:0
1653571524018,404,selenium_customer_view_requests,Success,True
.test_1_selenium_customer_view_requests,Total:49 Passed:44 Failed:0
1653571524330,311,selenium_customer_view_all_requests,Success,True
.test_1_selenium_customer_view_all_requests,Total:50 Passed:45 Failed:0
1653571527104,2629,selenium_customer_share_request_with_customer:search_for_customer_to_share_with,Success,True
1653571528720,1615,selenium_customer_share_request:share_request_with_customer,Success,True
1653571528720,4245,selenium_customer_share_request_with_customer,Success,True
.test_1_selenium_customer_share_request_with_customer,Total:51 Passed:46 Failed:0
1653571530257,1536,selenium_customer_add_comment,Success,True
.test_1_selenium_customer_add_comment,Total:52 Passed:47 Failed:0
stest_0_selenium_customer_insight_view_request,Total:53 Passed:47 Failed:0
1653571530498,237,selenium_customer_log_out,Success,True
.test_2_selenium_customer_z_log_out,Total:54 Passed:48 Failed:0


=============================== warnings summary ===============================
../../root/.bzt/python-packages/3.9.5/_pytest/config/__init__.py:1114
  /root/.bzt/python-packages/3.9.5/_pytest/config/__init__.py:1114: PytestAssertRewriteWarning: Module already imported so cannot be rewritten: apiritif
    self._mark_plugins_for_rewrite(hook)

-- Docs: https://docs.pytest.org/en/stable/warnings.html
=================== 8 passed, 1 skipped, 1 warning in 9.44s ====================
============================= test session starts ==============================
platform linux -- Python 3.9.5, pytest-6.2.5, py-1.11.0, pluggy-1.0.0
rootdir: /dc-app-performance-toolkit/app
plugins: apiritif-1.1.2, xdist-2.5.0, forked-1.4.0
collected 9 items

selenium_ui/jsm_ui_customers.py get driver from global
clear browser cookies
1653571530714,128,selenium_customer_login:open_login_page,Success,True
1653571531406,691,selenium_customer_login:login_and_view_portal,Success,True
1653571531406,821,selenium_customer_login,Success,True
.test_0_selenium_customer_a_login,Total:55 Passed:49 Failed:0
1653571531569,161,selenium_customer_create_request:browse_all_portals,Success,True
1653571531759,189,selenium_customer_create_request:view_portal,Success,True
1653571532392,632,selenium_customer_create_request:choose_request_type,Success,True
1653571532647,254,selenium_customer_create_request:create_and_submit_request,Success,True
1653571532647,1239,selenium_customer_create_request,Success,True
.test_1_selenium_customer_create_request,Total:56 Passed:50 Failed:0
1653571532875,226,selenium_customer_view_request,Success,True
.test_1_selenium_customer_view_request,Total:57 Passed:51 Failed:0
1653571533215,338,selenium_customer_view_requests,Success,True
.test_1_selenium_customer_view_requests,Total:58 Passed:52 Failed:0
1653571533553,335,selenium_customer_view_all_requests,Success,True
.test_1_selenium_customer_view_all_requests,Total:59 Passed:53 Failed:0
1653571536362,2655,selenium_customer_share_request_with_customer:search_for_customer_to_share_with,Success,True
1653571537954,1591,selenium_customer_share_request:share_request_with_customer,Success,True
1653571537954,4247,selenium_customer_share_request_with_customer,Success,True
.test_1_selenium_customer_share_request_with_customer,Total:60 Passed:54 Failed:0
1653571539494,1537,selenium_customer_add_comment,Success,True
.test_1_selenium_customer_add_comment,Total:61 Passed:55 Failed:0
stest_0_selenium_customer_insight_view_request,Total:62 Passed:55 Failed:0
1653571539724,227,selenium_customer_log_out,Success,True
.test_2_selenium_customer_z_log_out,Total:63 Passed:56 Failed:0


=============================== warnings summary ===============================
../../root/.bzt/python-packages/3.9.5/_pytest/config/__init__.py:1114
  /root/.bzt/python-packages/3.9.5/_pytest/config/__init__.py:1114: PytestAssertRewriteWarning: Module already imported so cannot be rewritten: apiritif
    self._mark_plugins_for_rewrite(hook)

-- Docs: https://docs.pytest.org/en/stable/warnings.html
=================== 8 passed, 1 skipped, 1 warning in 9.17s ====================
============================= test session starts ==============================
platform linux -- Python 3.9.5, pytest-6.2.5, py-1.11.0, pluggy-1.0.0
rootdir: /dc-app-performance-toolkit/app
plugins: apiritif-1.1.2, xdist-2.5.0, forked-1.4.0
collected 9 items

selenium_ui/jsm_ui_customers.py get driver from global
clear browser cookies
1653571539927,113,selenium_customer_login:open_login_page,Success,True
1653571540805,877,selenium_customer_login:login_and_view_portal,Success,True
1653571540805,991,selenium_customer_login,Success,True
.test_0_selenium_customer_a_login,Total:64 Passed:57 Failed:0
1653571540965,158,selenium_customer_create_request:browse_all_portals,Success,True
1653571541146,181,selenium_customer_create_request:view_portal,Success,True
1653571541803,656,selenium_customer_create_request:choose_request_type,Success,True
1653571542102,298,selenium_customer_create_request:create_and_submit_request,Success,True
1653571542102,1296,selenium_customer_create_request,Success,True
.test_1_selenium_customer_create_request,Total:65 Passed:58 Failed:0
1653571542252,148,selenium_customer_view_request,Success,True
.test_1_selenium_customer_view_request,Total:66 Passed:59 Failed:0
1653571542559,305,selenium_customer_view_requests,Success,True
.test_1_selenium_customer_view_requests,Total:67 Passed:60 Failed:0
1653571542893,331,selenium_customer_view_all_requests,Success,True
.test_1_selenium_customer_view_all_requests,Total:68 Passed:61 Failed:0
1653571545675,2658,selenium_customer_share_request_with_customer:search_for_customer_to_share_with,Success,True
1653571547264,1589,selenium_customer_share_request:share_request_with_customer,Success,True
1653571547264,4247,selenium_customer_share_request_with_customer,Success,True
.test_1_selenium_customer_share_request_with_customer,Total:69 Passed:62 Failed:0
1653571548711,1445,selenium_customer_add_comment,Success,True
.test_1_selenium_customer_add_comment,Total:70 Passed:63 Failed:0
stest_0_selenium_customer_insight_view_request,Total:71 Passed:63 Failed:0
1653571548937,223,selenium_customer_log_out,Success,True
.test_2_selenium_customer_z_log_out,Total:72 Passed:64 Failed:0


=============================== warnings summary ===============================
../../root/.bzt/python-packages/3.9.5/_pytest/config/__init__.py:1114
  /root/.bzt/python-packages/3.9.5/_pytest/config/__init__.py:1114: PytestAssertRewriteWarning: Module already imported so cannot be rewritten: apiritif
    self._mark_plugins_for_rewrite(hook)

-- Docs: https://docs.pytest.org/en/stable/warnings.html
=================== 8 passed, 1 skipped, 1 warning in 9.15s ====================
============================= test session starts ==============================
platform linux -- Python 3.9.5, pytest-6.2.5, py-1.11.0, pluggy-1.0.0
rootdir: /dc-app-performance-toolkit/app
plugins: apiritif-1.1.2, xdist-2.5.0, forked-1.4.0
collected 9 items

selenium_ui/jsm_ui_customers.py get driver from global
clear browser cookies
1653571549189,148,selenium_customer_login:open_login_page,Success,True
1653571549914,724,selenium_customer_login:login_and_view_portal,Success,True
1653571549914,874,selenium_customer_login,Success,True
.test_0_selenium_customer_a_login,Total:73 Passed:65 Failed:0
1653571550081,165,selenium_customer_create_request:browse_all_portals,Success,True
1653571550244,163,selenium_customer_create_request:view_portal,Success,True
1653571550954,709,selenium_customer_create_request:choose_request_type,Success,True
1653571551187,232,selenium_customer_create_request:create_and_submit_request,Success,True
1653571551187,1271,selenium_customer_create_request,Success,True
.test_1_selenium_customer_create_request,Total:74 Passed:66 Failed:0
1653571551473,284,selenium_customer_view_request,Success,True
.test_1_selenium_customer_view_request,Total:75 Passed:67 Failed:0
1653571551918,442,selenium_customer_view_requests,Success,True
.test_1_selenium_customer_view_requests,Total:76 Passed:68 Failed:0
1653571552224,304,selenium_customer_view_all_requests,Success,True
.test_1_selenium_customer_view_all_requests,Total:77 Passed:69 Failed:0
1653571555044,2654,selenium_customer_share_request_with_customer:search_for_customer_to_share_with,Success,True
1653571556633,1588,selenium_customer_share_request:share_request_with_customer,Success,True
1653571556634,4243,selenium_customer_share_request_with_customer,Success,True
.test_1_selenium_customer_share_request_with_customer,Total:78 Passed:70 Failed:0
1653571558091,1456,selenium_customer_add_comment,Success,True
.test_1_selenium_customer_add_comment,Total:79 Passed:71 Failed:0
stest_0_selenium_customer_insight_view_request,Total:80 Passed:71 Failed:0
1653571558308,214,selenium_customer_log_out,Success,True
.test_2_selenium_customer_z_log_out,Total:81 Passed:72 Failed:0


=============================== warnings summary ===============================
../../root/.bzt/python-packages/3.9.5/_pytest/config/__init__.py:1114
  /root/.bzt/python-packages/3.9.5/_pytest/config/__init__.py:1114: PytestAssertRewriteWarning: Module already imported so cannot be rewritten: apiritif
    self._mark_plugins_for_rewrite(hook)

-- Docs: https://docs.pytest.org/en/stable/warnings.html
=================== 8 passed, 1 skipped, 1 warning in 9.30s ====================
============================= test session starts ==============================
platform linux -- Python 3.9.5, pytest-6.2.5, py-1.11.0, pluggy-1.0.0
rootdir: /dc-app-performance-toolkit/app
plugins: apiritif-1.1.2, xdist-2.5.0, forked-1.4.0
collected 9 items

selenium_ui/jsm_ui_customers.py get driver from global
clear browser cookies
1653571558532,131,selenium_customer_login:open_login_page,Success,True
1653571559410,877,selenium_customer_login:login_and_view_portal,Success,True
1653571559410,1010,selenium_customer_login,Success,True
.test_0_selenium_customer_a_login,Total:82 Passed:73 Failed:0
1653571559558,146,selenium_customer_create_request:browse_all_portals,Success,True
1653571559727,168,selenium_customer_create_request:view_portal,Success,True
1653571560360,633,selenium_customer_create_request:choose_request_type,Success,True
1653571561002,641,selenium_customer_create_request:create_and_submit_request,Success,True
1653571561002,1591,selenium_customer_create_request,Success,True
.test_1_selenium_customer_create_request,Total:83 Passed:74 Failed:0
1653571561239,235,selenium_customer_view_request,Success,True
.test_1_selenium_customer_view_request,Total:84 Passed:75 Failed:0
1653571561624,383,selenium_customer_view_requests,Success,True
.test_1_selenium_customer_view_requests,Total:85 Passed:76 Failed:0
1653571561912,286,selenium_customer_view_all_requests,Success,True
.test_1_selenium_customer_view_all_requests,Total:86 Passed:77 Failed:0
1653571564747,2683,selenium_customer_share_request_with_customer:search_for_customer_to_share_with,Success,True
1653571566362,1614,selenium_customer_share_request:share_request_with_customer,Success,True
1653571566362,4298,selenium_customer_share_request_with_customer,Success,True
.test_1_selenium_customer_share_request_with_customer,Total:87 Passed:78 Failed:0
1653571567843,1480,selenium_customer_add_comment,Success,True
.test_1_selenium_customer_add_comment,Total:88 Passed:79 Failed:0
stest_0_selenium_customer_insight_view_request,Total:89 Passed:79 Failed:0
1653571568073,227,selenium_customer_log_out,Success,True
.test_2_selenium_customer_z_log_out,Total:90 Passed:80 Failed:0


=============================== warnings summary ===============================
../../root/.bzt/python-packages/3.9.5/_pytest/config/__init__.py:1114
  /root/.bzt/python-packages/3.9.5/_pytest/config/__init__.py:1114: PytestAssertRewriteWarning: Module already imported so cannot be rewritten: apiritif
    self._mark_plugins_for_rewrite(hook)

-- Docs: https://docs.pytest.org/en/stable/warnings.html
=================== 8 passed, 1 skipped, 1 warning in 9.70s ====================
============================= test session starts ==============================
platform linux -- Python 3.9.5, pytest-6.2.5, py-1.11.0, pluggy-1.0.0
rootdir: /dc-app-performance-toolkit/app
plugins: apiritif-1.1.2, xdist-2.5.0, forked-1.4.0
collected 9 items

selenium_ui/jsm_ui_customers.py get driver from global
clear browser cookies
1653571568309,121,selenium_customer_login:open_login_page,Success,True
1653571568985,675,selenium_customer_login:login_and_view_portal,Success,True
1653571568985,797,selenium_customer_login,Success,True
.test_0_selenium_customer_a_login,Total:91 Passed:81 Failed:0
1653571569142,155,selenium_customer_create_request:browse_all_portals,Success,True
1653571569319,176,selenium_customer_create_request:view_portal,Success,True
1653571570023,703,selenium_customer_create_request:choose_request_type,Success,True
1653571570628,604,selenium_customer_create_request:create_and_submit_request,Success,True
1653571570628,1641,selenium_customer_create_request,Success,True
.test_1_selenium_customer_create_request,Total:92 Passed:82 Failed:0
1653571570826,197,selenium_customer_view_request,Success,True
.test_1_selenium_customer_view_request,Total:93 Passed:83 Failed:0
1653571571133,305,selenium_customer_view_requests,Success,True
.test_1_selenium_customer_view_requests,Total:94 Passed:84 Failed:0
1653571571432,297,selenium_customer_view_all_requests,Success,True
.test_1_selenium_customer_view_all_requests,Total:95 Passed:85 Failed:0
1653571574238,2650,selenium_customer_share_request_with_customer:search_for_customer_to_share_with,Success,True
1653571575840,1601,selenium_customer_share_request:share_request_with_customer,Success,True
1653571575840,4252,selenium_customer_share_request_with_customer,Success,True
.test_1_selenium_customer_share_request_with_customer,Total:96 Passed:86 Failed:0
1653571577378,1536,selenium_customer_add_comment,Success,True
.test_1_selenium_customer_add_comment,Total:97 Passed:87 Failed:0
stest_0_selenium_customer_insight_view_request,Total:98 Passed:87 Failed:0
1653571577595,214,selenium_customer_log_out,Success,True
.test_2_selenium_customer_z_log_out,Total:99 Passed:88 Failed:0


=============================== warnings summary ===============================
../../root/.bzt/python-packages/3.9.5/_pytest/config/__init__.py:1114
  /root/.bzt/python-packages/3.9.5/_pytest/config/__init__.py:1114: PytestAssertRewriteWarning: Module already imported so cannot be rewritten: apiritif
    self._mark_plugins_for_rewrite(hook)

-- Docs: https://docs.pytest.org/en/stable/warnings.html
=================== 8 passed, 1 skipped, 1 warning in 9.43s ====================
============================= test session starts ==============================
platform linux -- Python 3.9.5, pytest-6.2.5, py-1.11.0, pluggy-1.0.0
rootdir: /dc-app-performance-toolkit/app
plugins: apiritif-1.1.2, xdist-2.5.0, forked-1.4.0
collected 9 items

selenium_ui/jsm_ui_customers.py get driver from global
clear browser cookies
1653571577813,127,selenium_customer_login:open_login_page,Success,True
1653571578504,691,selenium_customer_login:login_and_view_portal,Success,True
1653571578504,818,selenium_customer_login,Success,True
.test_0_selenium_customer_a_login,Total:100 Passed:89 Failed:0
1653571578678,172,selenium_customer_create_request:browse_all_portals,Success,True
1653571578861,182,selenium_customer_create_request:view_portal,Success,True
1653571579557,696,selenium_customer_create_request:choose_request_type,Success,True
1653571579810,251,selenium_customer_create_request:create_and_submit_request,Success,True
1653571579810,1304,selenium_customer_create_request,Success,True
.test_1_selenium_customer_create_request,Total:101 Passed:90 Failed:0
1653571580055,243,selenium_customer_view_request,Success,True
.test_1_selenium_customer_view_request,Total:102 Passed:91 Failed:0
1653571580413,357,selenium_customer_view_requests,Success,True
.test_1_selenium_customer_view_requests,Total:103 Passed:92 Failed:0
1653571580722,306,selenium_customer_view_all_requests,Success,True
.test_1_selenium_customer_view_all_requests,Total:104 Passed:93 Failed:0
1653571583494,2638,selenium_customer_share_request_with_customer:search_for_customer_to_share_with,Success,True
1653571585108,1613,selenium_customer_share_request:share_request_with_customer,Success,True
1653571585108,4252,selenium_customer_share_request_with_customer,Success,True
.test_1_selenium_customer_share_request_with_customer,Total:105 Passed:94 Failed:0
1653571586573,1463,selenium_customer_add_comment,Success,True
.test_1_selenium_customer_add_comment,Total:106 Passed:95 Failed:0
stest_0_selenium_customer_insight_view_request,Total:107 Passed:95 Failed:0
1653571586803,227,selenium_customer_log_out,Success,True
.test_2_selenium_customer_z_log_out,Total:108 Passed:96 Failed:0


=============================== warnings summary ===============================
../../root/.bzt/python-packages/3.9.5/_pytest/config/__init__.py:1114
  /root/.bzt/python-packages/3.9.5/_pytest/config/__init__.py:1114: PytestAssertRewriteWarning: Module already imported so cannot be rewritten: apiritif
    self._mark_plugins_for_rewrite(hook)

-- Docs: https://docs.pytest.org/en/stable/warnings.html
=================== 8 passed, 1 skipped, 1 warning in 9.14s ====================
============================= test session starts ==============================
platform linux -- Python 3.9.5, pytest-6.2.5, py-1.11.0, pluggy-1.0.0
rootdir: /dc-app-performance-toolkit/app
plugins: apiritif-1.1.2, xdist-2.5.0, forked-1.4.0
collected 9 items

selenium_ui/jsm_ui_customers.py get driver from global
clear browser cookies
1653571587064,133,selenium_customer_login:open_login_page,Success,True
1653571587804,739,selenium_customer_login:login_and_view_portal,Success,True
1653571587804,874,selenium_customer_login,Success,True
.test_0_selenium_customer_a_login,Total:109 Passed:97 Failed:0
1653571587992,187,selenium_customer_create_request:browse_all_portals,Success,True
1653571588197,203,selenium_customer_create_request:view_portal,Success,True
1653571588851,653,selenium_customer_create_request:choose_request_type,Success,True
1653571589111,259,selenium_customer_create_request:create_and_submit_request,Success,True
1653571589111,1305,selenium_customer_create_request,Success,True
.test_1_selenium_customer_create_request,Total:110 Passed:98 Failed:0
1653571589344,232,selenium_customer_view_request,Success,True
.test_1_selenium_customer_view_request,Total:111 Passed:99 Failed:0
1653571589662,316,selenium_customer_view_requests,Success,True
.test_1_selenium_customer_view_requests,Total:112 Passed:100 Failed:0
1653571589980,316,selenium_customer_view_all_requests,Success,True
.test_1_selenium_customer_view_all_requests,Total:113 Passed:101 Failed:0
1653571592751,2627,selenium_customer_share_request_with_customer:search_for_customer_to_share_with,Success,True
1653571594345,1593,selenium_customer_share_request:share_request_with_customer,Success,True
1653571594345,4222,selenium_customer_share_request_with_customer,Success,True
.test_1_selenium_customer_share_request_with_customer,Total:114 Passed:102 Failed:0
1653571595857,1510,selenium_customer_add_comment,Success,True
.test_1_selenium_customer_add_comment,Total:115 Passed:103 Failed:0
stest_0_selenium_customer_insight_view_request,Total:116 Passed:103 Failed:0
1653571596071,212,selenium_customer_log_out,Success,True
.test_2_selenium_customer_z_log_out,Total:117 Passed:104 Failed:0


=============================== warnings summary ===============================
../../root/.bzt/python-packages/3.9.5/_pytest/config/__init__.py:1114
  /root/.bzt/python-packages/3.9.5/_pytest/config/__init__.py:1114: PytestAssertRewriteWarning: Module already imported so cannot be rewritten: apiritif
    self._mark_plugins_for_rewrite(hook)

-- Docs: https://docs.pytest.org/en/stable/warnings.html
=================== 8 passed, 1 skipped, 1 warning in 9.17s ====================
============================= test session starts ==============================
platform linux -- Python 3.9.5, pytest-6.2.5, py-1.11.0, pluggy-1.0.0
rootdir: /dc-app-performance-toolkit/app
plugins: apiritif-1.1.2, xdist-2.5.0, forked-1.4.0
collected 9 items

selenium_ui/jsm_ui_customers.py get driver from global
clear browser cookies
1653571596294,129,selenium_customer_login:open_login_page,Success,True
1653571597021,726,selenium_customer_login:login_and_view_portal,Success,True
1653571597021,856,selenium_customer_login,Success,True
.test_0_selenium_customer_a_login,Total:118 Passed:105 Failed:0
1653571597197,173,selenium_customer_create_request:browse_all_portals,Success,True
1653571597370,173,selenium_customer_create_request:view_portal,Success,True
1653571598018,647,selenium_customer_create_request:choose_request_type,Success,True
1653571598374,355,selenium_customer_create_request:create_and_submit_request,Success,True
1653571598374,1350,selenium_customer_create_request,Success,True
.test_1_selenium_customer_create_request,Total:119 Passed:106 Failed:0
1653571598595,219,selenium_customer_view_request,Success,True
.test_1_selenium_customer_view_request,Total:120 Passed:107 Failed:0
1653571598939,342,selenium_customer_view_requests,Success,True
.test_1_selenium_customer_view_requests,Total:121 Passed:108 Failed:0
1653571599218,278,selenium_customer_view_all_requests,Success,True
.test_1_selenium_customer_view_all_requests,Total:122 Passed:109 Failed:0
1653571602013,2657,selenium_customer_share_request_with_customer:search_for_customer_to_share_with,Success,True
1653571603609,1596,selenium_customer_share_request:share_request_with_customer,Success,True
1653571603609,4254,selenium_customer_share_request_with_customer,Success,True
.test_1_selenium_customer_share_request_with_customer,Total:123 Passed:110 Failed:0
1653571605072,1460,selenium_customer_add_comment,Success,True
.test_1_selenium_customer_add_comment,Total:124 Passed:111 Failed:0
stest_0_selenium_customer_insight_view_request,Total:125 Passed:111 Failed:0
1653571605283,208,selenium_customer_log_out,Success,True
.test_2_selenium_customer_z_log_out,Total:126 Passed:112 Failed:0


=============================== warnings summary ===============================
../../root/.bzt/python-packages/3.9.5/_pytest/config/__init__.py:1114
  /root/.bzt/python-packages/3.9.5/_pytest/config/__init__.py:1114: PytestAssertRewriteWarning: Module already imported so cannot be rewritten: apiritif
    self._mark_plugins_for_rewrite(hook)

-- Docs: https://docs.pytest.org/en/stable/warnings.html
=================== 8 passed, 1 skipped, 1 warning in 9.15s ====================
============================= test session starts ==============================
platform linux -- Python 3.9.5, pytest-6.2.5, py-1.11.0, pluggy-1.0.0
rootdir: /dc-app-performance-toolkit/app
plugins: apiritif-1.1.2, xdist-2.5.0, forked-1.4.0
collected 9 items

selenium_ui/jsm_ui_customers.py get driver from global
clear browser cookies
1653571605484,116,selenium_customer_login:open_login_page,Success,True
1653571605861,376,selenium_customer_login:login_and_view_portal,Success,True
1653571605861,493,selenium_customer_login,Success,True
.test_0_selenium_customer_a_login,Total:127 Passed:113 Failed:0
1653571606543,680,selenium_customer_create_request:browse_all_portals,Success,True
1653571606711,168,selenium_customer_create_request:view_portal,Success,True
1653571607409,697,selenium_customer_create_request:choose_request_type,Success,True
1653571607662,252,selenium_customer_create_request:create_and_submit_request,Success,True
1653571607662,1800,selenium_customer_create_request,Success,True
.test_1_selenium_customer_create_request,Total:128 Passed:114 Failed:0
1653571607888,224,selenium_customer_view_request,Success,True
.test_1_selenium_customer_view_request,Total:129 Passed:115 Failed:0
1653571608226,336,selenium_customer_view_requests,Success,True
.test_1_selenium_customer_view_requests,Total:130 Passed:116 Failed:0
1653571608523,295,selenium_customer_view_all_requests,Success,True
.test_1_selenium_customer_view_all_requests,Total:131 Passed:117 Failed:0
1653571611376,2646,selenium_customer_share_request_with_customer:search_for_customer_to_share_with,Success,True
1653571612969,1593,selenium_customer_share_request:share_request_with_customer,Success,True
1653571612970,4239,selenium_customer_share_request_with_customer,Success,True
.test_1_selenium_customer_share_request_with_customer,Total:132 Passed:118 Failed:0
1653571614461,1489,selenium_customer_add_comment,Success,True
.test_1_selenium_customer_add_comment,Total:133 Passed:119 Failed:0
stest_0_selenium_customer_insight_view_request,Total:134 Passed:119 Failed:0
1653571614687,224,selenium_customer_log_out,Success,True
.test_2_selenium_customer_z_log_out,Total:135 Passed:120 Failed:0


=============================== warnings summary ===============================
../../root/.bzt/python-packages/3.9.5/_pytest/config/__init__.py:1114
  /root/.bzt/python-packages/3.9.5/_pytest/config/__init__.py:1114: PytestAssertRewriteWarning: Module already imported so cannot be rewritten: apiritif
    self._mark_plugins_for_rewrite(hook)

-- Docs: https://docs.pytest.org/en/stable/warnings.html
=================== 8 passed, 1 skipped, 1 warning in 9.35s ====================
============================= test session starts ==============================
platform linux -- Python 3.9.5, pytest-6.2.5, py-1.11.0, pluggy-1.0.0
rootdir: /dc-app-performance-toolkit/app
plugins: apiritif-1.1.2, xdist-2.5.0, forked-1.4.0
collected 9 items

selenium_ui/jsm_ui_customers.py get driver from global
clear browser cookies
1653571614898,127,selenium_customer_login:open_login_page,Success,True
1653571615275,377,selenium_customer_login:login_and_view_portal,Success,True
1653571615275,504,selenium_customer_login,Success,True
.test_0_selenium_customer_a_login,Total:136 Passed:121 Failed:0
1653571615973,696,selenium_customer_create_request:browse_all_portals,Success,True
1653571616153,179,selenium_customer_create_request:view_portal,Success,True
1653571616775,622,selenium_customer_create_request:choose_request_type,Success,True
1653571617018,242,selenium_customer_create_request:create_and_submit_request,Success,True
1653571617018,1741,selenium_customer_create_request,Success,True
.test_1_selenium_customer_create_request,Total:137 Passed:122 Failed:0
1653571617256,237,selenium_customer_view_request,Success,True
.test_1_selenium_customer_view_request,Total:138 Passed:123 Failed:0
1653571617553,295,selenium_customer_view_requests,Success,True
.test_1_selenium_customer_view_requests,Total:139 Passed:124 Failed:0
1653571617823,267,selenium_customer_view_all_requests,Success,True
.test_1_selenium_customer_view_all_requests,Total:140 Passed:125 Failed:0
1653571620656,2690,selenium_customer_share_request_with_customer:search_for_customer_to_share_with,Success,True
1653571622257,1600,selenium_customer_share_request:share_request_with_customer,Success,True
1653571622257,4291,selenium_customer_share_request_with_customer,Success,True
.test_1_selenium_customer_share_request_with_customer,Total:141 Passed:126 Failed:0
1653571623759,1501,selenium_customer_add_comment,Success,True
.test_1_selenium_customer_add_comment,Total:142 Passed:127 Failed:0
stest_0_selenium_customer_insight_view_request,Total:143 Passed:127 Failed:0
1653571623998,236,selenium_customer_log_out,Success,True
.test_2_selenium_customer_z_log_out,Total:144 Passed:128 Failed:0


=============================== warnings summary ===============================
../../root/.bzt/python-packages/3.9.5/_pytest/config/__init__.py:1114
  /root/.bzt/python-packages/3.9.5/_pytest/config/__init__.py:1114: PytestAssertRewriteWarning: Module already imported so cannot be rewritten: apiritif
    self._mark_plugins_for_rewrite(hook)

-- Docs: https://docs.pytest.org/en/stable/warnings.html
=================== 8 passed, 1 skipped, 1 warning in 9.25s ====================
============================= test session starts ==============================
platform linux -- Python 3.9.5, pytest-6.2.5, py-1.11.0, pluggy-1.0.0
rootdir: /dc-app-performance-toolkit/app
plugins: apiritif-1.1.2, xdist-2.5.0, forked-1.4.0
collected 9 items

selenium_ui/jsm_ui_customers.py get driver from global
clear browser cookies
1653571624228,142,selenium_customer_login:open_login_page,Success,True
1653571625179,950,selenium_customer_login:login_and_view_portal,Success,True
1653571625179,1093,selenium_customer_login,Success,True
.test_0_selenium_customer_a_login,Total:145 Passed:129 Failed:0
1653571625338,157,selenium_customer_create_request:browse_all_portals,Success,True
1653571625512,173,selenium_customer_create_request:view_portal,Success,True
1653571626198,686,selenium_customer_create_request:choose_request_type,Success,True
1653571626460,261,selenium_customer_create_request:create_and_submit_request,Success,True
1653571626460,1279,selenium_customer_create_request,Success,True
.test_1_selenium_customer_create_request,Total:146 Passed:130 Failed:0
1653571626779,318,selenium_customer_view_request,Success,True
.test_1_selenium_customer_view_request,Total:147 Passed:131 Failed:0
1653571627239,457,selenium_customer_view_requests,Success,True
.test_1_selenium_customer_view_requests,Total:148 Passed:132 Failed:0
1653571627531,290,selenium_customer_view_all_requests,Success,True
.test_1_selenium_customer_view_all_requests,Total:149 Passed:133 Failed:0
1653571630325,2632,selenium_customer_share_request_with_customer:search_for_customer_to_share_with,Success,True
1653571631919,1593,selenium_customer_share_request:share_request_with_customer,Success,True
1653571631919,4226,selenium_customer_share_request_with_customer,Success,True
.test_1_selenium_customer_share_request_with_customer,Total:150 Passed:134 Failed:0
1653571633457,1536,selenium_customer_add_comment,Success,True
.test_1_selenium_customer_add_comment,Total:151 Passed:135 Failed:0
stest_0_selenium_customer_insight_view_request,Total:152 Passed:135 Failed:0
1653571633693,232,selenium_customer_log_out,Success,True
.test_2_selenium_customer_z_log_out,Total:153 Passed:136 Failed:0


=============================== warnings summary ===============================
../../root/.bzt/python-packages/3.9.5/_pytest/config/__init__.py:1114
  /root/.bzt/python-packages/3.9.5/_pytest/config/__init__.py:1114: PytestAssertRewriteWarning: Module already imported so cannot be rewritten: apiritif
    self._mark_plugins_for_rewrite(hook)

-- Docs: https://docs.pytest.org/en/stable/warnings.html
=================== 8 passed, 1 skipped, 1 warning in 9.64s ====================
============================= test session starts ==============================
platform linux -- Python 3.9.5, pytest-6.2.5, py-1.11.0, pluggy-1.0.0
rootdir: /dc-app-performance-toolkit/app
plugins: apiritif-1.1.2, xdist-2.5.0, forked-1.4.0
collected 9 items

selenium_ui/jsm_ui_customers.py get driver from global
clear browser cookies
1653571633952,161,selenium_customer_login:open_login_page,Success,True
1653571634304,351,selenium_customer_login:login_and_view_portal,Success,True
1653571634304,513,selenium_customer_login,Success,True
.test_0_selenium_customer_a_login,Total:154 Passed:137 Failed:0
1653571634975,670,selenium_customer_create_request:browse_all_portals,Success,True
1653571635158,182,selenium_customer_create_request:view_portal,Success,True
1653571635813,654,selenium_customer_create_request:choose_request_type,Success,True
1653571636064,250,selenium_customer_create_request:create_and_submit_request,Success,True
1653571636064,1758,selenium_customer_create_request,Success,True
.test_1_selenium_customer_create_request,Total:155 Passed:138 Failed:0
1653571636249,183,selenium_customer_view_request,Success,True
.test_1_selenium_customer_view_request,Total:156 Passed:139 Failed:0
1653571636578,327,selenium_customer_view_requests,Success,True
.test_1_selenium_customer_view_requests,Total:157 Passed:140 Failed:0
1653571636898,317,selenium_customer_view_all_requests,Success,True
.test_1_selenium_customer_view_all_requests,Total:158 Passed:141 Failed:0
1653571639638,2599,selenium_customer_share_request_with_customer:search_for_customer_to_share_with,Success,True
1653571641228,1590,selenium_customer_share_request:share_request_with_customer,Success,True
1653571641228,4189,selenium_customer_share_request_with_customer,Success,True
.test_1_selenium_customer_share_request_with_customer,Total:159 Passed:142 Failed:0
1653571642752,1521,selenium_customer_add_comment,Success,True
.test_1_selenium_customer_add_comment,Total:160 Passed:143 Failed:0
stest_0_selenium_customer_insight_view_request,Total:161 Passed:143 Failed:0
1653571642958,204,selenium_customer_log_out,Success,True
.test_2_selenium_customer_z_log_out,Total:162 Passed:144 Failed:0


=============================== warnings summary ===============================
../../root/.bzt/python-packages/3.9.5/_pytest/config/__init__.py:1114
  /root/.bzt/python-packages/3.9.5/_pytest/config/__init__.py:1114: PytestAssertRewriteWarning: Module already imported so cannot be rewritten: apiritif
    self._mark_plugins_for_rewrite(hook)

-- Docs: https://docs.pytest.org/en/stable/warnings.html
=================== 8 passed, 1 skipped, 1 warning in 9.19s ====================
============================= test session starts ==============================
platform linux -- Python 3.9.5, pytest-6.2.5, py-1.11.0, pluggy-1.0.0
rootdir: /dc-app-performance-toolkit/app
plugins: apiritif-1.1.2, xdist-2.5.0, forked-1.4.0
collected 9 items

selenium_ui/jsm_ui_customers.py get driver from global
clear browser cookies
1653571643171,133,selenium_customer_login:open_login_page,Success,True
1653571643570,399,selenium_customer_login:login_and_view_portal,Success,True
1653571643570,533,selenium_customer_login,Success,True
.test_0_selenium_customer_a_login,Total:163 Passed:145 Failed:0
1653571644259,687,selenium_customer_create_request:browse_all_portals,Success,True
1653571644432,171,selenium_customer_create_request:view_portal,Success,True
1653571645241,809,selenium_customer_create_request:choose_request_type,Success,True
1653571645584,342,selenium_customer_create_request:create_and_submit_request,Success,True
1653571645584,2012,selenium_customer_create_request,Success,True
.test_1_selenium_customer_create_request,Total:164 Passed:146 Failed:0
1653571645984,398,selenium_customer_view_request,Success,True
.test_1_selenium_customer_view_request,Total:165 Passed:147 Failed:0
1653571646299,313,selenium_customer_view_requests,Success,True
.test_1_selenium_customer_view_requests,Total:166 Passed:148 Failed:0
1653571646563,262,selenium_customer_view_all_requests,Success,True
.test_1_selenium_customer_view_all_requests,Total:167 Passed:149 Failed:0
1653571649385,2668,selenium_customer_share_request_with_customer:search_for_customer_to_share_with,Success,True
1653571650992,1607,selenium_customer_share_request:share_request_with_customer,Success,True
1653571650992,4275,selenium_customer_share_request_with_customer,Success,True
.test_1_selenium_customer_share_request_with_customer,Total:168 Passed:150 Failed:0
1653571654367,3374,selenium_customer_add_comment,Success,True
.test_1_selenium_customer_add_comment,Total:169 Passed:151 Failed:0
stest_0_selenium_customer_insight_view_request,Total:170 Passed:151 Failed:0
1653571654651,281,selenium_customer_log_out,Success,True
.test_2_selenium_customer_z_log_out,Total:171 Passed:152 Failed:0


=============================== warnings summary ===============================
../../root/.bzt/python-packages/3.9.5/_pytest/config/__init__.py:1114
  /root/.bzt/python-packages/3.9.5/_pytest/config/__init__.py:1114: PytestAssertRewriteWarning: Module already imported so cannot be rewritten: apiritif
    self._mark_plugins_for_rewrite(hook)

-- Docs: https://docs.pytest.org/en/stable/warnings.html
=================== 8 passed, 1 skipped, 1 warning in 11.63s ===================
============================= test session starts ==============================
platform linux -- Python 3.9.5, pytest-6.2.5, py-1.11.0, pluggy-1.0.0
rootdir: /dc-app-performance-toolkit/app
plugins: apiritif-1.1.2, xdist-2.5.0, forked-1.4.0
collected 9 items

selenium_ui/jsm_ui_customers.py get driver from global
clear browser cookies
1653571654898,127,selenium_customer_login:open_login_page,Success,True
1653571655571,672,selenium_customer_login:login_and_view_portal,Success,True
1653571655571,800,selenium_customer_login,Success,True
.test_0_selenium_customer_a_login,Total:172 Passed:153 Failed:0
1653571656255,681,selenium_customer_create_request:browse_all_portals,Success,True
1653571656433,177,selenium_customer_create_request:view_portal,Success,True
1653571657133,700,selenium_customer_create_request:choose_request_type,Success,True
1653571657779,645,selenium_customer_create_request:create_and_submit_request,Success,True
1653571657779,2205,selenium_customer_create_request,Success,True
.test_1_selenium_customer_create_request,Total:173 Passed:154 Failed:0
1653571658037,256,selenium_customer_view_request,Success,True
.test_1_selenium_customer_view_request,Total:174 Passed:155 Failed:0
1653571658351,313,selenium_customer_view_requests,Success,True
.test_1_selenium_customer_view_requests,Total:175 Passed:156 Failed:0
1653571658642,289,selenium_customer_view_all_requests,Success,True
.test_1_selenium_customer_view_all_requests,Total:176 Passed:157 Failed:0
1653571661428,2648,selenium_customer_share_request_with_customer:search_for_customer_to_share_with,Success,True
1653571663020,1591,selenium_customer_share_request:share_request_with_customer,Success,True
1653571663020,4241,selenium_customer_share_request_with_customer,Success,True
.test_1_selenium_customer_share_request_with_customer,Total:177 Passed:158 Failed:0
1653571664461,1438,selenium_customer_add_comment,Success,True
.test_1_selenium_customer_add_comment,Total:178 Passed:159 Failed:0
stest_0_selenium_customer_insight_view_request,Total:179 Passed:159 Failed:0
1653571664674,210,selenium_customer_log_out,Success,True
.test_2_selenium_customer_z_log_out,Total:180 Passed:160 Failed:0


=============================== warnings summary ===============================
../../root/.bzt/python-packages/3.9.5/_pytest/config/__init__.py:1114
  /root/.bzt/python-packages/3.9.5/_pytest/config/__init__.py:1114: PytestAssertRewriteWarning: Module already imported so cannot be rewritten: apiritif
    self._mark_plugins_for_rewrite(hook)

-- Docs: https://docs.pytest.org/en/stable/warnings.html
=================== 8 passed, 1 skipped, 1 warning in 9.93s ====================
============================= test session starts ==============================
platform linux -- Python 3.9.5, pytest-6.2.5, py-1.11.0, pluggy-1.0.0
rootdir: /dc-app-performance-toolkit/app
plugins: apiritif-1.1.2, xdist-2.5.0, forked-1.4.0
collected 9 items

selenium_ui/jsm_ui_customers.py get driver from global
clear browser cookies
1653571664895,132,selenium_customer_login:open_login_page,Success,True
1653571665648,753,selenium_customer_login:login_and_view_portal,Success,True
1653571665648,886,selenium_customer_login,Success,True
.test_0_selenium_customer_a_login,Total:181 Passed:161 Failed:0
1653571665825,174,selenium_customer_create_request:browse_all_portals,Success,True
1653571666011,186,selenium_customer_create_request:view_portal,Success,True
1653571666735,723,selenium_customer_create_request:choose_request_type,Success,True
1653571667020,284,selenium_customer_create_request:create_and_submit_request,Success,True
1653571667020,1370,selenium_customer_create_request,Success,True
.test_1_selenium_customer_create_request,Total:182 Passed:162 Failed:0
1653571667199,177,selenium_customer_view_request,Success,True
.test_1_selenium_customer_view_request,Total:183 Passed:163 Failed:0
1653571667568,367,selenium_customer_view_requests,Success,True
.test_1_selenium_customer_view_requests,Total:184 Passed:164 Failed:0
1653571667881,311,selenium_customer_view_all_requests,Success,True
.test_1_selenium_customer_view_all_requests,Total:185 Passed:165 Failed:0
1653571670695,2653,selenium_customer_share_request_with_customer:search_for_customer_to_share_with,Success,True
1653571672298,1602,selenium_customer_share_request:share_request_with_customer,Success,True
1653571672298,4255,selenium_customer_share_request_with_customer,Success,True
.test_1_selenium_customer_share_request_with_customer,Total:186 Passed:166 Failed:0
1653571673773,1474,selenium_customer_add_comment,Success,True
.test_1_selenium_customer_add_comment,Total:187 Passed:167 Failed:0
stest_0_selenium_customer_insight_view_request,Total:188 Passed:167 Failed:0
1653571673988,212,selenium_customer_log_out,Success,True
.test_2_selenium_customer_z_log_out,Total:189 Passed:168 Failed:0


=============================== warnings summary ===============================
../../root/.bzt/python-packages/3.9.5/_pytest/config/__init__.py:1114
  /root/.bzt/python-packages/3.9.5/_pytest/config/__init__.py:1114: PytestAssertRewriteWarning: Module already imported so cannot be rewritten: apiritif
    self._mark_plugins_for_rewrite(hook)

-- Docs: https://docs.pytest.org/en/stable/warnings.html
=================== 8 passed, 1 skipped, 1 warning in 9.25s ====================
============================= test session starts ==============================
platform linux -- Python 3.9.5, pytest-6.2.5, py-1.11.0, pluggy-1.0.0
rootdir: /dc-app-performance-toolkit/app
plugins: apiritif-1.1.2, xdist-2.5.0, forked-1.4.0
collected 9 items

selenium_ui/jsm_ui_customers.py get driver from global
clear browser cookies
1653571674187,117,selenium_customer_login:open_login_page,Success,True
1653571674560,373,selenium_customer_login:login_and_view_portal,Success,True
1653571674561,491,selenium_customer_login,Success,True
.test_0_selenium_customer_a_login,Total:190 Passed:169 Failed:0
1653571675226,664,selenium_customer_create_request:browse_all_portals,Success,True
1653571675392,165,selenium_customer_create_request:view_portal,Success,True
1653571676066,673,selenium_customer_create_request:choose_request_type,Success,True
1653571676711,644,selenium_customer_create_request:create_and_submit_request,Success,True
1653571676711,2149,selenium_customer_create_request,Success,True
.test_1_selenium_customer_create_request,Total:191 Passed:170 Failed:0
1653571676931,218,selenium_customer_view_request,Success,True
.test_1_selenium_customer_view_request,Total:192 Passed:171 Failed:0
1653571677355,422,selenium_customer_view_requests,Success,True
.test_1_selenium_customer_view_requests,Total:193 Passed:172 Failed:0
1653571677718,361,selenium_customer_view_all_requests,Success,True
.test_1_selenium_customer_view_all_requests,Total:194 Passed:173 Failed:0
1653571680504,2624,selenium_customer_share_request_with_customer:search_for_customer_to_share_with,Success,True
1653571682109,1604,selenium_customer_share_request:share_request_with_customer,Success,True
1653571682109,4229,selenium_customer_share_request_with_customer,Success,True
.test_1_selenium_customer_share_request_with_customer,Total:195 Passed:174 Failed:0
1653571683615,1505,selenium_customer_add_comment,Success,True
.test_1_selenium_customer_add_comment,Total:196 Passed:175 Failed:0
stest_0_selenium_customer_insight_view_request,Total:197 Passed:175 Failed:0
1653571683824,206,selenium_customer_log_out,Success,True
.test_2_selenium_customer_z_log_out,Total:198 Passed:176 Failed:0


=============================== warnings summary ===============================
../../root/.bzt/python-packages/3.9.5/_pytest/config/__init__.py:1114
  /root/.bzt/python-packages/3.9.5/_pytest/config/__init__.py:1114: PytestAssertRewriteWarning: Module already imported so cannot be rewritten: apiritif
    self._mark_plugins_for_rewrite(hook)

-- Docs: https://docs.pytest.org/en/stable/warnings.html
=================== 8 passed, 1 skipped, 1 warning in 9.78s ====================
============================= test session starts ==============================
platform linux -- Python 3.9.5, pytest-6.2.5, py-1.11.0, pluggy-1.0.0
rootdir: /dc-app-performance-toolkit/app
plugins: apiritif-1.1.2, xdist-2.5.0, forked-1.4.0
collected 9 items

selenium_ui/jsm_ui_customers.py get driver from global
clear browser cookies
1653571684026,116,selenium_customer_login:open_login_page,Success,True
1653571684709,683,selenium_customer_login:login_and_view_portal,Success,True
1653571684709,799,selenium_customer_login,Success,True
.test_0_selenium_customer_a_login,Total:199 Passed:177 Failed:0
1653571684866,155,selenium_customer_create_request:browse_all_portals,Success,True
1653571685027,160,selenium_customer_create_request:view_portal,Success,True
1653571685701,674,selenium_customer_create_request:choose_request_type,Success,True
1653571685990,288,selenium_customer_create_request:create_and_submit_request,Success,True
1653571685990,1279,selenium_customer_create_request,Success,True
.test_1_selenium_customer_create_request,Total:200 Passed:178 Failed:0
1653571686207,215,selenium_customer_view_request,Success,True
.test_1_selenium_customer_view_request,Total:201 Passed:179 Failed:0
1653571686536,327,selenium_customer_view_requests,Success,True
.test_1_selenium_customer_view_requests,Total:202 Passed:180 Failed:0
1653571686875,337,selenium_customer_view_all_requests,Success,True
.test_1_selenium_customer_view_all_requests,Total:203 Passed:181 Failed:0
1653571689673,2665,selenium_customer_share_request_with_customer:search_for_customer_to_share_with,Success,True
1653571691269,1595,selenium_customer_share_request:share_request_with_customer,Success,True
1653571691269,4261,selenium_customer_share_request_with_customer,Success,True
.test_1_selenium_customer_share_request_with_customer,Total:204 Passed:182 Failed:0
1653571692803,1532,selenium_customer_add_comment,Success,True
.test_1_selenium_customer_add_comment,Total:205 Passed:183 Failed:0
stest_0_selenium_customer_insight_view_request,Total:206 Passed:183 Failed:0
1653571693027,221,selenium_customer_log_out,Success,True
.test_2_selenium_customer_z_log_out,Total:207 Passed:184 Failed:0


=============================== warnings summary ===============================
../../root/.bzt/python-packages/3.9.5/_pytest/config/__init__.py:1114
  /root/.bzt/python-packages/3.9.5/_pytest/config/__init__.py:1114: PytestAssertRewriteWarning: Module already imported so cannot be rewritten: apiritif
    self._mark_plugins_for_rewrite(hook)

-- Docs: https://docs.pytest.org/en/stable/warnings.html
=================== 8 passed, 1 skipped, 1 warning in 9.14s ====================
============================= test session starts ==============================
platform linux -- Python 3.9.5, pytest-6.2.5, py-1.11.0, pluggy-1.0.0
rootdir: /dc-app-performance-toolkit/app
plugins: apiritif-1.1.2, xdist-2.5.0, forked-1.4.0
collected 9 items

selenium_ui/jsm_ui_customers.py get driver from global
clear browser cookies
1653571693249,125,selenium_customer_login:open_login_page,Success,True
1653571693586,336,selenium_customer_login:login_and_view_portal,Success,True
1653571693586,462,selenium_customer_login,Success,True
.test_0_selenium_customer_a_login,Total:208 Passed:185 Failed:0
1653571694292,704,selenium_customer_create_request:browse_all_portals,Success,True
1653571694471,178,selenium_customer_create_request:view_portal,Success,True
1653571695127,655,selenium_customer_create_request:choose_request_type,Success,True
1653571695356,229,selenium_customer_create_request:create_and_submit_request,Success,True
1653571695356,1769,selenium_customer_create_request,Success,True
.test_1_selenium_customer_create_request,Total:209 Passed:186 Failed:0
1653571695611,253,selenium_customer_view_request,Success,True
.test_1_selenium_customer_view_request,Total:210 Passed:187 Failed:0
1653571696027,414,selenium_customer_view_requests,Success,True
.test_1_selenium_customer_view_requests,Total:211 Passed:188 Failed:0
1653571696793,764,selenium_customer_view_all_requests,Success,True
.test_1_selenium_customer_view_all_requests,Total:212 Passed:189 Failed:0
1653571699565,2629,selenium_customer_share_request_with_customer:search_for_customer_to_share_with,Success,True
1653571701163,1597,selenium_customer_share_request:share_request_with_customer,Success,True
1653571701163,4227,selenium_customer_share_request_with_customer,Success,True
.test_1_selenium_customer_share_request_with_customer,Total:213 Passed:190 Failed:0
1653571702598,1434,selenium_customer_add_comment,Success,True
.test_1_selenium_customer_add_comment,Total:214 Passed:191 Failed:0
stest_0_selenium_customer_insight_view_request,Total:215 Passed:191 Failed:0
1653571702816,215,selenium_customer_log_out,Success,True
.test_2_selenium_customer_z_log_out,Total:216 Passed:192 Failed:0


=============================== warnings summary ===============================
../../root/.bzt/python-packages/3.9.5/_pytest/config/__init__.py:1114
  /root/.bzt/python-packages/3.9.5/_pytest/config/__init__.py:1114: PytestAssertRewriteWarning: Module already imported so cannot be rewritten: apiritif
    self._mark_plugins_for_rewrite(hook)

-- Docs: https://docs.pytest.org/en/stable/warnings.html
=================== 8 passed, 1 skipped, 1 warning in 9.72s ====================
============================= test session starts ==============================
platform linux -- Python 3.9.5, pytest-6.2.5, py-1.11.0, pluggy-1.0.0
rootdir: /dc-app-performance-toolkit/app
plugins: apiritif-1.1.2, xdist-2.5.0, forked-1.4.0
collected 9 items

selenium_ui/jsm_ui_customers.py get driver from global
clear browser cookies
1653571703016,115,selenium_customer_login:open_login_page,Success,True
1653571703684,667,selenium_customer_login:login_and_view_portal,Success,True
1653571703684,783,selenium_customer_login,Success,True
.test_0_selenium_customer_a_login,Total:217 Passed:193 Failed:0
1653571704386,700,selenium_customer_create_request:browse_all_portals,Success,True
1653571704551,164,selenium_customer_create_request:view_portal,Success,True
1653571705202,650,selenium_customer_create_request:choose_request_type,Success,True
1653571705461,258,selenium_customer_create_request:create_and_submit_request,Success,True
1653571705461,1775,selenium_customer_create_request,Success,True
.test_1_selenium_customer_create_request,Total:218 Passed:194 Failed:0
1653571705695,233,selenium_customer_view_request,Success,True
.test_1_selenium_customer_view_request,Total:219 Passed:195 Failed:0
1653571706001,304,selenium_customer_view_requests,Success,True
.test_1_selenium_customer_view_requests,Total:220 Passed:196 Failed:0
1653571706379,376,selenium_customer_view_all_requests,Success,True
.test_1_selenium_customer_view_all_requests,Total:221 Passed:197 Failed:0
1653571709248,2669,selenium_customer_share_request_with_customer:search_for_customer_to_share_with,Success,True
1653571710840,1592,selenium_customer_share_request:share_request_with_customer,Success,True
1653571710840,4261,selenium_customer_share_request_with_customer,Success,True
.test_1_selenium_customer_share_request_with_customer,Total:222 Passed:198 Failed:0
1653571712305,1462,selenium_customer_add_comment,Success,True
.test_1_selenium_customer_add_comment,Total:223 Passed:199 Failed:0
stest_0_selenium_customer_insight_view_request,Total:224 Passed:199 Failed:0
1653571712525,218,selenium_customer_log_out,Success,True
.test_2_selenium_customer_z_log_out,Total:225 Passed:200 Failed:0


=============================== warnings summary ===============================
../../root/.bzt/python-packages/3.9.5/_pytest/config/__init__.py:1114
  /root/.bzt/python-packages/3.9.5/_pytest/config/__init__.py:1114: PytestAssertRewriteWarning: Module already imported so cannot be rewritten: apiritif
    self._mark_plugins_for_rewrite(hook)

-- Docs: https://docs.pytest.org/en/stable/warnings.html
=================== 8 passed, 1 skipped, 1 warning in 9.65s ====================
============================= test session starts ==============================
platform linux -- Python 3.9.5, pytest-6.2.5, py-1.11.0, pluggy-1.0.0
rootdir: /dc-app-performance-toolkit/app
plugins: apiritif-1.1.2, xdist-2.5.0, forked-1.4.0
collected 9 items

selenium_ui/jsm_ui_customers.py get driver from global
clear browser cookies
1653571712729,119,selenium_customer_login:open_login_page,Success,True
1653571713425,695,selenium_customer_login:login_and_view_portal,Success,True
1653571713425,815,selenium_customer_login,Success,True
.test_0_selenium_customer_a_login,Total:226 Passed:201 Failed:0
1653571713605,178,selenium_customer_create_request:browse_all_portals,Success,True
1653571713779,174,selenium_customer_create_request:view_portal,Success,True
1653571714434,654,selenium_customer_create_request:choose_request_type,Success,True
1653571715061,626,selenium_customer_create_request:create_and_submit_request,Success,True
1653571715062,1635,selenium_customer_create_request,Success,True
.test_1_selenium_customer_create_request,Total:227 Passed:202 Failed:0
1653571715280,216,selenium_customer_view_request,Success,True
.test_1_selenium_customer_view_request,Total:228 Passed:203 Failed:0
1653571715680,398,selenium_customer_view_requests,Success,True
.test_1_selenium_customer_view_requests,Total:229 Passed:204 Failed:0
1653571716015,333,selenium_customer_view_all_requests,Success,True
.test_1_selenium_customer_view_all_requests,Total:230 Passed:205 Failed:0
1653571718825,2668,selenium_customer_share_request_with_customer:search_for_customer_to_share_with,Success,True
1653571720417,1591,selenium_customer_share_request:share_request_with_customer,Success,True
1653571720417,4260,selenium_customer_share_request_with_customer,Success,True
.test_1_selenium_customer_share_request_with_customer,Total:231 Passed:206 Failed:0
1653571721938,1519,selenium_customer_add_comment,Success,True
.test_1_selenium_customer_add_comment,Total:232 Passed:207 Failed:0
stest_0_selenium_customer_insight_view_request,Total:233 Passed:207 Failed:0
1653571722159,218,selenium_customer_log_out,Success,True
.test_2_selenium_customer_z_log_out,Total:234 Passed:208 Failed:0


=============================== warnings summary ===============================
../../root/.bzt/python-packages/3.9.5/_pytest/config/__init__.py:1114
  /root/.bzt/python-packages/3.9.5/_pytest/config/__init__.py:1114: PytestAssertRewriteWarning: Module already imported so cannot be rewritten: apiritif
    self._mark_plugins_for_rewrite(hook)

-- Docs: https://docs.pytest.org/en/stable/warnings.html
=================== 8 passed, 1 skipped, 1 warning in 9.58s ====================
============================= test session starts ==============================
platform linux -- Python 3.9.5, pytest-6.2.5, py-1.11.0, pluggy-1.0.0
rootdir: /dc-app-performance-toolkit/app
plugins: apiritif-1.1.2, xdist-2.5.0, forked-1.4.0
collected 9 items

selenium_ui/jsm_ui_customers.py get driver from global
clear browser cookies
1653571722353,110,selenium_customer_login:open_login_page,Success,True
1653571723210,856,selenium_customer_login:login_and_view_portal,Success,True
1653571723210,967,selenium_customer_login,Success,True
.test_0_selenium_customer_a_login,Total:235 Passed:209 Failed:0
1653571723379,167,selenium_customer_create_request:browse_all_portals,Success,True
1653571723550,170,selenium_customer_create_request:view_portal,Success,True
1653571724214,664,selenium_customer_create_request:choose_request_type,Success,True
1653571724454,239,selenium_customer_create_request:create_and_submit_request,Success,True
1653571724454,1242,selenium_customer_create_request,Success,True
.test_1_selenium_customer_create_request,Total:236 Passed:210 Failed:0
1653571724699,243,selenium_customer_view_request,Success,True
.test_1_selenium_customer_view_request,Total:237 Passed:211 Failed:0
1653571725012,311,selenium_customer_view_requests,Success,True
.test_1_selenium_customer_view_requests,Total:238 Passed:212 Failed:0
1653571725332,317,selenium_customer_view_all_requests,Success,True
.test_1_selenium_customer_view_all_requests,Total:239 Passed:213 Failed:0
1653571728129,2659,selenium_customer_share_request_with_customer:search_for_customer_to_share_with,Success,True
1653571729729,1599,selenium_customer_share_request:share_request_with_customer,Success,True
1653571729729,4259,selenium_customer_share_request_with_customer,Success,True
.test_1_selenium_customer_share_request_with_customer,Total:240 Passed:214 Failed:0
1653571731247,1516,selenium_customer_add_comment,Success,True
.test_1_selenium_customer_add_comment,Total:241 Passed:215 Failed:0
stest_0_selenium_customer_insight_view_request,Total:242 Passed:215 Failed:0
1653571731478,228,selenium_customer_log_out,Success,True
.test_2_selenium_customer_z_log_out,Total:243 Passed:216 Failed:0


=============================== warnings summary ===============================
../../root/.bzt/python-packages/3.9.5/_pytest/config/__init__.py:1114
  /root/.bzt/python-packages/3.9.5/_pytest/config/__init__.py:1114: PytestAssertRewriteWarning: Module already imported so cannot be rewritten: apiritif
    self._mark_plugins_for_rewrite(hook)

-- Docs: https://docs.pytest.org/en/stable/warnings.html
=================== 8 passed, 1 skipped, 1 warning in 9.26s ====================
============================= test session starts ==============================
platform linux -- Python 3.9.5, pytest-6.2.5, py-1.11.0, pluggy-1.0.0
rootdir: /dc-app-performance-toolkit/app
plugins: apiritif-1.1.2, xdist-2.5.0, forked-1.4.0
collected 9 items

selenium_ui/jsm_ui_customers.py get driver from global
clear browser cookies
1653571731693,118,selenium_customer_login:open_login_page,Success,True
1653571732063,369,selenium_customer_login:login_and_view_portal,Success,True
1653571732063,488,selenium_customer_login,Success,True
.test_0_selenium_customer_a_login,Total:244 Passed:217 Failed:0
1653571732738,673,selenium_customer_create_request:browse_all_portals,Success,True
1653571732931,192,selenium_customer_create_request:view_portal,Success,True
1653571733565,634,selenium_customer_create_request:choose_request_type,Success,True
1653571733880,314,selenium_customer_create_request:create_and_submit_request,Success,True
1653571733880,1816,selenium_customer_create_request,Success,True
.test_1_selenium_customer_create_request,Total:245 Passed:218 Failed:0
1653571734095,213,selenium_customer_view_request,Success,True
.test_1_selenium_customer_view_request,Total:246 Passed:219 Failed:0
1653571734331,235,selenium_customer_view_requests,Success,True
.test_1_selenium_customer_view_requests,Total:247 Passed:220 Failed:0
1653571734708,375,selenium_customer_view_all_requests,Success,True
.test_1_selenium_customer_view_all_requests,Total:248 Passed:221 Failed:0
1653571737497,2617,selenium_customer_share_request_with_customer:search_for_customer_to_share_with,Success,True
1653571739089,1592,selenium_customer_share_request:share_request_with_customer,Success,True
1653571739089,4209,selenium_customer_share_request_with_customer,Success,True
.test_1_selenium_customer_share_request_with_customer,Total:249 Passed:222 Failed:0
1653571740591,1500,selenium_customer_add_comment,Success,True
.test_1_selenium_customer_add_comment,Total:250 Passed:223 Failed:0
stest_0_selenium_customer_insight_view_request,Total:251 Passed:223 Failed:0
1653571740807,213,selenium_customer_log_out,Success,True
.test_2_selenium_customer_z_log_out,Total:252 Passed:224 Failed:0


=============================== warnings summary ===============================
../../root/.bzt/python-packages/3.9.5/_pytest/config/__init__.py:1114
  /root/.bzt/python-packages/3.9.5/_pytest/config/__init__.py:1114: PytestAssertRewriteWarning: Module already imported so cannot be rewritten: apiritif
    self._mark_plugins_for_rewrite(hook)

-- Docs: https://docs.pytest.org/en/stable/warnings.html
=================== 8 passed, 1 skipped, 1 warning in 9.26s ====================
============================= test session starts ==============================
platform linux -- Python 3.9.5, pytest-6.2.5, py-1.11.0, pluggy-1.0.0
rootdir: /dc-app-performance-toolkit/app
plugins: apiritif-1.1.2, xdist-2.5.0, forked-1.4.0
collected 9 items

selenium_ui/jsm_ui_customers.py get driver from global
clear browser cookies
1653571741072,123,selenium_customer_login:open_login_page,Success,True
1653571741458,385,selenium_customer_login:login_and_view_portal,Success,True
1653571741458,509,selenium_customer_login,Success,True
.test_0_selenium_customer_a_login,Total:253 Passed:225 Failed:0
1653571742128,668,selenium_customer_create_request:browse_all_portals,Success,True
1653571742311,182,selenium_customer_create_request:view_portal,Success,True
1653571743044,732,selenium_customer_create_request:choose_request_type,Success,True
1653571743306,261,selenium_customer_create_request:create_and_submit_request,Success,True
1653571743306,1846,selenium_customer_create_request,Success,True
.test_1_selenium_customer_create_request,Total:254 Passed:226 Failed:0
1653571743539,231,selenium_customer_view_request,Success,True
.test_1_selenium_customer_view_request,Total:255 Passed:227 Failed:0
1653571743909,368,selenium_customer_view_requests,Success,True
.test_1_selenium_customer_view_requests,Total:256 Passed:228 Failed:0
1653571744228,317,selenium_customer_view_all_requests,Success,True
.test_1_selenium_customer_view_all_requests,Total:257 Passed:229 Failed:0
1653571747078,2647,selenium_customer_share_request_with_customer:search_for_customer_to_share_with,Success,True
1653571748668,1590,selenium_customer_share_request:share_request_with_customer,Success,True
1653571748668,4238,selenium_customer_share_request_with_customer,Success,True
.test_1_selenium_customer_share_request_with_customer,Total:258 Passed:230 Failed:0
1653571750163,1493,selenium_customer_add_comment,Success,True
.test_1_selenium_customer_add_comment,Total:259 Passed:231 Failed:0
stest_0_selenium_customer_insight_view_request,Total:260 Passed:231 Failed:0
1653571750390,224,selenium_customer_log_out,Success,True
.test_2_selenium_customer_z_log_out,Total:261 Passed:232 Failed:0


=============================== warnings summary ===============================
../../root/.bzt/python-packages/3.9.5/_pytest/config/__init__.py:1114
  /root/.bzt/python-packages/3.9.5/_pytest/config/__init__.py:1114: PytestAssertRewriteWarning: Module already imported so cannot be rewritten: apiritif
    self._mark_plugins_for_rewrite(hook)

-- Docs: https://docs.pytest.org/en/stable/warnings.html
=================== 8 passed, 1 skipped, 1 warning in 9.47s ====================
============================= test session starts ==============================
platform linux -- Python 3.9.5, pytest-6.2.5, py-1.11.0, pluggy-1.0.0
rootdir: /dc-app-performance-toolkit/app
plugins: apiritif-1.1.2, xdist-2.5.0, forked-1.4.0
collected 9 items

selenium_ui/jsm_ui_customers.py get driver from global
clear browser cookies
1653571750613,126,selenium_customer_login:open_login_page,Success,True
1653571751301,687,selenium_customer_login:login_and_view_portal,Success,True
1653571751301,815,selenium_customer_login,Success,True
.test_0_selenium_customer_a_login,Total:262 Passed:233 Failed:0
1653571751460,157,selenium_customer_create_request:browse_all_portals,Success,True
1653571751640,180,selenium_customer_create_request:view_portal,Success,True
1653571752290,649,selenium_customer_create_request:choose_request_type,Success,True
1653571752582,291,selenium_customer_create_request:create_and_submit_request,Success,True
1653571752582,1279,selenium_customer_create_request,Success,True
.test_1_selenium_customer_create_request,Total:263 Passed:234 Failed:0
1653571752826,242,selenium_customer_view_request,Success,True
.test_1_selenium_customer_view_request,Total:264 Passed:235 Failed:0
1653571753160,332,selenium_customer_view_requests,Success,True
.test_1_selenium_customer_view_requests,Total:265 Passed:236 Failed:0
1653571753442,280,selenium_customer_view_all_requests,Success,True
.test_1_selenium_customer_view_all_requests,Total:266 Passed:237 Failed:0
1653571756252,2667,selenium_customer_share_request_with_customer:search_for_customer_to_share_with,Success,True
1653571757854,1601,selenium_customer_share_request:share_request_with_customer,Success,True
1653571757854,4269,selenium_customer_share_request_with_customer,Success,True
.test_1_selenium_customer_share_request_with_customer,Total:267 Passed:238 Failed:0
1653571759335,1479,selenium_customer_add_comment,Success,True
.test_1_selenium_customer_add_comment,Total:268 Passed:239 Failed:0
stest_0_selenium_customer_insight_view_request,Total:269 Passed:239 Failed:0
1653571759543,205,selenium_customer_log_out,Success,True
.test_2_selenium_customer_z_log_out,Total:270 Passed:240 Failed:0


=============================== warnings summary ===============================
../../root/.bzt/python-packages/3.9.5/_pytest/config/__init__.py:1114
  /root/.bzt/python-packages/3.9.5/_pytest/config/__init__.py:1114: PytestAssertRewriteWarning: Module already imported so cannot be rewritten: apiritif
    self._mark_plugins_for_rewrite(hook)

-- Docs: https://docs.pytest.org/en/stable/warnings.html
=================== 8 passed, 1 skipped, 1 warning in 9.08s ====================
============================= test session starts ==============================
platform linux -- Python 3.9.5, pytest-6.2.5, py-1.11.0, pluggy-1.0.0
rootdir: /dc-app-performance-toolkit/app
plugins: apiritif-1.1.2, xdist-2.5.0, forked-1.4.0
collected 9 items

selenium_ui/jsm_ui_customers.py get driver from global
clear browser cookies
[...]
1653574095296,2654,selenium_customer_share_request_with_customer:search_for_customer_to_share_with,Success,True
1653574096890,1593,selenium_customer_share_request:share_request_with_customer,Success,True
1653574096890,4249,selenium_customer_share_request_with_customer,Success,True
.test_1_selenium_customer_share_request_with_customer,Total:2499 Passed:2222 Failed:0
1653574098361,1469,selenium_customer_add_comment,Success,True
.test_1_selenium_customer_add_comment,Total:2500 Passed:2223 Failed:0
stest_0_selenium_customer_insight_view_request,Total:2501 Passed:2223 Failed:0
1653574098582,218,selenium_customer_log_out,Success,True
.test_2_selenium_customer_z_log_out,Total:2502 Passed:2224 Failed:0


=============================== warnings summary ===============================
../../root/.bzt/python-packages/3.9.5/_pytest/config/__init__.py:1114
  /root/.bzt/python-packages/3.9.5/_pytest/config/__init__.py:1114: PytestAssertRewriteWarning: Module already imported so cannot be rewritten: apiritif
    self._mark_plugins_for_rewrite(hook)

-- Docs: https://docs.pytest.org/en/stable/warnings.html
=================== 8 passed, 1 skipped, 1 warning in 9.38s ====================
============================= test session starts ==============================
platform linux -- Python 3.9.5, pytest-6.2.5, py-1.11.0, pluggy-1.0.0
rootdir: /dc-app-performance-toolkit/app
plugins: apiritif-1.1.2, xdist-2.5.0, forked-1.4.0
collected 9 items

selenium_ui/jsm_ui_customers.py get driver from global
clear browser cookies
1653574098785,117,selenium_customer_login:open_login_page,Success,True
1653574099512,726,selenium_customer_login:login_and_view_portal,Success,True
1653574099512,843,selenium_customer_login,Success,True
.test_0_selenium_customer_a_login,Total:2503 Passed:2225 Failed:0
1653574099663,149,selenium_customer_create_request:browse_all_portals,Success,True
1653574099829,166,selenium_customer_create_request:view_portal,Success,True
1653574100510,680,selenium_customer_create_request:choose_request_type,Success,True
1653574101117,606,selenium_customer_create_request:create_and_submit_request,Success,True
1653574101117,1603,selenium_customer_create_request,Success,True
.test_1_selenium_customer_create_request,Total:2504 Passed:2226 Failed:0
1653574101361,242,selenium_customer_view_request,Success,True
.test_1_selenium_customer_view_request,Total:2505 Passed:2227 Failed:0
1653574101746,383,selenium_customer_view_requests,Success,True
.test_1_selenium_customer_view_requests,Total:2506 Passed:2228 Failed:0
1653574102044,295,selenium_customer_view_all_requests,Success,True
.test_1_selenium_customer_view_all_requests,Total:2507 Passed:2229 Failed:0
1653574104883,2662,selenium_customer_share_request_with_customer:search_for_customer_to_share_with,Success,True
1653574106506,1622,selenium_customer_share_request:share_request_with_customer,Success,True
1653574106506,4285,selenium_customer_share_request_with_customer,Success,True
.test_1_selenium_customer_share_request_with_customer,Total:2508 Passed:2230 Failed:0
1653574108066,1558,selenium_customer_add_comment,Success,True
.test_1_selenium_customer_add_comment,Total:2509 Passed:2231 Failed:0
stest_0_selenium_customer_insight_view_request,Total:2510 Passed:2231 Failed:0
1653574108296,228,selenium_customer_log_out,Success,True
.test_2_selenium_customer_z_log_out,Total:2511 Passed:2232 Failed:0


=============================== warnings summary ===============================
../../root/.bzt/python-packages/3.9.5/_pytest/config/__init__.py:1114
  /root/.bzt/python-packages/3.9.5/_pytest/config/__init__.py:1114: PytestAssertRewriteWarning: Module already imported so cannot be rewritten: apiritif
    self._mark_plugins_for_rewrite(hook)

-- Docs: https://docs.pytest.org/en/stable/warnings.html
=================== 8 passed, 1 skipped, 1 warning in 9.65s ====================
============================= test session starts ==============================
platform linux -- Python 3.9.5, pytest-6.2.5, py-1.11.0, pluggy-1.0.0
rootdir: /dc-app-performance-toolkit/app
plugins: apiritif-1.1.2, xdist-2.5.0, forked-1.4.0
collected 9 items

selenium_ui/jsm_ui_customers.py get driver from global
clear browser cookies
1653574108569,134,selenium_customer_login:open_login_page,Success,True
1653574109413,844,selenium_customer_login:login_and_view_portal,Success,True
1653574109414,979,selenium_customer_login,Success,True
.test_0_selenium_customer_a_login,Total:2512 Passed:2233 Failed:0
1653574109587,172,selenium_customer_create_request:browse_all_portals,Success,True
1653574109754,166,selenium_customer_create_request:view_portal,Success,True
1653574110420,664,selenium_customer_create_request:choose_request_type,Success,True
1653574110669,249,selenium_customer_create_request:create_and_submit_request,Success,True
1653574110669,1254,selenium_customer_create_request,Success,True
.test_1_selenium_customer_create_request,Total:2513 Passed:2234 Failed:0
1653574111007,337,selenium_customer_view_request,Success,True
.test_1_selenium_customer_view_request,Total:2514 Passed:2235 Failed:0
1653574111363,354,selenium_customer_view_requests,Success,True
.test_1_selenium_customer_view_requests,Total:2515 Passed:2236 Failed:0
1653574111654,289,selenium_customer_view_all_requests,Success,True
.test_1_selenium_customer_view_all_requests,Total:2516 Passed:2237 Failed:0
1653574114423,2609,selenium_customer_share_request_with_customer:search_for_customer_to_share_with,Success,True
1653574116019,1595,selenium_customer_share_request:share_request_with_customer,Success,True
1653574116019,4205,selenium_customer_share_request_with_customer,Success,True
.test_1_selenium_customer_share_request_with_customer,Total:2517 Passed:2238 Failed:0
1653574117491,1469,selenium_customer_add_comment,Success,True
.test_1_selenium_customer_add_comment,Total:2518 Passed:2239 Failed:0
stest_0_selenium_customer_insight_view_request,Total:2519 Passed:2239 Failed:0
1653574117722,228,selenium_customer_log_out,Success,True
.test_2_selenium_customer_z_log_out,Total:2520 Passed:2240 Failed:0


=============================== warnings summary ===============================
../../root/.bzt/python-packages/3.9.5/_pytest/config/__init__.py:1114
  /root/.bzt/python-packages/3.9.5/_pytest/config/__init__.py:1114: PytestAssertRewriteWarning: Module already imported so cannot be rewritten: apiritif
    self._mark_plugins_for_rewrite(hook)

-- Docs: https://docs.pytest.org/en/stable/warnings.html
=================== 8 passed, 1 skipped, 1 warning in 9.31s ====================
============================= test session starts ==============================
platform linux -- Python 3.9.5, pytest-6.2.5, py-1.11.0, pluggy-1.0.0
rootdir: /dc-app-performance-toolkit/app
plugins: apiritif-1.1.2, xdist-2.5.0, forked-1.4.0
collected 9 items

selenium_ui/jsm_ui_customers.py get driver from global
clear browser cookies
1653574117945,128,selenium_customer_login:open_login_page,Success,True
1653574118840,895,selenium_customer_login:login_and_view_portal,Success,True
1653574118840,1024,selenium_customer_login,Success,True
.test_0_selenium_customer_a_login,Total:2521 Passed:2241 Failed:0
1653574119014,171,selenium_customer_create_request:browse_all_portals,Success,True
1653574119185,170,selenium_customer_create_request:view_portal,Success,True
1653574119872,686,selenium_customer_create_request:choose_request_type,Success,True
1653574120103,231,selenium_customer_create_request:create_and_submit_request,Success,True
1653574120103,1261,selenium_customer_create_request,Success,True
.test_1_selenium_customer_create_request,Total:2522 Passed:2242 Failed:0
1653574120327,222,selenium_customer_view_request,Success,True
.test_1_selenium_customer_view_request,Total:2523 Passed:2243 Failed:0
1653574120672,342,selenium_customer_view_requests,Success,True
.test_1_selenium_customer_view_requests,Total:2524 Passed:2244 Failed:0
1653574120974,301,selenium_customer_view_all_requests,Success,True
.test_1_selenium_customer_view_all_requests,Total:2525 Passed:2245 Failed:0
1653574123761,2625,selenium_customer_share_request_with_customer:search_for_customer_to_share_with,Success,True
1653574125363,1601,selenium_customer_share_request:share_request_with_customer,Success,True
1653574125363,4227,selenium_customer_share_request_with_customer,Success,True
.test_1_selenium_customer_share_request_with_customer,Total:2526 Passed:2246 Failed:0
1653574126885,1520,selenium_customer_add_comment,Success,True
.test_1_selenium_customer_add_comment,Total:2527 Passed:2247 Failed:0
stest_0_selenium_customer_insight_view_request,Total:2528 Passed:2247 Failed:0
1653574127118,231,selenium_customer_log_out,Success,True
.test_2_selenium_customer_z_log_out,Total:2529 Passed:2248 Failed:0


=============================== warnings summary ===============================
../../root/.bzt/python-packages/3.9.5/_pytest/config/__init__.py:1114
  /root/.bzt/python-packages/3.9.5/_pytest/config/__init__.py:1114: PytestAssertRewriteWarning: Module already imported so cannot be rewritten: apiritif
    self._mark_plugins_for_rewrite(hook)

-- Docs: https://docs.pytest.org/en/stable/warnings.html
=================== 8 passed, 1 skipped, 1 warning in 9.33s ====================
============================= test session starts ==============================
platform linux -- Python 3.9.5, pytest-6.2.5, py-1.11.0, pluggy-1.0.0
rootdir: /dc-app-performance-toolkit/app
plugins: apiritif-1.1.2, xdist-2.5.0, forked-1.4.0
collected 9 items

selenium_ui/jsm_ui_customers.py get driver from global
clear browser cookies
1653574127366,157,selenium_customer_login:open_login_page,Success,True
1653574127769,402,selenium_customer_login:login_and_view_portal,Success,True
1653574127769,560,selenium_customer_login,Success,True
.test_0_selenium_customer_a_login,Total:2530 Passed:2249 Failed:0
1653574128439,668,selenium_customer_create_request:browse_all_portals,Success,True
1653574128643,203,selenium_customer_create_request:view_portal,Success,True
1653574129387,744,selenium_customer_create_request:choose_request_type,Success,True
1653574129649,261,selenium_customer_create_request:create_and_submit_request,Success,True
1653574129650,1879,selenium_customer_create_request,Success,True
.test_1_selenium_customer_create_request,Total:2531 Passed:2250 Failed:0
1653574129863,211,selenium_customer_view_request,Success,True
.test_1_selenium_customer_view_request,Total:2532 Passed:2251 Failed:0
1653574130229,364,selenium_customer_view_requests,Success,True
.test_1_selenium_customer_view_requests,Total:2533 Passed:2252 Failed:0
1653574130516,285,selenium_customer_view_all_requests,Success,True
.test_1_selenium_customer_view_all_requests,Total:2534 Passed:2253 Failed:0
1653574133356,2649,selenium_customer_share_request_with_customer:search_for_customer_to_share_with,Success,True
1653574134954,1597,selenium_customer_share_request:share_request_with_customer,Success,True
1653574134954,4248,selenium_customer_share_request_with_customer,Success,True
.test_1_selenium_customer_share_request_with_customer,Total:2535 Passed:2254 Failed:0
1653574136431,1475,selenium_customer_add_comment,Success,True
.test_1_selenium_customer_add_comment,Total:2536 Passed:2255 Failed:0
stest_0_selenium_customer_insight_view_request,Total:2537 Passed:2255 Failed:0
1653574136652,219,selenium_customer_log_out,Success,True
.test_2_selenium_customer_z_log_out,Total:2538 Passed:2256 Failed:0


=============================== warnings summary ===============================
../../root/.bzt/python-packages/3.9.5/_pytest/config/__init__.py:1114
  /root/.bzt/python-packages/3.9.5/_pytest/config/__init__.py:1114: PytestAssertRewriteWarning: Module already imported so cannot be rewritten: apiritif
    self._mark_plugins_for_rewrite(hook)

-- Docs: https://docs.pytest.org/en/stable/warnings.html
=================== 8 passed, 1 skipped, 1 warning in 9.47s ====================
============================= test session starts ==============================
platform linux -- Python 3.9.5, pytest-6.2.5, py-1.11.0, pluggy-1.0.0
rootdir: /dc-app-performance-toolkit/app
plugins: apiritif-1.1.2, xdist-2.5.0, forked-1.4.0
collected 9 items

selenium_ui/jsm_ui_customers.py get driver from global
clear browser cookies
1653574136857,118,selenium_customer_login:open_login_page,Success,True
1653574137576,719,selenium_customer_login:login_and_view_portal,Success,True
1653574137576,837,selenium_customer_login,Success,True
.test_0_selenium_customer_a_login,Total:2539 Passed:2257 Failed:0
1653574137742,164,selenium_customer_create_request:browse_all_portals,Success,True
1653574137912,169,selenium_customer_create_request:view_portal,Success,True
1653574138588,675,selenium_customer_create_request:choose_request_type,Success,True
1653574138961,372,selenium_customer_create_request:create_and_submit_request,Success,True
1653574138961,1383,selenium_customer_create_request,Success,True
.test_1_selenium_customer_create_request,Total:2540 Passed:2258 Failed:0
1653574139175,212,selenium_customer_view_request,Success,True
.test_1_selenium_customer_view_request,Total:2541 Passed:2259 Failed:0
1653574139534,357,selenium_customer_view_requests,Success,True
.test_1_selenium_customer_view_requests,Total:2542 Passed:2260 Failed:0
1653574140003,466,selenium_customer_view_all_requests,Success,True
.test_1_selenium_customer_view_all_requests,Total:2543 Passed:2261 Failed:0
1653574142845,2661,selenium_customer_share_request_with_customer:search_for_customer_to_share_with,Success,True
1653574144441,1596,selenium_customer_share_request:share_request_with_customer,Success,True
1653574144441,4257,selenium_customer_share_request_with_customer,Success,True
.test_1_selenium_customer_share_request_with_customer,Total:2544 Passed:2262 Failed:0
1653574145976,1533,selenium_customer_add_comment,Success,True
.test_1_selenium_customer_add_comment,Total:2545 Passed:2263 Failed:0
stest_0_selenium_customer_insight_view_request,Total:2546 Passed:2263 Failed:0
1653574146193,212,selenium_customer_log_out,Success,True
.test_2_selenium_customer_z_log_out,Total:2547 Passed:2264 Failed:0


=============================== warnings summary ===============================
../../root/.bzt/python-packages/3.9.5/_pytest/config/__init__.py:1114
  /root/.bzt/python-packages/3.9.5/_pytest/config/__init__.py:1114: PytestAssertRewriteWarning: Module already imported so cannot be rewritten: apiritif
    self._mark_plugins_for_rewrite(hook)

-- Docs: https://docs.pytest.org/en/stable/warnings.html
=================== 8 passed, 1 skipped, 1 warning in 9.48s ====================
============================= test session starts ==============================
platform linux -- Python 3.9.5, pytest-6.2.5, py-1.11.0, pluggy-1.0.0
rootdir: /dc-app-performance-toolkit/app
plugins: apiritif-1.1.2, xdist-2.5.0, forked-1.4.0
collected 9 items

selenium_ui/jsm_ui_customers.py get driver from global
clear browser cookies
1653574146409,115,selenium_customer_login:open_login_page,Success,True
1653574147091,682,selenium_customer_login:login_and_view_portal,Success,True
1653574147091,797,selenium_customer_login,Success,True
.test_0_selenium_customer_a_login,Total:2548 Passed:2265 Failed:0
1653574147255,162,selenium_customer_create_request:browse_all_portals,Success,True
1653574147420,164,selenium_customer_create_request:view_portal,Success,True
1653574148051,630,selenium_customer_create_request:choose_request_type,Success,True
1653574148307,255,selenium_customer_create_request:create_and_submit_request,Success,True
1653574148307,1214,selenium_customer_create_request,Success,True
.test_1_selenium_customer_create_request,Total:2549 Passed:2266 Failed:0
1653574148540,231,selenium_customer_view_request,Success,True
.test_1_selenium_customer_view_request,Total:2550 Passed:2267 Failed:0
1653574148902,359,selenium_customer_view_requests,Success,True
.test_1_selenium_customer_view_requests,Total:2551 Passed:2268 Failed:0
1653574149199,296,selenium_customer_view_all_requests,Success,True
.test_1_selenium_customer_view_all_requests,Total:2552 Passed:2269 Failed:0
1653574152013,2640,selenium_customer_share_request_with_customer:search_for_customer_to_share_with,Success,True
1653574153609,1595,selenium_customer_share_request:share_request_with_customer,Success,True
1653574153609,4236,selenium_customer_share_request_with_customer,Success,True
.test_1_selenium_customer_share_request_with_customer,Total:2553 Passed:2270 Failed:0
1653574155130,1519,selenium_customer_add_comment,Success,True
.test_1_selenium_customer_add_comment,Total:2554 Passed:2271 Failed:0
stest_0_selenium_customer_insight_view_request,Total:2555 Passed:2271 Failed:0
1653574155354,222,selenium_customer_log_out,Success,True
.test_2_selenium_customer_z_log_out,Total:2556 Passed:2272 Failed:0


=============================== warnings summary ===============================
../../root/.bzt/python-packages/3.9.5/_pytest/config/__init__.py:1114
  /root/.bzt/python-packages/3.9.5/_pytest/config/__init__.py:1114: PytestAssertRewriteWarning: Module already imported so cannot be rewritten: apiritif
    self._mark_plugins_for_rewrite(hook)

-- Docs: https://docs.pytest.org/en/stable/warnings.html
=================== 8 passed, 1 skipped, 1 warning in 9.08s ====================
============================= test session starts ==============================
platform linux -- Python 3.9.5, pytest-6.2.5, py-1.11.0, pluggy-1.0.0
rootdir: /dc-app-performance-toolkit/app
plugins: apiritif-1.1.2, xdist-2.5.0, forked-1.4.0
collected 9 items

selenium_ui/jsm_ui_customers.py get driver from global
clear browser cookies
1653574155561,123,selenium_customer_login:open_login_page,Success,True
1653574156413,851,selenium_customer_login:login_and_view_portal,Success,True
1653574156413,976,selenium_customer_login,Success,True
.test_0_selenium_customer_a_login,Total:2557 Passed:2273 Failed:0
1653574156561,146,selenium_customer_create_request:browse_all_portals,Success,True
1653574156731,170,selenium_customer_create_request:view_portal,Success,True
1653574157415,683,selenium_customer_create_request:choose_request_type,Success,True
1653574157677,261,selenium_customer_create_request:create_and_submit_request,Success,True
1653574157677,1262,selenium_customer_create_request,Success,True
.test_1_selenium_customer_create_request,Total:2558 Passed:2274 Failed:0
1653574157922,244,selenium_customer_view_request,Success,True
.test_1_selenium_customer_view_request,Total:2559 Passed:2275 Failed:0
1653574158336,411,selenium_customer_view_requests,Success,True
.test_1_selenium_customer_view_requests,Total:2560 Passed:2276 Failed:0
1653574158693,355,selenium_customer_view_all_requests,Success,True
.test_1_selenium_customer_view_all_requests,Total:2561 Passed:2277 Failed:0
1653574161519,2604,selenium_customer_share_request_with_customer:search_for_customer_to_share_with,Success,True
1653574163117,1598,selenium_customer_share_request:share_request_with_customer,Success,True
1653574163117,4203,selenium_customer_share_request_with_customer,Success,True
.test_1_selenium_customer_share_request_with_customer,Total:2562 Passed:2278 Failed:0
1653574164617,1498,selenium_customer_add_comment,Success,True
.test_1_selenium_customer_add_comment,Total:2563 Passed:2279 Failed:0
stest_0_selenium_customer_insight_view_request,Total:2564 Passed:2279 Failed:0
1653574164842,222,selenium_customer_log_out,Success,True
.test_2_selenium_customer_z_log_out,Total:2565 Passed:2280 Failed:0


=============================== warnings summary ===============================
../../root/.bzt/python-packages/3.9.5/_pytest/config/__init__.py:1114
  /root/.bzt/python-packages/3.9.5/_pytest/config/__init__.py:1114: PytestAssertRewriteWarning: Module already imported so cannot be rewritten: apiritif
    self._mark_plugins_for_rewrite(hook)

-- Docs: https://docs.pytest.org/en/stable/warnings.html
=================== 8 passed, 1 skipped, 1 warning in 9.43s ====================
