============================= test session starts ==============================
platform linux -- Python 3.9.5, pytest-6.2.5, py-1.11.0, pluggy-1.0.0
rootdir: /dc-app-performance-toolkit/app
plugins: apiritif-1.1.2, xdist-2.5.0, forked-1.4.0
collected 9 items

selenium_ui/jsm_ui_customers.py first driver inits
1654179925005,3625,selenium_customer_login:open_login_page,Success,True
1654179927577,2571,selenium_customer_login:login_and_view_portal,Success,True
1654179927577,6197,selenium_customer_login,Success,True
.test_0_selenium_customer_a_login,Total:1 Passed:1 Failed:0
1654179929259,1680,selenium_customer_create_request:browse_all_portals,Success,True
1654179930284,1025,selenium_customer_create_request:view_portal,Success,True
1654179931364,1079,selenium_customer_create_request:choose_request_type,Success,True
1654179933656,2291,selenium_customer_create_request:create_and_submit_request,Success,True
1654179933656,6077,selenium_customer_create_request,Success,True
.test_1_selenium_customer_create_request,Total:2 Passed:2 Failed:0
1654179934440,782,selenium_customer_view_request,Success,True
.test_1_selenium_customer_view_request,Total:3 Passed:3 Failed:0
1654179941692,7251,selenium_customer_view_requests,Success,True
.test_1_selenium_customer_view_requests,Total:4 Passed:4 Failed:0
1654179942287,593,selenium_customer_view_all_requests,Success,True
.test_1_selenium_customer_view_all_requests,Total:5 Passed:5 Failed:0
1654179945142,2605,selenium_customer_share_request_with_customer:search_for_customer_to_share_with,Success,True
1654179946730,1587,selenium_customer_share_request:share_request_with_customer,Success,True
1654179946730,4193,selenium_customer_share_request_with_customer,Success,True
.test_1_selenium_customer_share_request_with_customer,Total:6 Passed:6 Failed:0
1654179950373,3641,selenium_customer_add_comment,Success,True
.test_1_selenium_customer_add_comment,Total:7 Passed:7 Failed:0
stest_0_selenium_customer_insight_view_request,Total:8 Passed:7 Failed:0
1654179950979,602,selenium_customer_log_out,Success,True
.test_2_selenium_customer_z_log_out,Total:9 Passed:8 Failed:0


=============================== warnings summary ===============================
../../root/.bzt/python-packages/3.9.5/_pytest/config/__init__.py:1114
  /root/.bzt/python-packages/3.9.5/_pytest/config/__init__.py:1114: PytestAssertRewriteWarning: Module already imported so cannot be rewritten: apiritif
    self._mark_plugins_for_rewrite(hook)

-- Docs: https://docs.pytest.org/en/stable/warnings.html
=================== 8 passed, 1 skipped, 1 warning in 30.36s ===================
============================= test session starts ==============================
platform linux -- Python 3.9.5, pytest-6.2.5, py-1.11.0, pluggy-1.0.0
rootdir: /dc-app-performance-toolkit/app
plugins: apiritif-1.1.2, xdist-2.5.0, forked-1.4.0
collected 9 items

selenium_ui/jsm_ui_customers.py get driver from global
clear browser cookies
1654179951201,139,selenium_customer_login:open_login_page,Success,True
1654179951900,699,selenium_customer_login:login_and_view_portal,Success,True
1654179951900,839,selenium_customer_login,Success,True
.test_0_selenium_customer_a_login,Total:10 Passed:9 Failed:0
1654179953066,1164,selenium_customer_create_request:browse_all_portals,Success,True
1654179953274,208,selenium_customer_create_request:view_portal,Success,True
1654179954090,815,selenium_customer_create_request:choose_request_type,Success,True
1654179954337,246,selenium_customer_create_request:create_and_submit_request,Success,True
1654179954337,2435,selenium_customer_create_request,Success,True
.test_1_selenium_customer_create_request,Total:11 Passed:10 Failed:0
1654179954598,260,selenium_customer_view_request,Success,True
.test_1_selenium_customer_view_request,Total:12 Passed:11 Failed:0
1654179959644,5044,selenium_customer_view_requests,Success,True
.test_1_selenium_customer_view_requests,Total:13 Passed:12 Failed:0
1654179960311,666,selenium_customer_view_all_requests,Success,True
.test_1_selenium_customer_view_all_requests,Total:14 Passed:13 Failed:0
1654179963178,2624,selenium_customer_share_request_with_customer:search_for_customer_to_share_with,Success,True
1654179964769,1590,selenium_customer_share_request:share_request_with_customer,Success,True
1654179964769,4215,selenium_customer_share_request_with_customer,Success,True
.test_1_selenium_customer_share_request_with_customer,Total:15 Passed:14 Failed:0
1654179966490,1720,selenium_customer_add_comment,Success,True
.test_1_selenium_customer_add_comment,Total:16 Passed:15 Failed:0
stest_0_selenium_customer_insight_view_request,Total:17 Passed:15 Failed:0
1654179967103,610,selenium_customer_log_out,Success,True
.test_2_selenium_customer_z_log_out,Total:18 Passed:16 Failed:0


=============================== warnings summary ===============================
../../root/.bzt/python-packages/3.9.5/_pytest/config/__init__.py:1114
  /root/.bzt/python-packages/3.9.5/_pytest/config/__init__.py:1114: PytestAssertRewriteWarning: Module already imported so cannot be rewritten: apiritif
    self._mark_plugins_for_rewrite(hook)

-- Docs: https://docs.pytest.org/en/stable/warnings.html
=================== 8 passed, 1 skipped, 1 warning in 16.06s ===================
============================= test session starts ==============================
platform linux -- Python 3.9.5, pytest-6.2.5, py-1.11.0, pluggy-1.0.0
rootdir: /dc-app-performance-toolkit/app
plugins: apiritif-1.1.2, xdist-2.5.0, forked-1.4.0
collected 9 items

selenium_ui/jsm_ui_customers.py get driver from global
clear browser cookies
1654179967348,157,selenium_customer_login:open_login_page,Success,True
1654179968040,692,selenium_customer_login:login_and_view_portal,Success,True
1654179968040,850,selenium_customer_login,Success,True
.test_0_selenium_customer_a_login,Total:19 Passed:17 Failed:0
1654179968711,669,selenium_customer_create_request:browse_all_portals,Success,True
1654179968919,207,selenium_customer_create_request:view_portal,Success,True
1654179969641,721,selenium_customer_create_request:choose_request_type,Success,True
1654179969879,237,selenium_customer_create_request:create_and_submit_request,Success,True
1654179969879,1837,selenium_customer_create_request,Success,True
.test_1_selenium_customer_create_request,Total:20 Passed:18 Failed:0
1654179970288,408,selenium_customer_view_request,Success,True
.test_1_selenium_customer_view_request,Total:21 Passed:19 Failed:0
1654179970947,657,selenium_customer_view_requests,Success,True
.test_1_selenium_customer_view_requests,Total:22 Passed:20 Failed:0
1654179971566,617,selenium_customer_view_all_requests,Success,True
.test_1_selenium_customer_view_all_requests,Total:23 Passed:21 Failed:0
1654179974530,2609,selenium_customer_share_request_with_customer:search_for_customer_to_share_with,Success,True
1654179976122,1592,selenium_customer_share_request:share_request_with_customer,Success,True
1654179976122,4202,selenium_customer_share_request_with_customer,Success,True
.test_1_selenium_customer_share_request_with_customer,Total:24 Passed:22 Failed:0
1654179977768,1644,selenium_customer_add_comment,Success,True
.test_1_selenium_customer_add_comment,Total:25 Passed:23 Failed:0
stest_0_selenium_customer_insight_view_request,Total:26 Passed:23 Failed:0
1654179978382,611,selenium_customer_log_out,Success,True
.test_2_selenium_customer_z_log_out,Total:27 Passed:24 Failed:0


=============================== warnings summary ===============================
../../root/.bzt/python-packages/3.9.5/_pytest/config/__init__.py:1114
  /root/.bzt/python-packages/3.9.5/_pytest/config/__init__.py:1114: PytestAssertRewriteWarning: Module already imported so cannot be rewritten: apiritif
    self._mark_plugins_for_rewrite(hook)

-- Docs: https://docs.pytest.org/en/stable/warnings.html
=================== 8 passed, 1 skipped, 1 warning in 11.22s ===================
============================= test session starts ==============================
platform linux -- Python 3.9.5, pytest-6.2.5, py-1.11.0, pluggy-1.0.0
rootdir: /dc-app-performance-toolkit/app
plugins: apiritif-1.1.2, xdist-2.5.0, forked-1.4.0
collected 9 items

selenium_ui/jsm_ui_customers.py get driver from global
clear browser cookies
1654179978670,211,selenium_customer_login:open_login_page,Success,True
1654179979075,404,selenium_customer_login:login_and_view_portal,Success,True
1654179979075,616,selenium_customer_login,Success,True
.test_0_selenium_customer_a_login,Total:28 Passed:25 Failed:0
1654179979728,650,selenium_customer_create_request:browse_all_portals,Success,True
1654179979964,236,selenium_customer_create_request:view_portal,Success,True
1654179980803,838,selenium_customer_create_request:choose_request_type,Success,True
1654179981402,598,selenium_customer_create_request:create_and_submit_request,Success,True
1654179981402,2325,selenium_customer_create_request,Success,True
.test_1_selenium_customer_create_request,Total:29 Passed:26 Failed:0
1654179981874,470,selenium_customer_view_request,Success,True
.test_1_selenium_customer_view_request,Total:30 Passed:27 Failed:0
1654179982388,513,selenium_customer_view_requests,Success,True
.test_1_selenium_customer_view_requests,Total:31 Passed:28 Failed:0
1654179982829,439,selenium_customer_view_all_requests,Success,True
.test_1_selenium_customer_view_all_requests,Total:32 Passed:29 Failed:0
1654179985873,2632,selenium_customer_share_request_with_customer:search_for_customer_to_share_with,Success,True
1654179987471,1597,selenium_customer_share_request:share_request_with_customer,Success,True
1654179987471,4229,selenium_customer_share_request_with_customer,Success,True
.test_1_selenium_customer_share_request_with_customer,Total:33 Passed:30 Failed:0
1654179989192,1718,selenium_customer_add_comment,Success,True
.test_1_selenium_customer_add_comment,Total:34 Passed:31 Failed:0
stest_0_selenium_customer_insight_view_request,Total:35 Passed:31 Failed:0
1654179989803,609,selenium_customer_log_out,Success,True
.test_2_selenium_customer_z_log_out,Total:36 Passed:32 Failed:0


=============================== warnings summary ===============================
../../root/.bzt/python-packages/3.9.5/_pytest/config/__init__.py:1114
  /root/.bzt/python-packages/3.9.5/_pytest/config/__init__.py:1114: PytestAssertRewriteWarning: Module already imported so cannot be rewritten: apiritif
    self._mark_plugins_for_rewrite(hook)

-- Docs: https://docs.pytest.org/en/stable/warnings.html
=================== 8 passed, 1 skipped, 1 warning in 11.36s ===================
============================= test session starts ==============================
platform linux -- Python 3.9.5, pytest-6.2.5, py-1.11.0, pluggy-1.0.0
rootdir: /dc-app-performance-toolkit/app
plugins: apiritif-1.1.2, xdist-2.5.0, forked-1.4.0
collected 9 items

selenium_ui/jsm_ui_customers.py get driver from global
clear browser cookies
1654179990036,151,selenium_customer_login:open_login_page,Success,True
1654179990749,712,selenium_customer_login:login_and_view_portal,Success,True
1654179990749,864,selenium_customer_login,Success,True
.test_0_selenium_customer_a_login,Total:37 Passed:33 Failed:0
1654179991404,652,selenium_customer_create_request:browse_all_portals,Success,True
1654179991609,204,selenium_customer_create_request:view_portal,Success,True
1654179992348,739,selenium_customer_create_request:choose_request_type,Success,True
1654179992986,637,selenium_customer_create_request:create_and_submit_request,Success,True
1654179992986,2235,selenium_customer_create_request,Success,True
.test_1_selenium_customer_create_request,Total:38 Passed:34 Failed:0
1654179993918,930,selenium_customer_view_request,Success,True
.test_1_selenium_customer_view_request,Total:39 Passed:35 Failed:0
1654179994548,628,selenium_customer_view_requests,Success,True
.test_1_selenium_customer_view_requests,Total:40 Passed:36 Failed:0
1654179995276,726,selenium_customer_view_all_requests,Success,True
.test_1_selenium_customer_view_all_requests,Total:41 Passed:37 Failed:0
1654179998720,2662,selenium_customer_share_request_with_customer:search_for_customer_to_share_with,Success,True
1654180001331,2611,selenium_customer_share_request:share_request_with_customer,Success,True
1654180001331,5273,selenium_customer_share_request_with_customer,Success,True
.test_1_selenium_customer_share_request_with_customer,Total:42 Passed:38 Failed:0
1654180003555,2222,selenium_customer_add_comment,Success,True
.test_1_selenium_customer_add_comment,Total:43 Passed:39 Failed:0
stest_0_selenium_customer_insight_view_request,Total:44 Passed:39 Failed:0
1654180004174,616,selenium_customer_log_out,Success,True
.test_2_selenium_customer_z_log_out,Total:45 Passed:40 Failed:0


=============================== warnings summary ===============================
../../root/.bzt/python-packages/3.9.5/_pytest/config/__init__.py:1114
  /root/.bzt/python-packages/3.9.5/_pytest/config/__init__.py:1114: PytestAssertRewriteWarning: Module already imported so cannot be rewritten: apiritif
    self._mark_plugins_for_rewrite(hook)

-- Docs: https://docs.pytest.org/en/stable/warnings.html
=================== 8 passed, 1 skipped, 1 warning in 14.31s ===================
============================= test session starts ==============================
platform linux -- Python 3.9.5, pytest-6.2.5, py-1.11.0, pluggy-1.0.0
rootdir: /dc-app-performance-toolkit/app
plugins: apiritif-1.1.2, xdist-2.5.0, forked-1.4.0
collected 9 items

selenium_ui/jsm_ui_customers.py get driver from global
clear browser cookies
1654180004433,155,selenium_customer_login:open_login_page,Success,True
1654180005120,686,selenium_customer_login:login_and_view_portal,Success,True
1654180005120,842,selenium_customer_login,Success,True
.test_0_selenium_customer_a_login,Total:46 Passed:41 Failed:0
1654180005804,682,selenium_customer_create_request:browse_all_portals,Success,True
1654180006060,255,selenium_customer_create_request:view_portal,Success,True
1654180006831,770,selenium_customer_create_request:choose_request_type,Success,True
1654180007081,249,selenium_customer_create_request:create_and_submit_request,Success,True
1654180007081,1960,selenium_customer_create_request,Success,True
.test_1_selenium_customer_create_request,Total:47 Passed:42 Failed:0
1654180007363,280,selenium_customer_view_request,Success,True
.test_1_selenium_customer_view_request,Total:48 Passed:43 Failed:0
1654180007987,622,selenium_customer_view_requests,Success,True
.test_1_selenium_customer_view_requests,Total:49 Passed:44 Failed:0
1654180008553,564,selenium_customer_view_all_requests,Success,True
.test_1_selenium_customer_view_all_requests,Total:50 Passed:45 Failed:0
1654180011495,2669,selenium_customer_share_request_with_customer:search_for_customer_to_share_with,Success,True
1654180013081,1586,selenium_customer_share_request:share_request_with_customer,Success,True
1654180013082,4256,selenium_customer_share_request_with_customer,Success,True
.test_1_selenium_customer_share_request_with_customer,Total:51 Passed:46 Failed:0
1654180016390,3307,selenium_customer_add_comment,Success,True
.test_1_selenium_customer_add_comment,Total:52 Passed:47 Failed:0
stest_0_selenium_customer_insight_view_request,Total:53 Passed:47 Failed:0
1654180017006,612,selenium_customer_log_out,Success,True
.test_2_selenium_customer_z_log_out,Total:54 Passed:48 Failed:0


=============================== warnings summary ===============================
../../root/.bzt/python-packages/3.9.5/_pytest/config/__init__.py:1114
  /root/.bzt/python-packages/3.9.5/_pytest/config/__init__.py:1114: PytestAssertRewriteWarning: Module already imported so cannot be rewritten: apiritif
    self._mark_plugins_for_rewrite(hook)

-- Docs: https://docs.pytest.org/en/stable/warnings.html
=================== 8 passed, 1 skipped, 1 warning in 12.75s ===================
============================= test session starts ==============================
platform linux -- Python 3.9.5, pytest-6.2.5, py-1.11.0, pluggy-1.0.0
rootdir: /dc-app-performance-toolkit/app
plugins: apiritif-1.1.2, xdist-2.5.0, forked-1.4.0
collected 9 items

selenium_ui/jsm_ui_customers.py get driver from global
clear browser cookies
1654180017220,137,selenium_customer_login:open_login_page,Success,True
1654180017906,686,selenium_customer_login:login_and_view_portal,Success,True
1654180017906,824,selenium_customer_login,Success,True
.test_0_selenium_customer_a_login,Total:55 Passed:49 Failed:0
1654180018585,677,selenium_customer_create_request:browse_all_portals,Success,True
1654180018815,229,selenium_customer_create_request:view_portal,Success,True
1654180019553,737,selenium_customer_create_request:choose_request_type,Success,True
1654180019786,233,selenium_customer_create_request:create_and_submit_request,Success,True
1654180019786,1878,selenium_customer_create_request,Success,True
.test_1_selenium_customer_create_request,Total:56 Passed:50 Failed:0
1654180020041,253,selenium_customer_view_request,Success,True
.test_1_selenium_customer_view_request,Total:57 Passed:51 Failed:0
1654180020876,833,selenium_customer_view_requests,Success,True
.test_1_selenium_customer_view_requests,Total:58 Passed:52 Failed:0
1654180021453,575,selenium_customer_view_all_requests,Success,True
.test_1_selenium_customer_view_all_requests,Total:59 Passed:53 Failed:0
1654180024272,2584,selenium_customer_share_request_with_customer:search_for_customer_to_share_with,Success,True
1654180025859,1586,selenium_customer_share_request:share_request_with_customer,Success,True
1654180025859,4171,selenium_customer_share_request_with_customer,Success,True
.test_1_selenium_customer_share_request_with_customer,Total:60 Passed:54 Failed:0
1654180027897,2036,selenium_customer_add_comment,Success,True
.test_1_selenium_customer_add_comment,Total:61 Passed:55 Failed:0
stest_0_selenium_customer_insight_view_request,Total:62 Passed:55 Failed:0
1654180028508,607,selenium_customer_log_out,Success,True
.test_2_selenium_customer_z_log_out,Total:63 Passed:56 Failed:0


=============================== warnings summary ===============================
../../root/.bzt/python-packages/3.9.5/_pytest/config/__init__.py:1114
  /root/.bzt/python-packages/3.9.5/_pytest/config/__init__.py:1114: PytestAssertRewriteWarning: Module already imported so cannot be rewritten: apiritif
    self._mark_plugins_for_rewrite(hook)

-- Docs: https://docs.pytest.org/en/stable/warnings.html
=================== 8 passed, 1 skipped, 1 warning in 11.45s ===================
============================= test session starts ==============================
platform linux -- Python 3.9.5, pytest-6.2.5, py-1.11.0, pluggy-1.0.0
rootdir: /dc-app-performance-toolkit/app
plugins: apiritif-1.1.2, xdist-2.5.0, forked-1.4.0
collected 9 items

selenium_ui/jsm_ui_customers.py get driver from global
clear browser cookies
1654180028738,147,selenium_customer_login:open_login_page,Success,True
1654180029444,706,selenium_customer_login:login_and_view_portal,Success,True
1654180029444,854,selenium_customer_login,Success,True
.test_0_selenium_customer_a_login,Total:64 Passed:57 Failed:0
1654180030123,677,selenium_customer_create_request:browse_all_portals,Success,True
1654180030343,219,selenium_customer_create_request:view_portal,Success,True
1654180031064,720,selenium_customer_create_request:choose_request_type,Success,True
1654180031320,256,selenium_customer_create_request:create_and_submit_request,Success,True
1654180031320,1874,selenium_customer_create_request,Success,True
.test_1_selenium_customer_create_request,Total:65 Passed:58 Failed:0
1654180031550,228,selenium_customer_view_request,Success,True
.test_1_selenium_customer_view_request,Total:66 Passed:59 Failed:0
1654180032093,541,selenium_customer_view_requests,Success,True
.test_1_selenium_customer_view_requests,Total:67 Passed:60 Failed:0
1654180032639,544,selenium_customer_view_all_requests,Success,True
.test_1_selenium_customer_view_all_requests,Total:68 Passed:61 Failed:0
1654180035441,2616,selenium_customer_share_request_with_customer:search_for_customer_to_share_with,Success,True
1654180037043,1602,selenium_customer_share_request:share_request_with_customer,Success,True
1654180037043,4218,selenium_customer_share_request_with_customer,Success,True
.test_1_selenium_customer_share_request_with_customer,Total:69 Passed:62 Failed:0
1654180038595,1550,selenium_customer_add_comment,Success,True
.test_1_selenium_customer_add_comment,Total:70 Passed:63 Failed:0
stest_0_selenium_customer_insight_view_request,Total:71 Passed:63 Failed:0
1654180039200,603,selenium_customer_log_out,Success,True
.test_2_selenium_customer_z_log_out,Total:72 Passed:64 Failed:0


=============================== warnings summary ===============================
../../root/.bzt/python-packages/3.9.5/_pytest/config/__init__.py:1114
  /root/.bzt/python-packages/3.9.5/_pytest/config/__init__.py:1114: PytestAssertRewriteWarning: Module already imported so cannot be rewritten: apiritif
    self._mark_plugins_for_rewrite(hook)

-- Docs: https://docs.pytest.org/en/stable/warnings.html
=================== 8 passed, 1 skipped, 1 warning in 10.64s ===================
============================= test session starts ==============================
platform linux -- Python 3.9.5, pytest-6.2.5, py-1.11.0, pluggy-1.0.0
rootdir: /dc-app-performance-toolkit/app
plugins: apiritif-1.1.2, xdist-2.5.0, forked-1.4.0
collected 9 items

selenium_ui/jsm_ui_customers.py get driver from global
clear browser cookies
1654180039456,147,selenium_customer_login:open_login_page,Success,True
1654180040382,926,selenium_customer_login:login_and_view_portal,Success,True
1654180040382,1073,selenium_customer_login,Success,True
.test_0_selenium_customer_a_login,Total:73 Passed:65 Failed:0
1654180040554,170,selenium_customer_create_request:browse_all_portals,Success,True
1654180040767,212,selenium_customer_create_request:view_portal,Success,True
1654180041423,655,selenium_customer_create_request:choose_request_type,Success,True
1654180041663,239,selenium_customer_create_request:create_and_submit_request,Success,True
1654180041663,1279,selenium_customer_create_request,Success,True
.test_1_selenium_customer_create_request,Total:74 Passed:66 Failed:0
1654180041875,210,selenium_customer_view_request,Success,True
.test_1_selenium_customer_view_request,Total:75 Passed:67 Failed:0
1654180042318,441,selenium_customer_view_requests,Success,True
.test_1_selenium_customer_view_requests,Total:76 Passed:68 Failed:0
1654180042718,399,selenium_customer_view_all_requests,Success,True
.test_1_selenium_customer_view_all_requests,Total:77 Passed:69 Failed:0
1654180045521,2641,selenium_customer_share_request_with_customer:search_for_customer_to_share_with,Success,True
1654180047124,1602,selenium_customer_share_request:share_request_with_customer,Success,True
1654180047124,4244,selenium_customer_share_request_with_customer,Success,True
.test_1_selenium_customer_share_request_with_customer,Total:78 Passed:70 Failed:0
1654180048631,1505,selenium_customer_add_comment,Success,True
.test_1_selenium_customer_add_comment,Total:79 Passed:71 Failed:0
stest_0_selenium_customer_insight_view_request,Total:80 Passed:71 Failed:0
1654180049254,620,selenium_customer_log_out,Success,True
.test_2_selenium_customer_z_log_out,Total:81 Passed:72 Failed:0


=============================== warnings summary ===============================
../../root/.bzt/python-packages/3.9.5/_pytest/config/__init__.py:1114
  /root/.bzt/python-packages/3.9.5/_pytest/config/__init__.py:1114: PytestAssertRewriteWarning: Module already imported so cannot be rewritten: apiritif
    self._mark_plugins_for_rewrite(hook)

-- Docs: https://docs.pytest.org/en/stable/warnings.html
=================== 8 passed, 1 skipped, 1 warning in 9.97s ====================
============================= test session starts ==============================
platform linux -- Python 3.9.5, pytest-6.2.5, py-1.11.0, pluggy-1.0.0
rootdir: /dc-app-performance-toolkit/app
plugins: apiritif-1.1.2, xdist-2.5.0, forked-1.4.0
collected 9 items

selenium_ui/jsm_ui_customers.py get driver from global
clear browser cookies
1654180049478,138,selenium_customer_login:open_login_page,Success,True
1654180050160,681,selenium_customer_login:login_and_view_portal,Success,True
1654180050161,820,selenium_customer_login,Success,True
.test_0_selenium_customer_a_login,Total:82 Passed:73 Failed:0
1654180050808,646,selenium_customer_create_request:browse_all_portals,Success,True
1654180051045,236,selenium_customer_create_request:view_portal,Success,True
1654180051792,746,selenium_customer_create_request:choose_request_type,Success,True
1654180052005,213,selenium_customer_create_request:create_and_submit_request,Success,True
1654180052005,1843,selenium_customer_create_request,Success,True
.test_1_selenium_customer_create_request,Total:83 Passed:74 Failed:0
1654180052255,247,selenium_customer_view_request,Success,True
.test_1_selenium_customer_view_request,Total:84 Passed:75 Failed:0
1654180052949,692,selenium_customer_view_requests,Success,True
.test_1_selenium_customer_view_requests,Total:85 Passed:76 Failed:0
1654180053492,542,selenium_customer_view_all_requests,Success,True
.test_1_selenium_customer_view_all_requests,Total:86 Passed:77 Failed:0
1654180056417,2713,selenium_customer_share_request_with_customer:search_for_customer_to_share_with,Success,True
1654180058002,1584,selenium_customer_share_request:share_request_with_customer,Success,True
1654180058002,4298,selenium_customer_share_request_with_customer,Success,True
.test_1_selenium_customer_share_request_with_customer,Total:87 Passed:78 Failed:0
1654180059975,1971,selenium_customer_add_comment,Success,True
.test_1_selenium_customer_add_comment,Total:88 Passed:79 Failed:0
stest_0_selenium_customer_insight_view_request,Total:89 Passed:79 Failed:0
1654180060579,601,selenium_customer_log_out,Success,True
.test_2_selenium_customer_z_log_out,Total:90 Passed:80 Failed:0


=============================== warnings summary ===============================
../../root/.bzt/python-packages/3.9.5/_pytest/config/__init__.py:1114
  /root/.bzt/python-packages/3.9.5/_pytest/config/__init__.py:1114: PytestAssertRewriteWarning: Module already imported so cannot be rewritten: apiritif
    self._mark_plugins_for_rewrite(hook)

-- Docs: https://docs.pytest.org/en/stable/warnings.html
=================== 8 passed, 1 skipped, 1 warning in 11.26s ===================
============================= test session starts ==============================
platform linux -- Python 3.9.5, pytest-6.2.5, py-1.11.0, pluggy-1.0.0
rootdir: /dc-app-performance-toolkit/app
plugins: apiritif-1.1.2, xdist-2.5.0, forked-1.4.0
collected 9 items

selenium_ui/jsm_ui_customers.py get driver from global
clear browser cookies
1654180060815,149,selenium_customer_login:open_login_page,Success,True
1654180061215,399,selenium_customer_login:login_and_view_portal,Success,True
1654180061216,550,selenium_customer_login,Success,True
.test_0_selenium_customer_a_login,Total:91 Passed:81 Failed:0
1654180061871,654,selenium_customer_create_request:browse_all_portals,Success,True
1654180062055,183,selenium_customer_create_request:view_portal,Success,True
1654180062826,770,selenium_customer_create_request:choose_request_type,Success,True
1654180063453,626,selenium_customer_create_request:create_and_submit_request,Success,True
1654180063453,2235,selenium_customer_create_request,Success,True
.test_1_selenium_customer_create_request,Total:92 Passed:82 Failed:0
1654180063852,397,selenium_customer_view_request,Success,True
.test_1_selenium_customer_view_request,Total:93 Passed:83 Failed:0
1654180064313,459,selenium_customer_view_requests,Success,True
.test_1_selenium_customer_view_requests,Total:94 Passed:84 Failed:0
1654180064852,537,selenium_customer_view_all_requests,Success,True
.test_1_selenium_customer_view_all_requests,Total:95 Passed:85 Failed:0
1654180067858,2650,selenium_customer_share_request_with_customer:search_for_customer_to_share_with,Success,True
1654180069454,1595,selenium_customer_share_request:share_request_with_customer,Success,True
1654180069454,4246,selenium_customer_share_request_with_customer,Success,True
.test_1_selenium_customer_share_request_with_customer,Total:96 Passed:86 Failed:0
1654180071185,1729,selenium_customer_add_comment,Success,True
.test_1_selenium_customer_add_comment,Total:97 Passed:87 Failed:0
stest_0_selenium_customer_insight_view_request,Total:98 Passed:87 Failed:0
1654180071806,618,selenium_customer_log_out,Success,True
.test_2_selenium_customer_z_log_out,Total:99 Passed:88 Failed:0


=============================== warnings summary ===============================
../../root/.bzt/python-packages/3.9.5/_pytest/config/__init__.py:1114
  /root/.bzt/python-packages/3.9.5/_pytest/config/__init__.py:1114: PytestAssertRewriteWarning: Module already imported so cannot be rewritten: apiritif
    self._mark_plugins_for_rewrite(hook)

-- Docs: https://docs.pytest.org/en/stable/warnings.html
=================== 8 passed, 1 skipped, 1 warning in 11.17s ===================
============================= test session starts ==============================
platform linux -- Python 3.9.5, pytest-6.2.5, py-1.11.0, pluggy-1.0.0
rootdir: /dc-app-performance-toolkit/app
plugins: apiritif-1.1.2, xdist-2.5.0, forked-1.4.0
collected 9 items

selenium_ui/jsm_ui_customers.py get driver from global
clear browser cookies
1654180072048,141,selenium_customer_login:open_login_page,Success,True
1654180072766,717,selenium_customer_login:login_and_view_portal,Success,True
1654180072766,859,selenium_customer_login,Success,True
.test_0_selenium_customer_a_login,Total:100 Passed:89 Failed:0
1654180073449,680,selenium_customer_create_request:browse_all_portals,Success,True
1654180073669,220,selenium_customer_create_request:view_portal,Success,True
1654180074513,843,selenium_customer_create_request:choose_request_type,Success,True
1654180074827,313,selenium_customer_create_request:create_and_submit_request,Success,True
1654180074827,2059,selenium_customer_create_request,Success,True
.test_1_selenium_customer_create_request,Total:101 Passed:90 Failed:0
1654180075516,687,selenium_customer_view_request,Success,True
.test_1_selenium_customer_view_request,Total:102 Passed:91 Failed:0
1654180076158,640,selenium_customer_view_requests,Success,True
.test_1_selenium_customer_view_requests,Total:103 Passed:92 Failed:0
1654180076702,542,selenium_customer_view_all_requests,Success,True
.test_1_selenium_customer_view_all_requests,Total:104 Passed:93 Failed:0
1654180079937,2611,selenium_customer_share_request_with_customer:search_for_customer_to_share_with,Success,True
1654180082043,2105,selenium_customer_share_request:share_request_with_customer,Success,True
1654180082043,4717,selenium_customer_share_request_with_customer,Success,True
.test_1_selenium_customer_share_request_with_customer,Total:105 Passed:94 Failed:0
1654180084141,2096,selenium_customer_add_comment,Success,True
.test_1_selenium_customer_add_comment,Total:106 Passed:95 Failed:0
stest_0_selenium_customer_insight_view_request,Total:107 Passed:95 Failed:0
1654180084749,605,selenium_customer_log_out,Success,True
.test_2_selenium_customer_z_log_out,Total:108 Passed:96 Failed:0


=============================== warnings summary ===============================
../../root/.bzt/python-packages/3.9.5/_pytest/config/__init__.py:1114
  /root/.bzt/python-packages/3.9.5/_pytest/config/__init__.py:1114: PytestAssertRewriteWarning: Module already imported so cannot be rewritten: apiritif
    self._mark_plugins_for_rewrite(hook)

-- Docs: https://docs.pytest.org/en/stable/warnings.html
=================== 8 passed, 1 skipped, 1 warning in 12.88s ===================
============================= test session starts ==============================
platform linux -- Python 3.9.5, pytest-6.2.5, py-1.11.0, pluggy-1.0.0
rootdir: /dc-app-performance-toolkit/app
plugins: apiritif-1.1.2, xdist-2.5.0, forked-1.4.0
collected 9 items

selenium_ui/jsm_ui_customers.py get driver from global
clear browser cookies
1654180085024,155,selenium_customer_login:open_login_page,Success,True
1654180085769,745,selenium_customer_login:login_and_view_portal,Success,True
1654180085769,901,selenium_customer_login,Success,True
.test_0_selenium_customer_a_login,Total:109 Passed:97 Failed:0
1654180086435,663,selenium_customer_create_request:browse_all_portals,Success,True
1654180086660,225,selenium_customer_create_request:view_portal,Success,True
1654180087404,743,selenium_customer_create_request:choose_request_type,Success,True
1654180087647,243,selenium_customer_create_request:create_and_submit_request,Success,True
1654180087648,1877,selenium_customer_create_request,Success,True
.test_1_selenium_customer_create_request,Total:110 Passed:98 Failed:0
1654180088183,533,selenium_customer_view_request,Success,True
.test_1_selenium_customer_view_request,Total:111 Passed:99 Failed:0
1654180088754,569,selenium_customer_view_requests,Success,True
.test_1_selenium_customer_view_requests,Total:112 Passed:100 Failed:0
1654180089351,596,selenium_customer_view_all_requests,Success,True
.test_1_selenium_customer_view_all_requests,Total:113 Passed:101 Failed:0
1654180092473,2640,selenium_customer_share_request_with_customer:search_for_customer_to_share_with,Success,True
1654180094582,2108,selenium_customer_share_request:share_request_with_customer,Success,True
1654180094582,4750,selenium_customer_share_request_with_customer,Success,True
.test_1_selenium_customer_share_request_with_customer,Total:114 Passed:102 Failed:0
1654180096396,1812,selenium_customer_add_comment,Success,True
.test_1_selenium_customer_add_comment,Total:115 Passed:103 Failed:0
stest_0_selenium_customer_insight_view_request,Total:116 Passed:103 Failed:0
1654180097006,607,selenium_customer_log_out,Success,True
.test_2_selenium_customer_z_log_out,Total:117 Passed:104 Failed:0


=============================== warnings summary ===============================
../../root/.bzt/python-packages/3.9.5/_pytest/config/__init__.py:1114
  /root/.bzt/python-packages/3.9.5/_pytest/config/__init__.py:1114: PytestAssertRewriteWarning: Module already imported so cannot be rewritten: apiritif
    self._mark_plugins_for_rewrite(hook)

-- Docs: https://docs.pytest.org/en/stable/warnings.html
=================== 8 passed, 1 skipped, 1 warning in 12.17s ===================
============================= test session starts ==============================
platform linux -- Python 3.9.5, pytest-6.2.5, py-1.11.0, pluggy-1.0.0
rootdir: /dc-app-performance-toolkit/app
plugins: apiritif-1.1.2, xdist-2.5.0, forked-1.4.0
collected 9 items

selenium_ui/jsm_ui_customers.py get driver from global
clear browser cookies
1654180097230,142,selenium_customer_login:open_login_page,Success,True
1654180097968,737,selenium_customer_login:login_and_view_portal,Success,True
1654180097968,880,selenium_customer_login,Success,True
.test_0_selenium_customer_a_login,Total:118 Passed:105 Failed:0
1654180098129,159,selenium_customer_create_request:browse_all_portals,Success,True
1654180098345,215,selenium_customer_create_request:view_portal,Success,True
1654180098947,601,selenium_customer_create_request:choose_request_type,Success,True
1654180099563,616,selenium_customer_create_request:create_and_submit_request,Success,True
1654180099563,1593,selenium_customer_create_request,Success,True
.test_1_selenium_customer_create_request,Total:119 Passed:106 Failed:0
1654180099831,266,selenium_customer_view_request,Success,True
.test_1_selenium_customer_view_request,Total:120 Passed:107 Failed:0
1654180100334,501,selenium_customer_view_requests,Success,True
.test_1_selenium_customer_view_requests,Total:121 Passed:108 Failed:0
1654180100766,430,selenium_customer_view_all_requests,Success,True
.test_1_selenium_customer_view_all_requests,Total:122 Passed:109 Failed:0
1654180103672,2657,selenium_customer_share_request_with_customer:search_for_customer_to_share_with,Success,True
1654180105266,1594,selenium_customer_share_request:share_request_with_customer,Success,True
1654180105266,4252,selenium_customer_share_request_with_customer,Success,True
.test_1_selenium_customer_share_request_with_customer,Total:123 Passed:110 Failed:0
1654180106866,1598,selenium_customer_add_comment,Success,True
.test_1_selenium_customer_add_comment,Total:124 Passed:111 Failed:0
stest_0_selenium_customer_insight_view_request,Total:125 Passed:111 Failed:0
1654180107500,631,selenium_customer_log_out,Success,True
.test_2_selenium_customer_z_log_out,Total:126 Passed:112 Failed:0


=============================== warnings summary ===============================
../../root/.bzt/python-packages/3.9.5/_pytest/config/__init__.py:1114
  /root/.bzt/python-packages/3.9.5/_pytest/config/__init__.py:1114: PytestAssertRewriteWarning: Module already imported so cannot be rewritten: apiritif
    self._mark_plugins_for_rewrite(hook)

-- Docs: https://docs.pytest.org/en/stable/warnings.html
=================== 8 passed, 1 skipped, 1 warning in 10.44s ===================
============================= test session starts ==============================
platform linux -- Python 3.9.5, pytest-6.2.5, py-1.11.0, pluggy-1.0.0
rootdir: /dc-app-performance-toolkit/app
plugins: apiritif-1.1.2, xdist-2.5.0, forked-1.4.0
collected 9 items

selenium_ui/jsm_ui_customers.py get driver from global
clear browser cookies
1654180107737,153,selenium_customer_login:open_login_page,Success,True
1654180108461,724,selenium_customer_login:login_and_view_portal,Success,True
1654180108462,878,selenium_customer_login,Success,True
.test_0_selenium_customer_a_login,Total:127 Passed:113 Failed:0
1654180108644,180,selenium_customer_create_request:browse_all_portals,Success,True
1654180108920,275,selenium_customer_create_request:view_portal,Success,True
1654180109653,732,selenium_customer_create_request:choose_request_type,Success,True
1654180109967,313,selenium_customer_create_request:create_and_submit_request,Success,True
1654180109967,1503,selenium_customer_create_request,Success,True
.test_1_selenium_customer_create_request,Total:128 Passed:114 Failed:0
1654180110180,212,selenium_customer_view_request,Success,True
.test_1_selenium_customer_view_request,Total:129 Passed:115 Failed:0
1654180110663,481,selenium_customer_view_requests,Success,True
.test_1_selenium_customer_view_requests,Total:130 Passed:116 Failed:0
1654180111123,458,selenium_customer_view_all_requests,Success,True
.test_1_selenium_customer_view_all_requests,Total:131 Passed:117 Failed:0
1654180113990,2681,selenium_customer_share_request_with_customer:search_for_customer_to_share_with,Success,True
1654180115582,1591,selenium_customer_share_request:share_request_with_customer,Success,True
1654180115582,4273,selenium_customer_share_request_with_customer,Success,True
.test_1_selenium_customer_share_request_with_customer,Total:132 Passed:118 Failed:0
1654180117103,1518,selenium_customer_add_comment,Success,True
.test_1_selenium_customer_add_comment,Total:133 Passed:119 Failed:0
stest_0_selenium_customer_insight_view_request,Total:134 Passed:119 Failed:0
1654180117713,608,selenium_customer_log_out,Success,True
.test_2_selenium_customer_z_log_out,Total:135 Passed:120 Failed:0


=============================== warnings summary ===============================
../../root/.bzt/python-packages/3.9.5/_pytest/config/__init__.py:1114
  /root/.bzt/python-packages/3.9.5/_pytest/config/__init__.py:1114: PytestAssertRewriteWarning: Module already imported so cannot be rewritten: apiritif
    self._mark_plugins_for_rewrite(hook)

-- Docs: https://docs.pytest.org/en/stable/warnings.html
=================== 8 passed, 1 skipped, 1 warning in 10.15s ===================
============================= test session starts ==============================
platform linux -- Python 3.9.5, pytest-6.2.5, py-1.11.0, pluggy-1.0.0
rootdir: /dc-app-performance-toolkit/app
plugins: apiritif-1.1.2, xdist-2.5.0, forked-1.4.0
collected 9 items

selenium_ui/jsm_ui_customers.py get driver from global
clear browser cookies
1654180117949,148,selenium_customer_login:open_login_page,Success,True
1654180118336,386,selenium_customer_login:login_and_view_portal,Success,True
1654180118336,535,selenium_customer_login,Success,True
.test_0_selenium_customer_a_login,Total:136 Passed:121 Failed:0
1654180118984,646,selenium_customer_create_request:browse_all_portals,Success,True
1654180119152,167,selenium_customer_create_request:view_portal,Success,True
1654180119873,721,selenium_customer_create_request:choose_request_type,Success,True
1654180120123,249,selenium_customer_create_request:create_and_submit_request,Success,True
1654180120123,1785,selenium_customer_create_request,Success,True
.test_1_selenium_customer_create_request,Total:137 Passed:122 Failed:0
1654180120536,411,selenium_customer_view_request,Success,True
.test_1_selenium_customer_view_request,Total:138 Passed:123 Failed:0
1654180121054,516,selenium_customer_view_requests,Success,True
.test_1_selenium_customer_view_requests,Total:139 Passed:124 Failed:0
1654180121547,492,selenium_customer_view_all_requests,Success,True
.test_1_selenium_customer_view_all_requests,Total:140 Passed:125 Failed:0
1654180124558,2669,selenium_customer_share_request_with_customer:search_for_customer_to_share_with,Success,True
1654180126153,1594,selenium_customer_share_request:share_request_with_customer,Success,True
1654180126153,4264,selenium_customer_share_request_with_customer,Success,True
.test_1_selenium_customer_share_request_with_customer,Total:141 Passed:126 Failed:0
1654180127865,1710,selenium_customer_add_comment,Success,True
.test_1_selenium_customer_add_comment,Total:142 Passed:127 Failed:0
stest_0_selenium_customer_insight_view_request,Total:143 Passed:127 Failed:0
1654180128484,617,selenium_customer_log_out,Success,True
.test_2_selenium_customer_z_log_out,Total:144 Passed:128 Failed:0


=============================== warnings summary ===============================
../../root/.bzt/python-packages/3.9.5/_pytest/config/__init__.py:1114
  /root/.bzt/python-packages/3.9.5/_pytest/config/__init__.py:1114: PytestAssertRewriteWarning: Module already imported so cannot be rewritten: apiritif
    self._mark_plugins_for_rewrite(hook)

-- Docs: https://docs.pytest.org/en/stable/warnings.html
=================== 8 passed, 1 skipped, 1 warning in 10.71s ===================
============================= test session starts ==============================
platform linux -- Python 3.9.5, pytest-6.2.5, py-1.11.0, pluggy-1.0.0
rootdir: /dc-app-performance-toolkit/app
plugins: apiritif-1.1.2, xdist-2.5.0, forked-1.4.0
collected 9 items

selenium_ui/jsm_ui_customers.py get driver from global
clear browser cookies
1654180128712,132,selenium_customer_login:open_login_page,Success,True
1654180129645,932,selenium_customer_login:login_and_view_portal,Success,True
1654180129645,1065,selenium_customer_login,Success,True
.test_0_selenium_customer_a_login,Total:145 Passed:129 Failed:0
1654180129787,140,selenium_customer_create_request:browse_all_portals,Success,True
1654180129956,168,selenium_customer_create_request:view_portal,Success,True
1654180130609,652,selenium_customer_create_request:choose_request_type,Success,True
1654180130921,312,selenium_customer_create_request:create_and_submit_request,Success,True
1654180130922,1275,selenium_customer_create_request,Success,True
.test_1_selenium_customer_create_request,Total:146 Passed:130 Failed:0
1654180131141,218,selenium_customer_view_request,Success,True
.test_1_selenium_customer_view_request,Total:147 Passed:131 Failed:0
1654180131666,523,selenium_customer_view_requests,Success,True
.test_1_selenium_customer_view_requests,Total:148 Passed:132 Failed:0
1654180132112,443,selenium_customer_view_all_requests,Success,True
.test_1_selenium_customer_view_all_requests,Total:149 Passed:133 Failed:0
1654180134946,2679,selenium_customer_share_request_with_customer:search_for_customer_to_share_with,Success,True
1654180136537,1591,selenium_customer_share_request:share_request_with_customer,Success,True
1654180136537,4271,selenium_customer_share_request_with_customer,Success,True
.test_1_selenium_customer_share_request_with_customer,Total:150 Passed:134 Failed:0
1654180138043,1504,selenium_customer_add_comment,Success,True
.test_1_selenium_customer_add_comment,Total:151 Passed:135 Failed:0
stest_0_selenium_customer_insight_view_request,Total:152 Passed:135 Failed:0
1654180138659,613,selenium_customer_log_out,Success,True
.test_2_selenium_customer_z_log_out,Total:153 Passed:136 Failed:0


=============================== warnings summary ===============================
../../root/.bzt/python-packages/3.9.5/_pytest/config/__init__.py:1114
  /root/.bzt/python-packages/3.9.5/_pytest/config/__init__.py:1114: PytestAssertRewriteWarning: Module already imported so cannot be rewritten: apiritif
    self._mark_plugins_for_rewrite(hook)

-- Docs: https://docs.pytest.org/en/stable/warnings.html
=================== 8 passed, 1 skipped, 1 warning in 10.11s ===================
============================= test session starts ==============================
platform linux -- Python 3.9.5, pytest-6.2.5, py-1.11.0, pluggy-1.0.0
rootdir: /dc-app-performance-toolkit/app
plugins: apiritif-1.1.2, xdist-2.5.0, forked-1.4.0
collected 9 items

selenium_ui/jsm_ui_customers.py get driver from global
clear browser cookies
1654180138889,142,selenium_customer_login:open_login_page,Success,True
1654180139572,683,selenium_customer_login:login_and_view_portal,Success,True
1654180139572,826,selenium_customer_login,Success,True
.test_0_selenium_customer_a_login,Total:154 Passed:137 Failed:0
1654180140244,669,selenium_customer_create_request:browse_all_portals,Success,True
1654180140456,212,selenium_customer_create_request:view_portal,Success,True
1654180141212,755,selenium_customer_create_request:choose_request_type,Success,True
1654180141451,239,selenium_customer_create_request:create_and_submit_request,Success,True
1654180141451,1877,selenium_customer_create_request,Success,True
.test_1_selenium_customer_create_request,Total:155 Passed:138 Failed:0
1654180141772,319,selenium_customer_view_request,Success,True
.test_1_selenium_customer_view_request,Total:156 Passed:139 Failed:0
1654180142355,581,selenium_customer_view_requests,Success,True
.test_1_selenium_customer_view_requests,Total:157 Passed:140 Failed:0
1654180142968,611,selenium_customer_view_all_requests,Success,True
.test_1_selenium_customer_view_all_requests,Total:158 Passed:141 Failed:0
1654180145956,2695,selenium_customer_share_request_with_customer:search_for_customer_to_share_with,Success,True
1654180147555,1598,selenium_customer_share_request:share_request_with_customer,Success,True
1654180147555,4294,selenium_customer_share_request_with_customer,Success,True
.test_1_selenium_customer_share_request_with_customer,Total:159 Passed:142 Failed:0
1654180149173,1617,selenium_customer_add_comment,Success,True
.test_1_selenium_customer_add_comment,Total:160 Passed:143 Failed:0
stest_0_selenium_customer_insight_view_request,Total:161 Passed:143 Failed:0
1654180149796,619,selenium_customer_log_out,Success,True
.test_2_selenium_customer_z_log_out,Total:162 Passed:144 Failed:0


=============================== warnings summary ===============================
../../root/.bzt/python-packages/3.9.5/_pytest/config/__init__.py:1114
  /root/.bzt/python-packages/3.9.5/_pytest/config/__init__.py:1114: PytestAssertRewriteWarning: Module already imported so cannot be rewritten: apiritif
    self._mark_plugins_for_rewrite(hook)

-- Docs: https://docs.pytest.org/en/stable/warnings.html
=================== 8 passed, 1 skipped, 1 warning in 11.07s ===================
============================= test session starts ==============================
platform linux -- Python 3.9.5, pytest-6.2.5, py-1.11.0, pluggy-1.0.0
rootdir: /dc-app-performance-toolkit/app
plugins: apiritif-1.1.2, xdist-2.5.0, forked-1.4.0
collected 9 items

selenium_ui/jsm_ui_customers.py get driver from global
clear browser cookies
1654180150046,162,selenium_customer_login:open_login_page,Success,True
1654180150727,680,selenium_customer_login:login_and_view_portal,Success,True
1654180150727,843,selenium_customer_login,Success,True
.test_0_selenium_customer_a_login,Total:163 Passed:145 Failed:0
1654180150895,166,selenium_customer_create_request:browse_all_portals,Success,True
1654180151079,183,selenium_customer_create_request:view_portal,Success,True
1654180151778,699,selenium_customer_create_request:choose_request_type,Success,True
1654180152042,263,selenium_customer_create_request:create_and_submit_request,Success,True
1654180152042,1313,selenium_customer_create_request,Success,True
.test_1_selenium_customer_create_request,Total:164 Passed:146 Failed:0
1654180152286,241,selenium_customer_view_request,Success,True
.test_1_selenium_customer_view_request,Total:165 Passed:147 Failed:0
1654180152760,472,selenium_customer_view_requests,Success,True
.test_1_selenium_customer_view_requests,Total:166 Passed:148 Failed:0
1654180153219,457,selenium_customer_view_all_requests,Success,True
.test_1_selenium_customer_view_all_requests,Total:167 Passed:149 Failed:0
1654180156050,2650,selenium_customer_share_request_with_customer:search_for_customer_to_share_with,Success,True
1654180157646,1595,selenium_customer_share_request:share_request_with_customer,Success,True
1654180157646,4247,selenium_customer_share_request_with_customer,Success,True
.test_1_selenium_customer_share_request_with_customer,Total:168 Passed:150 Failed:0
1654180159217,1569,selenium_customer_add_comment,Success,True
.test_1_selenium_customer_add_comment,Total:169 Passed:151 Failed:0
stest_0_selenium_customer_insight_view_request,Total:170 Passed:151 Failed:0
1654180159828,608,selenium_customer_log_out,Success,True
.test_2_selenium_customer_z_log_out,Total:171 Passed:152 Failed:0


=============================== warnings summary ===============================
../../root/.bzt/python-packages/3.9.5/_pytest/config/__init__.py:1114
  /root/.bzt/python-packages/3.9.5/_pytest/config/__init__.py:1114: PytestAssertRewriteWarning: Module already imported so cannot be rewritten: apiritif
    self._mark_plugins_for_rewrite(hook)

-- Docs: https://docs.pytest.org/en/stable/warnings.html
=================== 8 passed, 1 skipped, 1 warning in 9.97s ====================
============================= test session starts ==============================
platform linux -- Python 3.9.5, pytest-6.2.5, py-1.11.0, pluggy-1.0.0
rootdir: /dc-app-performance-toolkit/app
plugins: apiritif-1.1.2, xdist-2.5.0, forked-1.4.0
collected 9 items

selenium_ui/jsm_ui_customers.py get driver from global
clear browser cookies
1654180160076,145,selenium_customer_login:open_login_page,Success,True
1654180160797,720,selenium_customer_login:login_and_view_portal,Success,True
1654180160797,866,selenium_customer_login,Success,True
.test_0_selenium_customer_a_login,Total:172 Passed:153 Failed:0
1654180161493,694,selenium_customer_create_request:browse_all_portals,Success,True
1654180161756,263,selenium_customer_create_request:view_portal,Success,True
1654180162483,726,selenium_customer_create_request:choose_request_type,Success,True
1654180162745,262,selenium_customer_create_request:create_and_submit_request,Success,True
1654180162745,1947,selenium_customer_create_request,Success,True
.test_1_selenium_customer_create_request,Total:173 Passed:154 Failed:0
1654180163625,878,selenium_customer_view_request,Success,True
.test_1_selenium_customer_view_request,Total:174 Passed:155 Failed:0
1654180164214,587,selenium_customer_view_requests,Success,True
.test_1_selenium_customer_view_requests,Total:175 Passed:156 Failed:0
1654180164786,570,selenium_customer_view_all_requests,Success,True
.test_1_selenium_customer_view_all_requests,Total:176 Passed:157 Failed:0
1654180168259,2709,selenium_customer_share_request_with_customer:search_for_customer_to_share_with,Success,True
1654180170923,2663,selenium_customer_share_request:share_request_with_customer,Success,True
1654180170923,5373,selenium_customer_share_request_with_customer,Success,True
.test_1_selenium_customer_share_request_with_customer,Total:177 Passed:158 Failed:0
1654180173014,2089,selenium_customer_add_comment,Success,True
.test_1_selenium_customer_add_comment,Total:178 Passed:159 Failed:0
stest_0_selenium_customer_insight_view_request,Total:179 Passed:159 Failed:0
1654180173628,611,selenium_customer_log_out,Success,True
.test_2_selenium_customer_z_log_out,Total:180 Passed:160 Failed:0


=============================== warnings summary ===============================
../../root/.bzt/python-packages/3.9.5/_pytest/config/__init__.py:1114
  /root/.bzt/python-packages/3.9.5/_pytest/config/__init__.py:1114: PytestAssertRewriteWarning: Module already imported so cannot be rewritten: apiritif
    self._mark_plugins_for_rewrite(hook)

-- Docs: https://docs.pytest.org/en/stable/warnings.html
=================== 8 passed, 1 skipped, 1 warning in 13.74s ===================
============================= test session starts ==============================
platform linux -- Python 3.9.5, pytest-6.2.5, py-1.11.0, pluggy-1.0.0
rootdir: /dc-app-performance-toolkit/app
plugins: apiritif-1.1.2, xdist-2.5.0, forked-1.4.0
collected 9 items

selenium_ui/jsm_ui_customers.py get driver from global
clear browser cookies
1654180174005,160,selenium_customer_login:open_login_page,Success,True
1654180174701,696,selenium_customer_login:login_and_view_portal,Success,True
1654180174701,857,selenium_customer_login,Success,True
.test_0_selenium_customer_a_login,Total:181 Passed:161 Failed:0
1654180175339,636,selenium_customer_create_request:browse_all_portals,Success,True
1654180175497,157,selenium_customer_create_request:view_portal,Success,True
1654180176211,713,selenium_customer_create_request:choose_request_type,Success,True
1654180176496,284,selenium_customer_create_request:create_and_submit_request,Success,True
1654180176497,1793,selenium_customer_create_request,Success,True
.test_1_selenium_customer_create_request,Total:182 Passed:162 Failed:0
1654180176720,221,selenium_customer_view_request,Success,True
.test_1_selenium_customer_view_request,Total:183 Passed:163 Failed:0
1654180177210,488,selenium_customer_view_requests,Success,True
.test_1_selenium_customer_view_requests,Total:184 Passed:164 Failed:0
1654180177719,507,selenium_customer_view_all_requests,Success,True
.test_1_selenium_customer_view_all_requests,Total:185 Passed:165 Failed:0
1654180180474,2614,selenium_customer_share_request_with_customer:search_for_customer_to_share_with,Success,True
1654180182069,1594,selenium_customer_share_request:share_request_with_customer,Success,True
1654180182069,4209,selenium_customer_share_request_with_customer,Success,True
.test_1_selenium_customer_share_request_with_customer,Total:186 Passed:166 Failed:0
1654180183631,1560,selenium_customer_add_comment,Success,True
.test_1_selenium_customer_add_comment,Total:187 Passed:167 Failed:0
stest_0_selenium_customer_insight_view_request,Total:188 Passed:167 Failed:0
1654180184241,607,selenium_customer_log_out,Success,True
.test_2_selenium_customer_z_log_out,Total:189 Passed:168 Failed:0


=============================== warnings summary ===============================
../../root/.bzt/python-packages/3.9.5/_pytest/config/__init__.py:1114
  /root/.bzt/python-packages/3.9.5/_pytest/config/__init__.py:1114: PytestAssertRewriteWarning: Module already imported so cannot be rewritten: apiritif
    self._mark_plugins_for_rewrite(hook)

-- Docs: https://docs.pytest.org/en/stable/warnings.html
=================== 8 passed, 1 skipped, 1 warning in 10.51s ===================
============================= test session starts ==============================
platform linux -- Python 3.9.5, pytest-6.2.5, py-1.11.0, pluggy-1.0.0
rootdir: /dc-app-performance-toolkit/app
plugins: apiritif-1.1.2, xdist-2.5.0, forked-1.4.0
collected 9 items

selenium_ui/jsm_ui_customers.py get driver from global
clear browser cookies
1654180184467,144,selenium_customer_login:open_login_page,Success,True
1654180185174,706,selenium_customer_login:login_and_view_portal,Success,True
1654180185174,851,selenium_customer_login,Success,True
.test_0_selenium_customer_a_login,Total:190 Passed:169 Failed:0
1654180185870,693,selenium_customer_create_request:browse_all_portals,Success,True
1654180186087,216,selenium_customer_create_request:view_portal,Success,True
1654180186768,680,selenium_customer_create_request:choose_request_type,Success,True
1654180187009,240,selenium_customer_create_request:create_and_submit_request,Success,True
1654180187009,1832,selenium_customer_create_request,Success,True
.test_1_selenium_customer_create_request,Total:191 Passed:170 Failed:0
1654180187231,220,selenium_customer_view_request,Success,True
.test_1_selenium_customer_view_request,Total:192 Passed:171 Failed:0
1654180187794,562,selenium_customer_view_requests,Success,True
.test_1_selenium_customer_view_requests,Total:193 Passed:172 Failed:0
1654180188388,592,selenium_customer_view_all_requests,Success,True
.test_1_selenium_customer_view_all_requests,Total:194 Passed:173 Failed:0
1654180191199,2592,selenium_customer_share_request_with_customer:search_for_customer_to_share_with,Success,True
1654180192789,1589,selenium_customer_share_request:share_request_with_customer,Success,True
1654180192789,4182,selenium_customer_share_request_with_customer,Success,True
.test_1_selenium_customer_share_request_with_customer,Total:195 Passed:174 Failed:0
1654180194334,1543,selenium_customer_add_comment,Success,True
.test_1_selenium_customer_add_comment,Total:196 Passed:175 Failed:0
stest_0_selenium_customer_insight_view_request,Total:197 Passed:175 Failed:0
1654180194949,612,selenium_customer_log_out,Success,True
.test_2_selenium_customer_z_log_out,Total:198 Passed:176 Failed:0


=============================== warnings summary ===============================
../../root/.bzt/python-packages/3.9.5/_pytest/config/__init__.py:1114
  /root/.bzt/python-packages/3.9.5/_pytest/config/__init__.py:1114: PytestAssertRewriteWarning: Module already imported so cannot be rewritten: apiritif
    self._mark_plugins_for_rewrite(hook)

-- Docs: https://docs.pytest.org/en/stable/warnings.html
=================== 8 passed, 1 skipped, 1 warning in 10.65s ===================
============================= test session starts ==============================
platform linux -- Python 3.9.5, pytest-6.2.5, py-1.11.0, pluggy-1.0.0
rootdir: /dc-app-performance-toolkit/app
plugins: apiritif-1.1.2, xdist-2.5.0, forked-1.4.0
collected 9 items

selenium_ui/jsm_ui_customers.py get driver from global
clear browser cookies
1654180195200,167,selenium_customer_login:open_login_page,Success,True
1654180195910,709,selenium_customer_login:login_and_view_portal,Success,True
1654180195910,877,selenium_customer_login,Success,True
.test_0_selenium_customer_a_login,Total:199 Passed:177 Failed:0
1654180196067,155,selenium_customer_create_request:browse_all_portals,Success,True
1654180196279,211,selenium_customer_create_request:view_portal,Success,True
1654180196965,685,selenium_customer_create_request:choose_request_type,Success,True
1654180197202,236,selenium_customer_create_request:create_and_submit_request,Success,True
1654180197202,1290,selenium_customer_create_request,Success,True
.test_1_selenium_customer_create_request,Total:200 Passed:178 Failed:0
1654180197450,247,selenium_customer_view_request,Success,True
.test_1_selenium_customer_view_request,Total:201 Passed:179 Failed:0
1654180197907,455,selenium_customer_view_requests,Success,True
.test_1_selenium_customer_view_requests,Total:202 Passed:180 Failed:0
1654180198374,465,selenium_customer_view_all_requests,Success,True
.test_1_selenium_customer_view_all_requests,Total:203 Passed:181 Failed:0
1654180201141,2611,selenium_customer_share_request_with_customer:search_for_customer_to_share_with,Success,True
1654180202738,1596,selenium_customer_share_request:share_request_with_customer,Success,True
1654180202738,4208,selenium_customer_share_request_with_customer,Success,True
.test_1_selenium_customer_share_request_with_customer,Total:204 Passed:182 Failed:0
1654180204271,1531,selenium_customer_add_comment,Success,True
.test_1_selenium_customer_add_comment,Total:205 Passed:183 Failed:0
stest_0_selenium_customer_insight_view_request,Total:206 Passed:183 Failed:0
1654180204888,614,selenium_customer_log_out,Success,True
.test_2_selenium_customer_z_log_out,Total:207 Passed:184 Failed:0


=============================== warnings summary ===============================
../../root/.bzt/python-packages/3.9.5/_pytest/config/__init__.py:1114
  /root/.bzt/python-packages/3.9.5/_pytest/config/__init__.py:1114: PytestAssertRewriteWarning: Module already imported so cannot be rewritten: apiritif
    self._mark_plugins_for_rewrite(hook)

-- Docs: https://docs.pytest.org/en/stable/warnings.html
=================== 8 passed, 1 skipped, 1 warning in 9.88s ====================
============================= test session starts ==============================
platform linux -- Python 3.9.5, pytest-6.2.5, py-1.11.0, pluggy-1.0.0
rootdir: /dc-app-performance-toolkit/app
plugins: apiritif-1.1.2, xdist-2.5.0, forked-1.4.0
collected 9 items

selenium_ui/jsm_ui_customers.py get driver from global
clear browser cookies
1654180205123,136,selenium_customer_login:open_login_page,Success,True
1654180205836,713,selenium_customer_login:login_and_view_portal,Success,True
1654180205837,850,selenium_customer_login,Success,True
.test_0_selenium_customer_a_login,Total:208 Passed:185 Failed:0
1654180206483,645,selenium_customer_create_request:browse_all_portals,Success,True
1654180206724,240,selenium_customer_create_request:view_portal,Success,True
1654180207429,704,selenium_customer_create_request:choose_request_type,Success,True
1654180207686,256,selenium_customer_create_request:create_and_submit_request,Success,True
1654180207686,1847,selenium_customer_create_request,Success,True
.test_1_selenium_customer_create_request,Total:209 Passed:186 Failed:0
1654180207908,220,selenium_customer_view_request,Success,True
.test_1_selenium_customer_view_request,Total:210 Passed:187 Failed:0
1654180208469,559,selenium_customer_view_requests,Success,True
.test_1_selenium_customer_view_requests,Total:211 Passed:188 Failed:0
1654180208996,525,selenium_customer_view_all_requests,Success,True
.test_1_selenium_customer_view_all_requests,Total:212 Passed:189 Failed:0
1654180211822,2640,selenium_customer_share_request_with_customer:search_for_customer_to_share_with,Success,True
1654180213413,1591,selenium_customer_share_request:share_request_with_customer,Success,True
1654180213413,4232,selenium_customer_share_request_with_customer,Success,True
.test_1_selenium_customer_share_request_with_customer,Total:213 Passed:190 Failed:0
1654180215006,1591,selenium_customer_add_comment,Success,True
.test_1_selenium_customer_add_comment,Total:214 Passed:191 Failed:0
stest_0_selenium_customer_insight_view_request,Total:215 Passed:191 Failed:0
1654180215615,606,selenium_customer_log_out,Success,True
.test_2_selenium_customer_z_log_out,Total:216 Passed:192 Failed:0


=============================== warnings summary ===============================
../../root/.bzt/python-packages/3.9.5/_pytest/config/__init__.py:1114
  /root/.bzt/python-packages/3.9.5/_pytest/config/__init__.py:1114: PytestAssertRewriteWarning: Module already imported so cannot be rewritten: apiritif
    self._mark_plugins_for_rewrite(hook)

-- Docs: https://docs.pytest.org/en/stable/warnings.html
=================== 8 passed, 1 skipped, 1 warning in 10.66s ===================
============================= test session starts ==============================
platform linux -- Python 3.9.5, pytest-6.2.5, py-1.11.0, pluggy-1.0.0
rootdir: /dc-app-performance-toolkit/app
plugins: apiritif-1.1.2, xdist-2.5.0, forked-1.4.0
collected 9 items

selenium_ui/jsm_ui_customers.py get driver from global
clear browser cookies
1654180215842,147,selenium_customer_login:open_login_page,Success,True
1654180216540,698,selenium_customer_login:login_and_view_portal,Success,True
1654180216541,845,selenium_customer_login,Success,True
.test_0_selenium_customer_a_login,Total:217 Passed:193 Failed:0
1654180217250,707,selenium_customer_create_request:browse_all_portals,Success,True
1654180217483,233,selenium_customer_create_request:view_portal,Success,True
1654180218237,754,selenium_customer_create_request:choose_request_type,Success,True
1654180218483,245,selenium_customer_create_request:create_and_submit_request,Success,True
1654180218483,1940,selenium_customer_create_request,Success,True
.test_1_selenium_customer_create_request,Total:218 Passed:194 Failed:0
1654180218703,218,selenium_customer_view_request,Success,True
.test_1_selenium_customer_view_request,Total:219 Passed:195 Failed:0
1654180219194,489,selenium_customer_view_requests,Success,True
.test_1_selenium_customer_view_requests,Total:220 Passed:196 Failed:0
1654180219639,443,selenium_customer_view_all_requests,Success,True
.test_1_selenium_customer_view_all_requests,Total:221 Passed:197 Failed:0
1654180222525,2726,selenium_customer_share_request_with_customer:search_for_customer_to_share_with,Success,True
1654180224113,1587,selenium_customer_share_request:share_request_with_customer,Success,True
1654180224113,4314,selenium_customer_share_request_with_customer,Success,True
.test_1_selenium_customer_share_request_with_customer,Total:222 Passed:198 Failed:0
1654180225603,1488,selenium_customer_add_comment,Success,True
.test_1_selenium_customer_add_comment,Total:223 Passed:199 Failed:0
stest_0_selenium_customer_insight_view_request,Total:224 Passed:199 Failed:0
1654180226215,609,selenium_customer_log_out,Success,True
.test_2_selenium_customer_z_log_out,Total:225 Passed:200 Failed:0


=============================== warnings summary ===============================
../../root/.bzt/python-packages/3.9.5/_pytest/config/__init__.py:1114
  /root/.bzt/python-packages/3.9.5/_pytest/config/__init__.py:1114: PytestAssertRewriteWarning: Module already imported so cannot be rewritten: apiritif
    self._mark_plugins_for_rewrite(hook)

-- Docs: https://docs.pytest.org/en/stable/warnings.html
=================== 8 passed, 1 skipped, 1 warning in 10.54s ===================
============================= test session starts ==============================
platform linux -- Python 3.9.5, pytest-6.2.5, py-1.11.0, pluggy-1.0.0
rootdir: /dc-app-performance-toolkit/app
plugins: apiritif-1.1.2, xdist-2.5.0, forked-1.4.0
collected 9 items

selenium_ui/jsm_ui_customers.py get driver from global
clear browser cookies
1654180226427,133,selenium_customer_login:open_login_page,Success,True
1654180227134,706,selenium_customer_login:login_and_view_portal,Success,True
1654180227134,840,selenium_customer_login,Success,True
.test_0_selenium_customer_a_login,Total:226 Passed:201 Failed:0
1654180227291,155,selenium_customer_create_request:browse_all_portals,Success,True
1654180227504,213,selenium_customer_create_request:view_portal,Success,True
1654180228209,704,selenium_customer_create_request:choose_request_type,Success,True
1654180228463,254,selenium_customer_create_request:create_and_submit_request,Success,True
1654180228463,1328,selenium_customer_create_request,Success,True
.test_1_selenium_customer_create_request,Total:227 Passed:202 Failed:0
1654180229001,535,selenium_customer_view_request,Success,True
.test_1_selenium_customer_view_request,Total:228 Passed:203 Failed:0
1654180229473,471,selenium_customer_view_requests,Success,True
.test_1_selenium_customer_view_requests,Total:229 Passed:204 Failed:0
1654180229925,450,selenium_customer_view_all_requests,Success,True
.test_1_selenium_customer_view_all_requests,Total:230 Passed:205 Failed:0
1654180233021,2666,selenium_customer_share_request_with_customer:search_for_customer_to_share_with,Success,True
1654180235131,2109,selenium_customer_share_request:share_request_with_customer,Success,True
1654180235131,4776,selenium_customer_share_request_with_customer,Success,True
.test_1_selenium_customer_share_request_with_customer,Total:231 Passed:206 Failed:0
1654180236994,1861,selenium_customer_add_comment,Success,True
.test_1_selenium_customer_add_comment,Total:232 Passed:207 Failed:0
stest_0_selenium_customer_insight_view_request,Total:233 Passed:207 Failed:0
1654180237302,305,selenium_customer_log_out,Success,True
.test_2_selenium_customer_z_log_out,Total:234 Passed:208 Failed:0


=============================== warnings summary ===============================
../../root/.bzt/python-packages/3.9.5/_pytest/config/__init__.py:1114
  /root/.bzt/python-packages/3.9.5/_pytest/config/__init__.py:1114: PytestAssertRewriteWarning: Module already imported so cannot be rewritten: apiritif
    self._mark_plugins_for_rewrite(hook)

-- Docs: https://docs.pytest.org/en/stable/warnings.html
=================== 8 passed, 1 skipped, 1 warning in 11.03s ===================
============================= test session starts ==============================
platform linux -- Python 3.9.5, pytest-6.2.5, py-1.11.0, pluggy-1.0.0
rootdir: /dc-app-performance-toolkit/app
plugins: apiritif-1.1.2, xdist-2.5.0, forked-1.4.0
collected 9 items

selenium_ui/jsm_ui_customers.py get driver from global
clear browser cookies
1654180237522,135,selenium_customer_login:open_login_page,Success,True
1654180237904,382,selenium_customer_login:login_and_view_portal,Success,True
1654180237904,517,selenium_customer_login,Success,True
.test_0_selenium_customer_a_login,Total:235 Passed:209 Failed:0
1654180238574,668,selenium_customer_create_request:browse_all_portals,Success,True
1654180238797,223,selenium_customer_create_request:view_portal,Success,True
1654180239512,714,selenium_customer_create_request:choose_request_type,Success,True
1654180239792,279,selenium_customer_create_request:create_and_submit_request,Success,True
1654180239792,1886,selenium_customer_create_request,Success,True
.test_1_selenium_customer_create_request,Total:236 Passed:210 Failed:0
1654180240019,226,selenium_customer_view_request,Success,True
.test_1_selenium_customer_view_request,Total:237 Passed:211 Failed:0
1654180240505,484,selenium_customer_view_requests,Success,True
.test_1_selenium_customer_view_requests,Total:238 Passed:212 Failed:0
1654180240961,453,selenium_customer_view_all_requests,Success,True
.test_1_selenium_customer_view_all_requests,Total:239 Passed:213 Failed:0
1654180243785,2646,selenium_customer_share_request_with_customer:search_for_customer_to_share_with,Success,True
1654180245372,1586,selenium_customer_share_request:share_request_with_customer,Success,True
1654180245372,4233,selenium_customer_share_request_with_customer,Success,True
.test_1_selenium_customer_share_request_with_customer,Total:240 Passed:214 Failed:0
1654180246868,1495,selenium_customer_add_comment,Success,True
.test_1_selenium_customer_add_comment,Total:241 Passed:215 Failed:0
stest_0_selenium_customer_insight_view_request,Total:242 Passed:215 Failed:0
1654180247476,605,selenium_customer_log_out,Success,True
.test_2_selenium_customer_z_log_out,Total:243 Passed:216 Failed:0


=============================== warnings summary ===============================
../../root/.bzt/python-packages/3.9.5/_pytest/config/__init__.py:1114
  /root/.bzt/python-packages/3.9.5/_pytest/config/__init__.py:1114: PytestAssertRewriteWarning: Module already imported so cannot be rewritten: apiritif
    self._mark_plugins_for_rewrite(hook)

-- Docs: https://docs.pytest.org/en/stable/warnings.html
=================== 8 passed, 1 skipped, 1 warning in 10.11s ===================
============================= test session starts ==============================
platform linux -- Python 3.9.5, pytest-6.2.5, py-1.11.0, pluggy-1.0.0
rootdir: /dc-app-performance-toolkit/app
plugins: apiritif-1.1.2, xdist-2.5.0, forked-1.4.0
collected 9 items

selenium_ui/jsm_ui_customers.py get driver from global
clear browser cookies
1654180247691,136,selenium_customer_login:open_login_page,Success,True
1654180248379,687,selenium_customer_login:login_and_view_portal,Success,True
1654180248379,824,selenium_customer_login,Success,True
.test_0_selenium_customer_a_login,Total:244 Passed:217 Failed:0
1654180249062,682,selenium_customer_create_request:browse_all_portals,Success,True
1654180249352,289,selenium_customer_create_request:view_portal,Success,True
1654180250089,736,selenium_customer_create_request:choose_request_type,Success,True
1654180250353,263,selenium_customer_create_request:create_and_submit_request,Success,True
1654180250353,1972,selenium_customer_create_request,Success,True
.test_1_selenium_customer_create_request,Total:245 Passed:218 Failed:0
1654180250788,434,selenium_customer_view_request,Success,True
.test_1_selenium_customer_view_request,Total:246 Passed:219 Failed:0
1654180251342,552,selenium_customer_view_requests,Success,True
.test_1_selenium_customer_view_requests,Total:247 Passed:220 Failed:0
1654180251895,551,selenium_customer_view_all_requests,Success,True
.test_1_selenium_customer_view_all_requests,Total:248 Passed:221 Failed:0
1654180255027,2705,selenium_customer_share_request_with_customer:search_for_customer_to_share_with,Success,True
1654180257131,2104,selenium_customer_share_request:share_request_with_customer,Success,True
1654180257131,4809,selenium_customer_share_request_with_customer,Success,True
.test_1_selenium_customer_share_request_with_customer,Total:249 Passed:222 Failed:0
1654180258929,1796,selenium_customer_add_comment,Success,True
.test_1_selenium_customer_add_comment,Total:250 Passed:223 Failed:0
stest_0_selenium_customer_insight_view_request,Total:251 Passed:223 Failed:0
1654180259549,616,selenium_customer_log_out,Success,True
.test_2_selenium_customer_z_log_out,Total:252 Passed:224 Failed:0


=============================== warnings summary ===============================
../../root/.bzt/python-packages/3.9.5/_pytest/config/__init__.py:1114
  /root/.bzt/python-packages/3.9.5/_pytest/config/__init__.py:1114: PytestAssertRewriteWarning: Module already imported so cannot be rewritten: apiritif
    self._mark_plugins_for_rewrite(hook)

-- Docs: https://docs.pytest.org/en/stable/warnings.html
=================== 8 passed, 1 skipped, 1 warning in 12.02s ===================
============================= test session starts ==============================
platform linux -- Python 3.9.5, pytest-6.2.5, py-1.11.0, pluggy-1.0.0
rootdir: /dc-app-performance-toolkit/app
plugins: apiritif-1.1.2, xdist-2.5.0, forked-1.4.0
collected 9 items

selenium_ui/jsm_ui_customers.py get driver from global
clear browser cookies
1654180259803,160,selenium_customer_login:open_login_page,Success,True
1654180260213,409,selenium_customer_login:login_and_view_portal,Success,True
1654180260213,570,selenium_customer_login,Success,True
.test_0_selenium_customer_a_login,Total:253 Passed:225 Failed:0
1654180260905,689,selenium_customer_create_request:browse_all_portals,Success,True
1654180261121,215,selenium_customer_create_request:view_portal,Success,True
1654180261789,667,selenium_customer_create_request:choose_request_type,Success,True
1654180262087,298,selenium_customer_create_request:create_and_submit_request,Success,True
1654180262087,1872,selenium_customer_create_request,Success,True
.test_1_selenium_customer_create_request,Total:254 Passed:226 Failed:0
1654180262805,716,selenium_customer_view_request,Success,True
.test_1_selenium_customer_view_request,Total:255 Passed:227 Failed:0
1654180263280,474,selenium_customer_view_requests,Success,True
.test_1_selenium_customer_view_requests,Total:256 Passed:228 Failed:0
1654180263707,425,selenium_customer_view_all_requests,Success,True
.test_1_selenium_customer_view_all_requests,Total:257 Passed:229 Failed:0
1654180267044,2660,selenium_customer_share_request_with_customer:search_for_customer_to_share_with,Success,True
1654180269687,2643,selenium_customer_share_request:share_request_with_customer,Success,True
1654180269687,5304,selenium_customer_share_request_with_customer,Success,True
.test_1_selenium_customer_share_request_with_customer,Total:258 Passed:230 Failed:0
1654180271710,2022,selenium_customer_add_comment,Success,True
.test_1_selenium_customer_add_comment,Total:259 Passed:231 Failed:0
stest_0_selenium_customer_insight_view_request,Total:260 Passed:231 Failed:0
1654180272383,669,selenium_customer_log_out,Success,True
.test_2_selenium_customer_z_log_out,Total:261 Passed:232 Failed:0


=============================== warnings summary ===============================
../../root/.bzt/python-packages/3.9.5/_pytest/config/__init__.py:1114
  /root/.bzt/python-packages/3.9.5/_pytest/config/__init__.py:1114: PytestAssertRewriteWarning: Module already imported so cannot be rewritten: apiritif
    self._mark_plugins_for_rewrite(hook)

-- Docs: https://docs.pytest.org/en/stable/warnings.html
=================== 8 passed, 1 skipped, 1 warning in 12.76s ===================
============================= test session starts ==============================
platform linux -- Python 3.9.5, pytest-6.2.5, py-1.11.0, pluggy-1.0.0
rootdir: /dc-app-performance-toolkit/app
plugins: apiritif-1.1.2, xdist-2.5.0, forked-1.4.0
collected 9 items

selenium_ui/jsm_ui_customers.py get driver from global
clear browser cookies
1654180272683,150,selenium_customer_login:open_login_page,Success,True
1654180273397,714,selenium_customer_login:login_and_view_portal,Success,True
1654180273397,865,selenium_customer_login,Success,True
.test_0_selenium_customer_a_login,Total:262 Passed:233 Failed:0
1654180274044,645,selenium_customer_create_request:browse_all_portals,Success,True
1654180274210,166,selenium_customer_create_request:view_portal,Success,True
1654180274974,762,selenium_customer_create_request:choose_request_type,Success,True
1654180275285,311,selenium_customer_create_request:create_and_submit_request,Success,True
1654180275285,1886,selenium_customer_create_request,Success,True
.test_1_selenium_customer_create_request,Total:263 Passed:234 Failed:0
1654180276701,1414,selenium_customer_view_request,Success,True
.test_1_selenium_customer_view_request,Total:264 Passed:235 Failed:0
1654180277291,587,selenium_customer_view_requests,Success,True
.test_1_selenium_customer_view_requests,Total:265 Passed:236 Failed:0
1654180277835,542,selenium_customer_view_all_requests,Success,True
.test_1_selenium_customer_view_all_requests,Total:266 Passed:237 Failed:0
1654180281893,2725,selenium_customer_share_request_with_customer:search_for_customer_to_share_with,Success,True
1654180285036,3142,selenium_customer_share_request:share_request_with_customer,Success,True
1654180285036,5868,selenium_customer_share_request_with_customer,Success,True
.test_1_selenium_customer_share_request_with_customer,Total:267 Passed:238 Failed:0
1654180287881,2843,selenium_customer_add_comment,Success,True
.test_1_selenium_customer_add_comment,Total:268 Passed:239 Failed:0
stest_0_selenium_customer_insight_view_request,Total:269 Passed:239 Failed:0
1654180288504,619,selenium_customer_log_out,Success,True
.test_2_selenium_customer_z_log_out,Total:270 Passed:240 Failed:0


=============================== warnings summary ===============================
../../root/.bzt/python-packages/3.9.5/_pytest/config/__init__.py:1114
  /root/.bzt/python-packages/3.9.5/_pytest/config/__init__.py:1114: PytestAssertRewriteWarning: Module already imported so cannot be rewritten: apiritif
    self._mark_plugins_for_rewrite(hook)

-- Docs: https://docs.pytest.org/en/stable/warnings.html
=================== 8 passed, 1 skipped, 1 warning in 16.00s ===================
============================= test session starts ==============================
platform linux -- Python 3.9.5, pytest-6.2.5, py-1.11.0, pluggy-1.0.0
rootdir: /dc-app-performance-toolkit/app
plugins: apiritif-1.1.2, xdist-2.5.0, forked-1.4.0
collected 9 items

selenium_ui/jsm_ui_customers.py get driver from global
clear browser cookies
[...]
1654182535323,2622,selenium_customer_share_request_with_customer:search_for_customer_to_share_with,Success,True
1654182536930,1606,selenium_customer_share_request:share_request_with_customer,Success,True
1654182536930,4229,selenium_customer_share_request_with_customer,Success,True
.test_1_selenium_customer_share_request_with_customer,Total:2085 Passed:1854 Failed:0
1654182538471,1540,selenium_customer_add_comment,Success,True
.test_1_selenium_customer_add_comment,Total:2086 Passed:1855 Failed:0
stest_0_selenium_customer_insight_view_request,Total:2087 Passed:1855 Failed:0
1654182539086,612,selenium_customer_log_out,Success,True
.test_2_selenium_customer_z_log_out,Total:2088 Passed:1856 Failed:0


=============================== warnings summary ===============================
../../root/.bzt/python-packages/3.9.5/_pytest/config/__init__.py:1114
  /root/.bzt/python-packages/3.9.5/_pytest/config/__init__.py:1114: PytestAssertRewriteWarning: Module already imported so cannot be rewritten: apiritif
    self._mark_plugins_for_rewrite(hook)

-- Docs: https://docs.pytest.org/en/stable/warnings.html
=================== 8 passed, 1 skipped, 1 warning in 10.70s ===================
============================= test session starts ==============================
platform linux -- Python 3.9.5, pytest-6.2.5, py-1.11.0, pluggy-1.0.0
rootdir: /dc-app-performance-toolkit/app
plugins: apiritif-1.1.2, xdist-2.5.0, forked-1.4.0
collected 9 items

selenium_ui/jsm_ui_customers.py get driver from global
clear browser cookies
1654182539365,135,selenium_customer_login:open_login_page,Success,True
1654182540077,711,selenium_customer_login:login_and_view_portal,Success,True
1654182540077,846,selenium_customer_login,Success,True
.test_0_selenium_customer_a_login,Total:2089 Passed:1857 Failed:0
1654182540754,675,selenium_customer_create_request:browse_all_portals,Success,True
1654182540976,221,selenium_customer_create_request:view_portal,Success,True
1654182541658,681,selenium_customer_create_request:choose_request_type,Success,True
1654182541897,239,selenium_customer_create_request:create_and_submit_request,Success,True
1654182541897,1818,selenium_customer_create_request,Success,True
.test_1_selenium_customer_create_request,Total:2090 Passed:1858 Failed:0
1654182542114,215,selenium_customer_view_request,Success,True
.test_1_selenium_customer_view_request,Total:2091 Passed:1859 Failed:0
1654182542685,569,selenium_customer_view_requests,Success,True
.test_1_selenium_customer_view_requests,Total:2092 Passed:1860 Failed:0
1654182543143,456,selenium_customer_view_all_requests,Success,True
.test_1_selenium_customer_view_all_requests,Total:2093 Passed:1861 Failed:0
1654182545940,2631,selenium_customer_share_request_with_customer:search_for_customer_to_share_with,Success,True
1654182547535,1594,selenium_customer_share_request:share_request_with_customer,Success,True
1654182547535,4226,selenium_customer_share_request_with_customer,Success,True
.test_1_selenium_customer_share_request_with_customer,Total:2094 Passed:1862 Failed:0
1654182549037,1501,selenium_customer_add_comment,Success,True
.test_1_selenium_customer_add_comment,Total:2095 Passed:1863 Failed:0
stest_0_selenium_customer_insight_view_request,Total:2096 Passed:1863 Failed:0
1654182549652,612,selenium_customer_log_out,Success,True
.test_2_selenium_customer_z_log_out,Total:2097 Passed:1864 Failed:0


=============================== warnings summary ===============================
../../root/.bzt/python-packages/3.9.5/_pytest/config/__init__.py:1114
  /root/.bzt/python-packages/3.9.5/_pytest/config/__init__.py:1114: PytestAssertRewriteWarning: Module already imported so cannot be rewritten: apiritif
    self._mark_plugins_for_rewrite(hook)

-- Docs: https://docs.pytest.org/en/stable/warnings.html
=================== 8 passed, 1 skipped, 1 warning in 10.45s ===================
============================= test session starts ==============================
platform linux -- Python 3.9.5, pytest-6.2.5, py-1.11.0, pluggy-1.0.0
rootdir: /dc-app-performance-toolkit/app
plugins: apiritif-1.1.2, xdist-2.5.0, forked-1.4.0
collected 9 items

selenium_ui/jsm_ui_customers.py get driver from global
clear browser cookies
1654182549890,147,selenium_customer_login:open_login_page,Success,True
1654182550598,708,selenium_customer_login:login_and_view_portal,Success,True
1654182550598,855,selenium_customer_login,Success,True
.test_0_selenium_customer_a_login,Total:2098 Passed:1865 Failed:0
1654182551266,666,selenium_customer_create_request:browse_all_portals,Success,True
1654182551505,239,selenium_customer_create_request:view_portal,Success,True
1654182552232,726,selenium_customer_create_request:choose_request_type,Success,True
1654182552551,318,selenium_customer_create_request:create_and_submit_request,Success,True
1654182552551,1951,selenium_customer_create_request,Success,True
.test_1_selenium_customer_create_request,Total:2099 Passed:1866 Failed:0
1654182552780,227,selenium_customer_view_request,Success,True
.test_1_selenium_customer_view_request,Total:2100 Passed:1867 Failed:0
1654182553302,520,selenium_customer_view_requests,Success,True
.test_1_selenium_customer_view_requests,Total:2101 Passed:1868 Failed:0
1654182553841,537,selenium_customer_view_all_requests,Success,True
.test_1_selenium_customer_view_all_requests,Total:2102 Passed:1869 Failed:0
1654182556715,2662,selenium_customer_share_request_with_customer:search_for_customer_to_share_with,Success,True
1654182558311,1595,selenium_customer_share_request:share_request_with_customer,Success,True
1654182558311,4257,selenium_customer_share_request_with_customer,Success,True
.test_1_selenium_customer_share_request_with_customer,Total:2103 Passed:1870 Failed:0
1654182560009,1696,selenium_customer_add_comment,Success,True
.test_1_selenium_customer_add_comment,Total:2104 Passed:1871 Failed:0
stest_0_selenium_customer_insight_view_request,Total:2105 Passed:1871 Failed:0
1654182560627,615,selenium_customer_log_out,Success,True
.test_2_selenium_customer_z_log_out,Total:2106 Passed:1872 Failed:0


=============================== warnings summary ===============================
../../root/.bzt/python-packages/3.9.5/_pytest/config/__init__.py:1114
  /root/.bzt/python-packages/3.9.5/_pytest/config/__init__.py:1114: PytestAssertRewriteWarning: Module already imported so cannot be rewritten: apiritif
    self._mark_plugins_for_rewrite(hook)

-- Docs: https://docs.pytest.org/en/stable/warnings.html
=================== 8 passed, 1 skipped, 1 warning in 10.91s ===================
============================= test session starts ==============================
platform linux -- Python 3.9.5, pytest-6.2.5, py-1.11.0, pluggy-1.0.0
rootdir: /dc-app-performance-toolkit/app
plugins: apiritif-1.1.2, xdist-2.5.0, forked-1.4.0
collected 9 items

selenium_ui/jsm_ui_customers.py get driver from global
clear browser cookies
1654182560854,142,selenium_customer_login:open_login_page,Success,True
1654182561767,912,selenium_customer_login:login_and_view_portal,Success,True
1654182561767,1055,selenium_customer_login,Success,True
.test_0_selenium_customer_a_login,Total:2107 Passed:1873 Failed:0
1654182561927,159,selenium_customer_create_request:browse_all_portals,Success,True
1654182562101,173,selenium_customer_create_request:view_portal,Success,True
1654182562789,688,selenium_customer_create_request:choose_request_type,Success,True
1654182563001,211,selenium_customer_create_request:create_and_submit_request,Success,True
1654182563002,1233,selenium_customer_create_request,Success,True
.test_1_selenium_customer_create_request,Total:2108 Passed:1874 Failed:0
1654182563225,222,selenium_customer_view_request,Success,True
.test_1_selenium_customer_view_request,Total:2109 Passed:1875 Failed:0
1654182563693,467,selenium_customer_view_requests,Success,True
.test_1_selenium_customer_view_requests,Total:2110 Passed:1876 Failed:0
1654182564107,412,selenium_customer_view_all_requests,Success,True
.test_1_selenium_customer_view_all_requests,Total:2111 Passed:1877 Failed:0
1654182566902,2620,selenium_customer_share_request_with_customer:search_for_customer_to_share_with,Success,True
1654182568493,1590,selenium_customer_share_request:share_request_with_customer,Success,True
1654182568493,4211,selenium_customer_share_request_with_customer,Success,True
.test_1_selenium_customer_share_request_with_customer,Total:2112 Passed:1878 Failed:0
1654182570057,1562,selenium_customer_add_comment,Success,True
.test_1_selenium_customer_add_comment,Total:2113 Passed:1879 Failed:0
stest_0_selenium_customer_insight_view_request,Total:2114 Passed:1879 Failed:0
1654182570675,614,selenium_customer_log_out,Success,True
.test_2_selenium_customer_z_log_out,Total:2115 Passed:1880 Failed:0


=============================== warnings summary ===============================
../../root/.bzt/python-packages/3.9.5/_pytest/config/__init__.py:1114
  /root/.bzt/python-packages/3.9.5/_pytest/config/__init__.py:1114: PytestAssertRewriteWarning: Module already imported so cannot be rewritten: apiritif
    self._mark_plugins_for_rewrite(hook)

-- Docs: https://docs.pytest.org/en/stable/warnings.html
=================== 8 passed, 1 skipped, 1 warning in 9.99s ====================
============================= test session starts ==============================
platform linux -- Python 3.9.5, pytest-6.2.5, py-1.11.0, pluggy-1.0.0
rootdir: /dc-app-performance-toolkit/app
plugins: apiritif-1.1.2, xdist-2.5.0, forked-1.4.0
collected 9 items

selenium_ui/jsm_ui_customers.py get driver from global
clear browser cookies
1654182570927,160,selenium_customer_login:open_login_page,Success,True
1654182571622,691,selenium_customer_login:login_and_view_portal,Success,True
1654182571622,855,selenium_customer_login,Success,True
.test_0_selenium_customer_a_login,Total:2116 Passed:1881 Failed:0
1654182572269,645,selenium_customer_create_request:browse_all_portals,Success,True
1654182572466,197,selenium_customer_create_request:view_portal,Success,True
1654182573206,739,selenium_customer_create_request:choose_request_type,Success,True
1654182573835,628,selenium_customer_create_request:create_and_submit_request,Success,True
1654182573835,2211,selenium_customer_create_request,Success,True
.test_1_selenium_customer_create_request,Total:2117 Passed:1882 Failed:0
1654182574417,581,selenium_customer_view_request,Success,True
.test_1_selenium_customer_view_request,Total:2118 Passed:1883 Failed:0
1654182575036,617,selenium_customer_view_requests,Success,True
.test_1_selenium_customer_view_requests,Total:2119 Passed:1884 Failed:0
1654182575623,585,selenium_customer_view_all_requests,Success,True
.test_1_selenium_customer_view_all_requests,Total:2120 Passed:1885 Failed:0
1654182578857,2671,selenium_customer_share_request_with_customer:search_for_customer_to_share_with,Success,True
1654182581011,2153,selenium_customer_share_request:share_request_with_customer,Success,True
1654182581011,4825,selenium_customer_share_request_with_customer,Success,True
.test_1_selenium_customer_share_request_with_customer,Total:2121 Passed:1886 Failed:0
1654182582967,1954,selenium_customer_add_comment,Success,True
.test_1_selenium_customer_add_comment,Total:2122 Passed:1887 Failed:0
stest_0_selenium_customer_insight_view_request,Total:2123 Passed:1887 Failed:0
1654182583582,613,selenium_customer_log_out,Success,True
.test_2_selenium_customer_z_log_out,Total:2124 Passed:1888 Failed:0


=============================== warnings summary ===============================
../../root/.bzt/python-packages/3.9.5/_pytest/config/__init__.py:1114
  /root/.bzt/python-packages/3.9.5/_pytest/config/__init__.py:1114: PytestAssertRewriteWarning: Module already imported so cannot be rewritten: apiritif
    self._mark_plugins_for_rewrite(hook)

-- Docs: https://docs.pytest.org/en/stable/warnings.html
=================== 8 passed, 1 skipped, 1 warning in 12.84s ===================
============================= test session starts ==============================
platform linux -- Python 3.9.5, pytest-6.2.5, py-1.11.0, pluggy-1.0.0
rootdir: /dc-app-performance-toolkit/app
plugins: apiritif-1.1.2, xdist-2.5.0, forked-1.4.0
collected 9 items

selenium_ui/jsm_ui_customers.py get driver from global
clear browser cookies
1654182583813,152,selenium_customer_login:open_login_page,Success,True
1654182584502,688,selenium_customer_login:login_and_view_portal,Success,True
1654182584502,841,selenium_customer_login,Success,True
.test_0_selenium_customer_a_login,Total:2125 Passed:1889 Failed:0
1654182585148,644,selenium_customer_create_request:browse_all_portals,Success,True
1654182585315,166,selenium_customer_create_request:view_portal,Success,True
1654182586046,730,selenium_customer_create_request:choose_request_type,Success,True
1654182586300,253,selenium_customer_create_request:create_and_submit_request,Success,True
1654182586300,1796,selenium_customer_create_request,Success,True
.test_1_selenium_customer_create_request,Total:2126 Passed:1890 Failed:0
1654182586632,330,selenium_customer_view_request,Success,True
.test_1_selenium_customer_view_request,Total:2127 Passed:1891 Failed:0
1654182587250,616,selenium_customer_view_requests,Success,True
.test_1_selenium_customer_view_requests,Total:2128 Passed:1892 Failed:0
1654182587803,551,selenium_customer_view_all_requests,Success,True
.test_1_selenium_customer_view_all_requests,Total:2129 Passed:1893 Failed:0
1654182590726,2647,selenium_customer_share_request_with_customer:search_for_customer_to_share_with,Success,True
1654182592322,1595,selenium_customer_share_request:share_request_with_customer,Success,True
1654182592322,4244,selenium_customer_share_request_with_customer,Success,True
.test_1_selenium_customer_share_request_with_customer,Total:2130 Passed:1894 Failed:0
1654182593969,1644,selenium_customer_add_comment,Success,True
.test_1_selenium_customer_add_comment,Total:2131 Passed:1895 Failed:0
stest_0_selenium_customer_insight_view_request,Total:2132 Passed:1895 Failed:0
1654182594575,603,selenium_customer_log_out,Success,True
.test_2_selenium_customer_z_log_out,Total:2133 Passed:1896 Failed:0


=============================== warnings summary ===============================
../../root/.bzt/python-packages/3.9.5/_pytest/config/__init__.py:1114
  /root/.bzt/python-packages/3.9.5/_pytest/config/__init__.py:1114: PytestAssertRewriteWarning: Module already imported so cannot be rewritten: apiritif
    self._mark_plugins_for_rewrite(hook)

-- Docs: https://docs.pytest.org/en/stable/warnings.html
=================== 8 passed, 1 skipped, 1 warning in 10.93s ===================
============================= test session starts ==============================
platform linux -- Python 3.9.5, pytest-6.2.5, py-1.11.0, pluggy-1.0.0
rootdir: /dc-app-performance-toolkit/app
plugins: apiritif-1.1.2, xdist-2.5.0, forked-1.4.0
collected 9 items

selenium_ui/jsm_ui_customers.py get driver from global
clear browser cookies
1654182594820,145,selenium_customer_login:open_login_page,Success,True
1654182595534,713,selenium_customer_login:login_and_view_portal,Success,True
1654182595534,860,selenium_customer_login,Success,True
.test_0_selenium_customer_a_login,Total:2134 Passed:1897 Failed:0
1654182596199,662,selenium_customer_create_request:browse_all_portals,Success,True
1654182596418,219,selenium_customer_create_request:view_portal,Success,True
1654182597166,748,selenium_customer_create_request:choose_request_type,Success,True
1654182597419,252,selenium_customer_create_request:create_and_submit_request,Success,True
1654182597419,1882,selenium_customer_create_request,Success,True
.test_1_selenium_customer_create_request,Total:2135 Passed:1898 Failed:0
1654182598704,1284,selenium_customer_view_request,Success,True
.test_1_selenium_customer_view_request,Total:2136 Passed:1899 Failed:0
1654182599257,551,selenium_customer_view_requests,Success,True
.test_1_selenium_customer_view_requests,Total:2137 Passed:1900 Failed:0
1654182599819,560,selenium_customer_view_all_requests,Success,True
.test_1_selenium_customer_view_all_requests,Total:2138 Passed:1901 Failed:0
1654182603784,2633,selenium_customer_share_request_with_customer:search_for_customer_to_share_with,Success,True
1654182606914,3129,selenium_customer_share_request:share_request_with_customer,Success,True
1654182606914,5763,selenium_customer_share_request_with_customer,Success,True
.test_1_selenium_customer_share_request_with_customer,Total:2139 Passed:1902 Failed:0
1654182609550,2635,selenium_customer_add_comment,Success,True
.test_1_selenium_customer_add_comment,Total:2140 Passed:1903 Failed:0
stest_0_selenium_customer_insight_view_request,Total:2141 Passed:1903 Failed:0
1654182610177,624,selenium_customer_log_out,Success,True
.test_2_selenium_customer_z_log_out,Total:2142 Passed:1904 Failed:0


=============================== warnings summary ===============================
../../root/.bzt/python-packages/3.9.5/_pytest/config/__init__.py:1114
  /root/.bzt/python-packages/3.9.5/_pytest/config/__init__.py:1114: PytestAssertRewriteWarning: Module already imported so cannot be rewritten: apiritif
    self._mark_plugins_for_rewrite(hook)

-- Docs: https://docs.pytest.org/en/stable/warnings.html
=================== 8 passed, 1 skipped, 1 warning in 15.53s ===================
============================= test session starts ==============================
platform linux -- Python 3.9.5, pytest-6.2.5, py-1.11.0, pluggy-1.0.0
rootdir: /dc-app-performance-toolkit/app
plugins: apiritif-1.1.2, xdist-2.5.0, forked-1.4.0
collected 9 items

selenium_ui/jsm_ui_customers.py get driver from global
clear browser cookies
1654182610394,138,selenium_customer_login:open_login_page,Success,True
1654182611090,695,selenium_customer_login:login_and_view_portal,Success,True
1654182611090,834,selenium_customer_login,Success,True
.test_0_selenium_customer_a_login,Total:2143 Passed:1905 Failed:0
1654182611733,641,selenium_customer_create_request:browse_all_portals,Success,True
1654182611956,222,selenium_customer_create_request:view_portal,Success,True
1654182612689,732,selenium_customer_create_request:choose_request_type,Success,True
1654182612948,259,selenium_customer_create_request:create_and_submit_request,Success,True
1654182612949,1857,selenium_customer_create_request,Success,True
.test_1_selenium_customer_create_request,Total:2144 Passed:1906 Failed:0
1654182613165,214,selenium_customer_view_request,Success,True
.test_1_selenium_customer_view_request,Total:2145 Passed:1907 Failed:0
1654182613636,469,selenium_customer_view_requests,Success,True
.test_1_selenium_customer_view_requests,Total:2146 Passed:1908 Failed:0
1654182614075,437,selenium_customer_view_all_requests,Success,True
.test_1_selenium_customer_view_all_requests,Total:2147 Passed:1909 Failed:0
1654182616905,2648,selenium_customer_share_request_with_customer:search_for_customer_to_share_with,Success,True
1654182618500,1595,selenium_customer_share_request:share_request_with_customer,Success,True
1654182618500,4244,selenium_customer_share_request_with_customer,Success,True
.test_1_selenium_customer_share_request_with_customer,Total:2148 Passed:1910 Failed:0
1654182620065,1562,selenium_customer_add_comment,Success,True
.test_1_selenium_customer_add_comment,Total:2149 Passed:1911 Failed:0
stest_0_selenium_customer_insight_view_request,Total:2150 Passed:1911 Failed:0
1654182621186,1118,selenium_customer_log_out,Success,True
.test_2_selenium_customer_z_log_out,Total:2151 Passed:1912 Failed:0


=============================== warnings summary ===============================
../../root/.bzt/python-packages/3.9.5/_pytest/config/__init__.py:1114
  /root/.bzt/python-packages/3.9.5/_pytest/config/__init__.py:1114: PytestAssertRewriteWarning: Module already imported so cannot be rewritten: apiritif
    self._mark_plugins_for_rewrite(hook)

-- Docs: https://docs.pytest.org/en/stable/warnings.html
=================== 8 passed, 1 skipped, 1 warning in 10.95s ===================
